0,status,1,SEER,ALIVE,Sample7
0,status,2,MEDIUM,ALIVE,Sample6
0,status,3,VILLAGER,ALIVE,Sample5
0,status,4,WEREWOLF,ALIVE,Sample4
0,status,5,VILLAGER,ALIVE,Sample3
0,status,6,BODYGUARD,ALIVE,Sample2
0,status,7,POSSESSED,ALIVE,Sample1
0,status,8,WEREWOLF,ALIVE,omgus49
0,status,9,VILLAGER,ALIVE,omgus76
0,status,10,VILLAGER,ALIVE,reporter
0,whisper,0,0,8,ATTACK Agent[01]
0,whisper,1,0,4,COMINGOUT Agent[04] VILLAGER
0,whisper,2,1,4,Skip
0,whisper,3,1,8,ATTACK Agent[01]
0,whisper,4,2,4,Skip
0,whisper,5,2,8,ATTACK Agent[01]
0,whisper,6,3,8,ATTACK Agent[01]
0,whisper,7,3,4,Over
0,whisper,8,4,4,Over
0,whisper,9,4,8,ATTACK Agent[01]
0,whisper,10,5,4,Over
0,whisper,11,5,8,ATTACK Agent[01]
0,whisper,12,6,8,ATTACK Agent[01]
0,whisper,13,6,4,Over
0,whisper,14,7,4,Over
0,whisper,15,7,8,ATTACK Agent[01]
0,whisper,16,8,4,Over
0,whisper,17,8,8,ATTACK Agent[01]
0,whisper,18,9,4,Over
0,whisper,19,9,8,ATTACK Agent[01]
0,whisper,20,10,8,Over
0,whisper,21,10,4,Over
0,divine,1,8,WEREWOLF
1,status,1,SEER,ALIVE,Sample7
1,status,2,MEDIUM,ALIVE,Sample6
1,status,3,VILLAGER,ALIVE,Sample5
1,status,4,WEREWOLF,ALIVE,Sample4
1,status,5,VILLAGER,ALIVE,Sample3
1,status,6,BODYGUARD,ALIVE,Sample2
1,status,7,POSSESSED,ALIVE,Sample1
1,status,8,WEREWOLF,ALIVE,omgus49
1,status,9,VILLAGER,ALIVE,omgus76
1,status,10,VILLAGER,ALIVE,reporter
1,talk,0,0,9,ESTIMATE Agent[01] WEREWOLF
1,talk,1,0,3,VOTE Agent[01]
1,talk,2,0,8,REQUEST ANY (VOTE Agent[01])
1,talk,3,0,1,COMINGOUT Agent[01] SEER
1,talk,4,0,10,Over
1,talk,5,0,2,VOTE Agent[07]
1,talk,6,0,6,VOTE Agent[08]
1,talk,7,0,4,VOTE Agent[09]
1,talk,8,0,7,COMINGOUT Agent[07] SEER
1,talk,9,0,5,VOTE Agent[10]
1,talk,10,1,9,ESTIMATE Agent[04] WEREWOLF
1,talk,11,1,6,REQUEST ANY (VOTE Agent[08])
1,talk,12,1,4,REQUEST ANY (VOTE Agent[09])
1,talk,13,1,5,REQUEST ANY (VOTE Agent[10])
1,talk,14,1,3,REQUEST ANY (VOTE Agent[01])
1,talk,15,1,2,REQUEST ANY (VOTE Agent[07])
1,talk,16,1,8,REQUEST ANY (VOTE Agent[06])
1,talk,17,1,10,Over
1,talk,18,1,7,DAY 1 (DIVINED Agent[01] WEREWOLF)
1,talk,19,1,1,DAY 1 (DIVINED Agent[08] WEREWOLF)
1,talk,20,2,8,REQUEST ANY (VOTE Agent[06])
1,talk,21,2,10,Over
1,talk,22,2,6,Skip
1,talk,23,2,1,DIVINED Agent[08] WEREWOLF
1,talk,24,2,2,Skip
1,talk,25,2,4,Skip
1,talk,26,2,9,ESTIMATE Agent[04] WEREWOLF
1,talk,27,2,7,DIVINED Agent[01] WEREWOLF
1,talk,28,2,3,Skip
1,talk,29,2,5,Skip
1,talk,30,3,9,ESTIMATE Agent[04] WEREWOLF
1,talk,31,3,8,VOTE Agent[01]
1,talk,32,3,3,Skip
1,talk,33,3,10,Over
1,talk,34,3,1,BECAUSE (DAY 1 (DIVINED Agent[08] WEREWOLF)) (AND (VOTE Agent[08]) (REQUEST ANY (VOTE Agent[08])))
1,talk,35,3,4,Skip
1,talk,36,3,6,Skip
1,talk,37,3,7,BECAUSE (DAY 1 (DIVINED Agent[01] WEREWOLF)) (AND (VOTE Agent[01]) (REQUEST ANY (VOTE Agent[01])))
1,talk,38,3,5,Skip
1,talk,39,3,2,Skip
1,talk,40,4,2,Over
1,talk,41,4,7,VOTE Agent[01]
1,talk,42,4,9,ESTIMATE Agent[04] WEREWOLF
1,talk,43,4,3,Over
1,talk,44,4,10,Over
1,talk,45,4,5,Over
1,talk,46,4,8,ESTIMATE Agent[01] WEREWOLF
1,talk,47,4,6,Over
1,talk,48,4,1,VOTE Agent[08]
1,talk,49,4,4,Over
1,talk,50,5,1,REQUEST ANY (VOTE Agent[08])
1,talk,51,5,7,REQUEST ANY (VOTE Agent[01])
1,talk,52,5,5,Over
1,talk,53,5,3,Over
1,talk,54,5,4,Over
1,talk,55,5,2,Over
1,talk,56,5,9,ESTIMATE Agent[04] WEREWOLF
1,talk,57,5,10,Over
1,talk,58,5,8,VOTE Agent[01]
1,talk,59,5,6,Over
1,talk,60,6,10,Over
1,talk,61,6,9,ESTIMATE Agent[04] WEREWOLF
1,talk,62,6,5,Over
1,talk,63,6,4,Over
1,talk,64,6,2,Over
1,talk,65,6,3,Over
1,talk,66,6,7,Skip
1,talk,67,6,8,ESTIMATE Agent[01] WEREWOLF
1,talk,68,6,1,Skip
1,talk,69,6,6,Over
1,talk,70,7,1,Skip
1,talk,71,7,4,Over
1,talk,72,7,9,VOTE Agent[04]
1,talk,73,7,3,Over
1,talk,74,7,2,Over
1,talk,75,7,6,Over
1,talk,76,7,8,REQUEST ANY (VOTE Agent[01])
1,talk,77,7,5,Over
1,talk,78,7,7,Skip
1,talk,79,7,10,Over
1,talk,80,8,9,ESTIMATE Agent[04] WEREWOLF
1,talk,81,8,10,Over
1,talk,82,8,3,Over
1,talk,83,8,2,Over
1,talk,84,8,5,Over
1,talk,85,8,8,VOTE Agent[01]
1,talk,86,8,4,Over
1,talk,87,8,6,Over
1,talk,88,8,7,Over
1,talk,89,8,1,Over
1,talk,90,9,6,Over
1,talk,91,9,4,Over
1,talk,92,9,3,Over
1,talk,93,9,10,Over
1,talk,94,9,7,Over
1,talk,95,9,9,ESTIMATE Agent[04] WEREWOLF
1,talk,96,9,5,Over
1,talk,97,9,1,Over
1,talk,98,9,2,Over
1,talk,99,9,8,ESTIMATE Agent[01] WEREWOLF
1,talk,100,10,10,Over
1,talk,101,10,8,Over
1,talk,102,10,6,Over
1,talk,103,10,7,Over
1,talk,104,10,9,Over
1,talk,105,10,1,Over
1,talk,106,10,5,Over
1,talk,107,10,2,Over
1,talk,108,10,3,Over
1,talk,109,10,4,Over
1,vote,1,8
1,vote,2,9
1,vote,3,9
1,vote,4,9
1,vote,5,1
1,vote,6,1
1,vote,7,1
1,vote,8,1
1,vote,9,4
1,vote,10,3
1,execute,1,SEER
1,whisper,0,0,8,ATTACK Agent[01]
1,whisper,1,0,4,BECAUSE (AND (NOT (COMINGOUT Agent[07] WEREWOLF)) (NOT (COMINGOUT Agent[01] WEREWOLF)) (DAY 1 (Agent[07] DIVINED Agent[01] WEREWOLF))) (ESTIMATE Agent[07] POSSESSED)
1,whisper,2,1,8,ATTACK Agent[01]
1,whisper,3,1,4,ATTACK Agent[02]
1,whisper,4,2,4,Skip
1,whisper,5,2,8,ATTACK Agent[01]
1,whisper,6,3,8,ATTACK Agent[01]
1,whisper,7,3,4,Skip
1,whisper,8,4,8,ATTACK Agent[01]
1,whisper,9,4,4,Over
1,whisper,10,5,4,Over
1,whisper,11,5,8,ATTACK Agent[01]
1,whisper,12,6,8,ATTACK Agent[01]
1,whisper,13,6,4,Over
1,whisper,14,7,4,Over
1,whisper,15,7,8,ATTACK Agent[01]
1,whisper,16,8,4,Over
1,whisper,17,8,8,ATTACK Agent[01]
1,whisper,18,9,8,ATTACK Agent[01]
1,whisper,19,9,4,Over
1,whisper,20,10,4,Over
1,whisper,21,10,8,Over
1,guard,6,7,POSSESSED
1,attackVote,4,2
1,attack,2,true
2,status,1,SEER,DEAD,Sample7
2,status,2,MEDIUM,DEAD,Sample6
2,status,3,VILLAGER,ALIVE,Sample5
2,status,4,WEREWOLF,ALIVE,Sample4
2,status,5,VILLAGER,ALIVE,Sample3
2,status,6,BODYGUARD,ALIVE,Sample2
2,status,7,POSSESSED,ALIVE,Sample1
2,status,8,WEREWOLF,ALIVE,omgus49
2,status,9,VILLAGER,ALIVE,omgus76
2,status,10,VILLAGER,ALIVE,reporter
2,talk,0,0,5,VOTE Agent[09]
2,talk,1,0,3,VOTE Agent[07]
2,talk,2,0,6,VOTE Agent[05]
2,talk,3,0,10,Over
2,talk,4,0,9,REQUEST ANY (VOTE Agent[04])
2,talk,5,0,8,VOTE Agent[06]
2,talk,6,0,7,DAY 2 (DIVINED Agent[08] HUMAN)
2,talk,7,0,4,VOTE Agent[09]
2,talk,8,1,5,REQUEST ANY (VOTE Agent[09])
2,talk,9,1,3,REQUEST ANY (VOTE Agent[07])
2,talk,10,1,8,REQUEST ANY (VOTE Agent[06])
2,talk,11,1,9,REQUEST ANY (VOTE Agent[04])
2,talk,12,1,6,REQUEST ANY (VOTE Agent[05])
2,talk,13,1,4,REQUEST ANY (VOTE Agent[09])
2,talk,14,1,10,Over
2,talk,15,1,7,DIVINED Agent[08] HUMAN
2,talk,16,2,8,ESTIMATE Agent[06] WEREWOLF
2,talk,17,2,5,Skip
2,talk,18,2,4,Skip
2,talk,19,2,10,Over
2,talk,20,2,9,REQUEST ANY (VOTE Agent[04])
2,talk,21,2,3,Skip
2,talk,22,2,7,VOTE Agent[06]
2,talk,23,2,6,Skip
2,talk,24,3,9,VOTE Agent[04]
2,talk,25,3,6,Skip
2,talk,26,3,3,Skip
2,talk,27,3,7,REQUEST ANY (VOTE Agent[06])
2,talk,28,3,8,VOTE Agent[06]
2,talk,29,3,10,Over
2,talk,30,3,4,Skip
2,talk,31,3,5,Skip
2,talk,32,4,10,Over
2,talk,33,4,7,Skip
2,talk,34,4,3,Over
2,talk,35,4,5,Over
2,talk,36,4,9,ESTIMATE Agent[04] WEREWOLF
2,talk,37,4,6,Over
2,talk,38,4,8,ESTIMATE Agent[06] WEREWOLF
2,talk,39,4,4,Over
2,talk,40,5,5,Over
2,talk,41,5,8,REQUEST ANY (VOTE Agent[06])
2,talk,42,5,6,Over
2,talk,43,5,7,Skip
2,talk,44,5,9,ESTIMATE Agent[04] WEREWOLF
2,talk,45,5,3,Over
2,talk,46,5,4,Over
2,talk,47,5,10,Over
2,talk,48,6,6,Over
2,talk,49,6,3,Over
2,talk,50,6,5,Over
2,talk,51,6,10,Over
2,talk,52,6,9,REQUEST ANY (VOTE Agent[04])
2,talk,53,6,8,ESTIMATE Agent[06] WEREWOLF
2,talk,54,6,7,Over
2,talk,55,6,4,Over
2,talk,56,7,9,ESTIMATE Agent[04] WEREWOLF
2,talk,57,7,3,Over
2,talk,58,7,6,Over
2,talk,59,7,8,ESTIMATE Agent[06] WEREWOLF
2,talk,60,7,4,Over
2,talk,61,7,5,Over
2,talk,62,7,7,Over
2,talk,63,7,10,Over
2,talk,64,8,4,Over
2,talk,65,8,9,REQUEST ANY (VOTE Agent[04])
2,talk,66,8,8,ESTIMATE Agent[06] WEREWOLF
2,talk,67,8,3,Over
2,talk,68,8,5,Over
2,talk,69,8,10,Over
2,talk,70,8,6,Over
2,talk,71,8,7,Over
2,talk,72,9,9,VOTE Agent[04]
2,talk,73,9,7,Over
2,talk,74,9,4,Over
2,talk,75,9,10,Over
2,talk,76,9,8,REQUEST ANY (VOTE Agent[06])
2,talk,77,9,6,Over
2,talk,78,9,5,Over
2,talk,79,9,3,Over
2,talk,80,10,7,Over
2,talk,81,10,6,Over
2,talk,82,10,5,Over
2,talk,83,10,3,Over
2,talk,84,10,8,Over
2,talk,85,10,4,Over
2,talk,86,10,10,Over
2,talk,87,10,9,Over
2,vote,3,9
2,vote,4,9
2,vote,5,7
2,vote,6,7
2,vote,7,9
2,vote,8,6
2,vote,9,4
2,vote,10,4
2,execute,9,VILLAGER
2,whisper,0,0,8,ATTACK Agent[06]
2,whisper,1,0,4,ATTACK Agent[05]
2,whisper,2,1,8,ATTACK Agent[06]
2,whisper,3,1,4,Skip
2,whisper,4,2,8,ATTACK Agent[06]
2,whisper,5,2,4,Skip
2,whisper,6,3,4,Over
2,whisper,7,3,8,ATTACK Agent[06]
2,whisper,8,4,8,ATTACK Agent[06]
2,whisper,9,4,4,Over
2,whisper,10,5,8,ATTACK Agent[06]
2,whisper,11,5,4,Over
2,whisper,12,6,4,Over
2,whisper,13,6,8,ATTACK Agent[06]
2,whisper,14,7,4,Over
2,whisper,15,7,8,ATTACK Agent[06]
2,whisper,16,8,8,ATTACK Agent[06]
2,whisper,17,8,4,Over
2,whisper,18,9,8,ATTACK Agent[06]
2,whisper,19,9,4,Over
2,whisper,20,10,8,Over
2,whisper,21,10,4,Over
2,guard,6,7,POSSESSED
2,attackVote,4,5
2,attackVote,8,6
2,attackVote,4,5
2,attackVote,8,6
2,attack,6,true
3,status,1,SEER,DEAD,Sample7
3,status,2,MEDIUM,DEAD,Sample6
3,status,3,VILLAGER,ALIVE,Sample5
3,status,4,WEREWOLF,ALIVE,Sample4
3,status,5,VILLAGER,ALIVE,Sample3
3,status,6,BODYGUARD,DEAD,Sample2
3,status,7,POSSESSED,ALIVE,Sample1
3,status,8,WEREWOLF,ALIVE,omgus49
3,status,9,VILLAGER,DEAD,omgus76
3,status,10,VILLAGER,ALIVE,reporter
3,talk,0,0,8,REQUEST ANY (VOTE Agent[07])
3,talk,1,0,7,DAY 3 (DIVINED Agent[05] HUMAN)
3,talk,2,0,5,VOTE Agent[10]
3,talk,3,0,10,Over
3,talk,4,0,4,VOTE Agent[03]
3,talk,5,0,3,VOTE Agent[08]
3,talk,6,1,3,REQUEST ANY (VOTE Agent[08])
3,talk,7,1,7,DIVINED Agent[05] HUMAN
3,talk,8,1,8,REQUEST ANY (VOTE Agent[03])
3,talk,9,1,4,REQUEST ANY (VOTE Agent[03])
3,talk,10,1,10,Over
3,talk,11,1,5,REQUEST ANY (VOTE Agent[10])
3,talk,12,2,7,VOTE Agent[10]
3,talk,13,2,3,Skip
3,talk,14,2,5,Skip
3,talk,15,2,10,Over
3,talk,16,2,4,Skip
3,talk,17,2,8,REQUEST ANY (VOTE Agent[03])
3,talk,18,3,4,Skip
3,talk,19,3,7,REQUEST ANY (VOTE Agent[10])
3,talk,20,3,3,Skip
3,talk,21,3,10,Over
3,talk,22,3,8,REQUEST ANY (VOTE Agent[03])
3,talk,23,3,5,Skip
3,talk,24,4,7,Skip
3,talk,25,4,10,Over
3,talk,26,4,3,Over
3,talk,27,4,8,VOTE Agent[03]
3,talk,28,4,4,Over
3,talk,29,4,5,Over
3,talk,30,5,7,Skip
3,talk,31,5,5,Over
3,talk,32,5,3,Over
3,talk,33,5,8,ESTIMATE Agent[03] WEREWOLF
3,talk,34,5,4,Over
3,talk,35,5,10,Over
3,talk,36,6,3,Over
3,talk,37,6,5,Over
3,talk,38,6,4,Over
3,talk,39,6,8,REQUEST ANY (VOTE Agent[03])
3,talk,40,6,7,Over
3,talk,41,6,10,Over
3,talk,42,7,4,Over
3,talk,43,7,8,VOTE Agent[03]
3,talk,44,7,3,Over
3,talk,45,7,5,Over
3,talk,46,7,10,Over
3,talk,47,7,7,Over
3,talk,48,8,8,VOTE Agent[03]
3,talk,49,8,5,Over
3,talk,50,8,10,Over
3,talk,51,8,7,Over
3,talk,52,8,4,Over
3,talk,53,8,3,Over
3,talk,54,9,7,Over
3,talk,55,9,3,Over
3,talk,56,9,5,Over
3,talk,57,9,10,Over
3,talk,58,9,8,ESTIMATE Agent[03] WEREWOLF
3,talk,59,9,4,Over
3,talk,60,10,5,Over
3,talk,61,10,3,Over
3,talk,62,10,4,Over
3,talk,63,10,8,Over
3,talk,64,10,7,Over
3,talk,65,10,10,Over
3,vote,3,10
3,vote,4,3
3,vote,5,10
3,vote,7,3
3,vote,8,3
3,vote,10,7
3,execute,3,VILLAGER
3,whisper,0,0,8,ATTACK Agent[03]
3,whisper,1,0,4,ATTACK Agent[10]
3,whisper,2,1,8,ATTACK Agent[03]
3,whisper,3,1,4,Skip
3,whisper,4,2,8,ATTACK Agent[03]
3,whisper,5,2,4,Skip
3,whisper,6,3,8,ATTACK Agent[03]
3,whisper,7,3,4,Over
3,whisper,8,4,8,ATTACK Agent[03]
3,whisper,9,4,4,Over
3,whisper,10,5,4,Over
3,whisper,11,5,8,ATTACK Agent[03]
3,whisper,12,6,8,ATTACK Agent[03]
3,whisper,13,6,4,Over
3,whisper,14,7,4,Over
3,whisper,15,7,8,ATTACK Agent[03]
3,whisper,16,8,4,Over
3,whisper,17,8,8,ATTACK Agent[03]
3,whisper,18,9,8,ATTACK Agent[03]
3,whisper,19,9,4,Over
3,whisper,20,10,4,Over
3,whisper,21,10,8,Over
3,attackVote,4,10
3,attack,10,true
4,status,1,SEER,DEAD,Sample7
4,status,2,MEDIUM,DEAD,Sample6
4,status,3,VILLAGER,DEAD,Sample5
4,status,4,WEREWOLF,ALIVE,Sample4
4,status,5,VILLAGER,ALIVE,Sample3
4,status,6,BODYGUARD,DEAD,Sample2
4,status,7,POSSESSED,ALIVE,Sample1
4,status,8,WEREWOLF,ALIVE,omgus49
4,status,9,VILLAGER,DEAD,omgus76
4,status,10,VILLAGER,DEAD,reporter
4,result,2,2,WEREWOLF
