0,status,1,BODYGUARD,ALIVE,Sample7
0,status,2,SEER,ALIVE,Sample6
0,status,3,WEREWOLF,ALIVE,Sample5
0,status,4,POSSESSED,ALIVE,Sample4
0,status,5,VILLAGER,ALIVE,Sample3
0,status,6,VILLAGER,ALIVE,Sample2
0,status,7,MEDIUM,ALIVE,Sample1
0,status,8,VILLAGER,ALIVE,omgus49
0,status,9,WEREWOLF,ALIVE,omgus76
0,status,10,VILLAGER,ALIVE,reporter
0,whisper,0,0,9,ATTACK Agent[01]
0,whisper,1,0,3,COMINGOUT Agent[03] MEDIUM
0,whisper,2,1,9,ATTACK Agent[01]
0,whisper,3,1,3,Skip
0,whisper,4,2,3,Skip
0,whisper,5,2,9,ATTACK Agent[01]
0,whisper,6,3,3,Over
0,whisper,7,3,9,ATTACK Agent[01]
0,whisper,8,4,3,Over
0,whisper,9,4,9,ATTACK Agent[01]
0,whisper,10,5,3,Over
0,whisper,11,5,9,ATTACK Agent[01]
0,whisper,12,6,9,ATTACK Agent[01]
0,whisper,13,6,3,Over
0,whisper,14,7,3,Over
0,whisper,15,7,9,ATTACK Agent[01]
0,whisper,16,8,9,ATTACK Agent[01]
0,whisper,17,8,3,Over
0,whisper,18,9,3,Over
0,whisper,19,9,9,ATTACK Agent[01]
0,whisper,20,10,3,Over
0,whisper,21,10,9,Over
0,divine,2,9,WEREWOLF
1,status,1,BODYGUARD,ALIVE,Sample7
1,status,2,SEER,ALIVE,Sample6
1,status,3,WEREWOLF,ALIVE,Sample5
1,status,4,POSSESSED,ALIVE,Sample4
1,status,5,VILLAGER,ALIVE,Sample3
1,status,6,VILLAGER,ALIVE,Sample2
1,status,7,MEDIUM,ALIVE,Sample1
1,status,8,VILLAGER,ALIVE,omgus49
1,status,9,WEREWOLF,ALIVE,omgus76
1,status,10,VILLAGER,ALIVE,reporter
1,talk,0,0,8,REQUEST ANY (VOTE Agent[01])
1,talk,1,0,3,COMINGOUT Agent[03] MEDIUM
1,talk,2,0,6,VOTE Agent[05]
1,talk,3,0,9,REQUEST ANY (VOTE Agent[01])
1,talk,4,0,2,COMINGOUT Agent[02] SEER
1,talk,5,0,10,Over
1,talk,6,0,4,COMINGOUT Agent[04] SEER
1,talk,7,0,5,VOTE Agent[07]
1,talk,8,0,7,COMINGOUT Agent[07] MEDIUM
1,talk,9,0,1,VOTE Agent[07]
1,talk,10,1,6,REQUEST ANY (VOTE Agent[05])
1,talk,11,1,1,REQUEST ANY (VOTE Agent[07])
1,talk,12,1,8,REQUEST ANY (VOTE Agent[01])
1,talk,13,1,9,ESTIMATE Agent[01] WEREWOLF
1,talk,14,1,4,DAY 1 (DIVINED Agent[02] WEREWOLF)
1,talk,15,1,10,Over
1,talk,16,1,5,REQUEST ANY (VOTE Agent[07])
1,talk,17,1,2,DAY 1 (DIVINED Agent[09] WEREWOLF)
1,talk,18,1,7,BECAUSE (AND (COMINGOUT Agent[07] MEDIUM) (Agent[03] COMINGOUT Agent[03] MEDIUM)) (XOR (ESTIMATE Agent[03] WEREWOLF) (ESTIMATE Agent[03] POSSESSED))
1,talk,19,1,3,VOTE Agent[07]
1,talk,20,2,6,Skip
1,talk,21,2,10,Over
1,talk,22,2,8,ESTIMATE Agent[01] WEREWOLF
1,talk,23,2,7,BECAUSE (XOR (ESTIMATE Agent[03] WEREWOLF) (ESTIMATE Agent[03] POSSESSED)) (AND (VOTE Agent[03]) (REQUEST ANY (VOTE Agent[03])))
1,talk,24,2,9,ESTIMATE Agent[02] WEREWOLF
1,talk,25,2,4,DIVINED Agent[02] WEREWOLF
1,talk,26,2,5,Skip
1,talk,27,2,1,Skip
1,talk,28,2,2,DIVINED Agent[09] WEREWOLF
1,talk,29,2,3,REQUEST ANY (VOTE Agent[07])
1,talk,30,3,8,ESTIMATE Agent[01] WEREWOLF
1,talk,31,3,9,ESTIMATE Agent[02] WEREWOLF
1,talk,32,3,4,BECAUSE (DAY 1 (DIVINED Agent[02] WEREWOLF)) (AND (VOTE Agent[02]) (REQUEST ANY (VOTE Agent[02])))
1,talk,33,3,1,Skip
1,talk,34,3,2,BECAUSE (DAY 1 (DIVINED Agent[09] WEREWOLF)) (AND (VOTE Agent[09]) (REQUEST ANY (VOTE Agent[09])))
1,talk,35,3,3,Skip
1,talk,36,3,5,Skip
1,talk,37,3,7,VOTE Agent[03]
1,talk,38,3,10,Over
1,talk,39,3,6,Skip
1,talk,40,4,9,ESTIMATE Agent[02] WEREWOLF
1,talk,41,4,10,Over
1,talk,42,4,1,Over
1,talk,43,4,2,VOTE Agent[09]
1,talk,44,4,5,Over
1,talk,45,4,3,Skip
1,talk,46,4,6,Over
1,talk,47,4,4,VOTE Agent[02]
1,talk,48,4,7,REQUEST ANY (VOTE Agent[03])
1,talk,49,4,8,VOTE Agent[01]
1,talk,50,5,9,ESTIMATE Agent[02] WEREWOLF
1,talk,51,5,7,Skip
1,talk,52,5,10,Over
1,talk,53,5,8,REQUEST ANY (VOTE Agent[01])
1,talk,54,5,2,REQUEST ANY (VOTE Agent[09])
1,talk,55,5,6,Over
1,talk,56,5,4,REQUEST ANY (VOTE Agent[02])
1,talk,57,5,5,Over
1,talk,58,5,3,Over
1,talk,59,5,1,Over
1,talk,60,6,7,Skip
1,talk,61,6,2,Skip
1,talk,62,6,3,Over
1,talk,63,6,4,Skip
1,talk,64,6,10,Over
1,talk,65,6,9,VOTE Agent[02]
1,talk,66,6,1,Over
1,talk,67,6,5,Over
1,talk,68,6,8,REQUEST ANY (VOTE Agent[01])
1,talk,69,6,6,Over
1,talk,70,7,10,Over
1,talk,71,7,8,ESTIMATE Agent[01] WEREWOLF
1,talk,72,7,9,ESTIMATE Agent[02] WEREWOLF
1,talk,73,7,5,Over
1,talk,74,7,3,Over
1,talk,75,7,6,Over
1,talk,76,7,4,Skip
1,talk,77,7,2,Skip
1,talk,78,7,1,Over
1,talk,79,7,7,Over
1,talk,80,8,9,VOTE Agent[02]
1,talk,81,8,2,Over
1,talk,82,8,1,Over
1,talk,83,8,5,Over
1,talk,84,8,10,Over
1,talk,85,8,3,Over
1,talk,86,8,7,Over
1,talk,87,8,4,Over
1,talk,88,8,8,VOTE Agent[01]
1,talk,89,8,6,Over
1,talk,90,9,8,ESTIMATE Agent[01] WEREWOLF
1,talk,91,9,4,Over
1,talk,92,9,1,Over
1,talk,93,9,2,Over
1,talk,94,9,9,VOTE Agent[02]
1,talk,95,9,3,Over
1,talk,96,9,7,Over
1,talk,97,9,10,Over
1,talk,98,9,6,Over
1,talk,99,9,5,Over
1,talk,100,10,3,Over
1,talk,101,10,10,Over
1,talk,102,10,1,Over
1,talk,103,10,8,Over
1,talk,104,10,9,Over
1,talk,105,10,5,Over
1,talk,106,10,2,Over
1,talk,107,10,7,Over
1,talk,108,10,4,Over
1,talk,109,10,6,Over
1,vote,1,7
1,vote,2,9
1,vote,3,7
1,vote,4,2
1,vote,5,1
1,vote,6,7
1,vote,7,3
1,vote,8,1
1,vote,9,2
1,vote,10,2
1,vote,1,2
1,vote,2,7
1,vote,3,2
1,vote,4,2
1,vote,5,2
1,vote,6,2
1,vote,7,2
1,vote,8,1
1,vote,9,2
1,vote,10,8
1,execute,2,SEER
1,whisper,0,0,3,BECAUSE (AND (NOT (COMINGOUT Agent[04] WEREWOLF)) (NOT (COMINGOUT Agent[02] WEREWOLF)) (DAY 1 (Agent[04] DIVINED Agent[02] WEREWOLF))) (ESTIMATE Agent[04] POSSESSED)
1,whisper,1,0,9,ATTACK Agent[02]
1,whisper,2,1,9,ATTACK Agent[02]
1,whisper,3,1,3,BECAUSE (Agent[07] COMINGOUT Agent[07] MEDIUM) (ATTACK Agent[07])
1,whisper,4,2,9,ATTACK Agent[02]
1,whisper,5,2,3,ATTACK Agent[07]
1,whisper,6,3,9,ATTACK Agent[02]
1,whisper,7,3,3,Skip
1,whisper,8,4,9,ATTACK Agent[02]
1,whisper,9,4,3,Skip
1,whisper,10,5,3,Over
1,whisper,11,5,9,ATTACK Agent[02]
1,whisper,12,6,3,Over
1,whisper,13,6,9,ATTACK Agent[02]
1,whisper,14,7,3,Over
1,whisper,15,7,9,ATTACK Agent[02]
1,whisper,16,8,3,Over
1,whisper,17,8,9,ATTACK Agent[02]
1,whisper,18,9,3,Over
1,whisper,19,9,9,ATTACK Agent[02]
1,whisper,20,10,9,Over
1,whisper,21,10,3,Over
1,guard,1,4,POSSESSED
1,attackVote,3,7
1,attack,7,true
2,status,1,BODYGUARD,ALIVE,Sample7
2,status,2,SEER,DEAD,Sample6
2,status,3,WEREWOLF,ALIVE,Sample5
2,status,4,POSSESSED,ALIVE,Sample4
2,status,5,VILLAGER,ALIVE,Sample3
2,status,6,VILLAGER,ALIVE,Sample2
2,status,7,MEDIUM,DEAD,Sample1
2,status,8,VILLAGER,ALIVE,omgus49
2,status,9,WEREWOLF,ALIVE,omgus76
2,status,10,VILLAGER,ALIVE,reporter
2,talk,0,0,1,VOTE Agent[06]
2,talk,1,0,6,VOTE Agent[01]
2,talk,2,0,4,DAY 2 (DIVINED Agent[01] HUMAN)
2,talk,3,0,5,VOTE Agent[09]
2,talk,4,0,8,ESTIMATE Agent[10] WEREWOLF
2,talk,5,0,9,REQUEST ANY (VOTE Agent[05])
2,talk,6,0,10,Over
2,talk,7,0,3,DAY 2 (IDENTIFIED Agent[02] WEREWOLF)
2,talk,8,1,5,REQUEST ANY (VOTE Agent[09])
2,talk,9,1,4,DIVINED Agent[01] HUMAN
2,talk,10,1,6,REQUEST ANY (VOTE Agent[01])
2,talk,11,1,1,REQUEST ANY (VOTE Agent[06])
2,talk,12,1,9,REQUEST ANY (VOTE Agent[05])
2,talk,13,1,3,IDENTIFIED Agent[02] WEREWOLF
2,talk,14,1,8,ESTIMATE Agent[10] WEREWOLF
2,talk,15,1,10,Over
2,talk,16,2,9,REQUEST ANY (VOTE Agent[05])
2,talk,17,2,4,VOTE Agent[06]
2,talk,18,2,1,Skip
2,talk,19,2,10,Over
2,talk,20,2,6,Skip
2,talk,21,2,8,ESTIMATE Agent[10] WEREWOLF
2,talk,22,2,3,VOTE Agent[07]
2,talk,23,2,5,Skip
2,talk,24,3,1,Skip
2,talk,25,3,8,ESTIMATE Agent[10] WEREWOLF
2,talk,26,3,6,Skip
2,talk,27,3,10,Over
2,talk,28,3,5,Skip
2,talk,29,3,9,REQUEST ANY (VOTE Agent[05])
2,talk,30,3,3,REQUEST ANY (VOTE Agent[07])
2,talk,31,3,4,REQUEST ANY (VOTE Agent[06])
2,talk,32,4,9,VOTE Agent[05]
2,talk,33,4,5,Over
2,talk,34,4,1,Over
2,talk,35,4,10,Over
2,talk,36,4,8,ESTIMATE Agent[10] WEREWOLF
2,talk,37,4,3,Skip
2,talk,38,4,6,Over
2,talk,39,4,4,Skip
2,talk,40,5,3,Skip
2,talk,41,5,8,REQUEST ANY (VOTE Agent[10])
2,talk,42,5,5,Over
2,talk,43,5,10,Over
2,talk,44,5,9,REQUEST ANY (VOTE Agent[05])
2,talk,45,5,1,Over
2,talk,46,5,4,Skip
2,talk,47,5,6,Over
2,talk,48,6,4,Over
2,talk,49,6,9,REQUEST ANY (VOTE Agent[05])
2,talk,50,6,5,Over
2,talk,51,6,6,Over
2,talk,52,6,8,REQUEST ANY (VOTE Agent[10])
2,talk,53,6,1,Over
2,talk,54,6,10,Over
2,talk,55,6,3,Over
2,talk,56,7,4,Over
2,talk,57,7,3,Over
2,talk,58,7,5,Over
2,talk,59,7,6,Over
2,talk,60,7,10,Over
2,talk,61,7,9,VOTE Agent[05]
2,talk,62,7,8,REQUEST ANY (VOTE Agent[10])
2,talk,63,7,1,Over
2,talk,64,8,10,Over
2,talk,65,8,8,VOTE Agent[10]
2,talk,66,8,9,VOTE Agent[05]
2,talk,67,8,4,Over
2,talk,68,8,3,Over
2,talk,69,8,5,Over
2,talk,70,8,6,Over
2,talk,71,8,1,Over
2,talk,72,9,8,ESTIMATE Agent[10] WEREWOLF
2,talk,73,9,5,Over
2,talk,74,9,6,Over
2,talk,75,9,10,Over
2,talk,76,9,9,REQUEST ANY (VOTE Agent[05])
2,talk,77,9,3,Over
2,talk,78,9,1,Over
2,talk,79,9,4,Over
2,talk,80,10,10,Over
2,talk,81,10,4,Over
2,talk,82,10,6,Over
2,talk,83,10,5,Over
2,talk,84,10,1,Over
2,talk,85,10,3,Over
2,talk,86,10,9,Over
2,talk,87,10,8,Over
2,vote,1,6
2,vote,3,9
2,vote,4,5
2,vote,5,6
2,vote,6,10
2,vote,8,10
2,vote,9,5
2,vote,10,8
2,vote,1,5
2,vote,3,5
2,vote,4,5
2,vote,5,6
2,vote,6,5
2,vote,8,10
2,vote,9,3
2,vote,10,8
2,execute,5,VILLAGER
2,whisper,0,0,9,ATTACK Agent[03]
2,whisper,1,0,3,ATTACK Agent[06]
2,whisper,2,1,9,ATTACK Agent[03]
2,whisper,3,1,3,Skip
2,whisper,4,2,3,Skip
2,whisper,5,2,9,ATTACK Agent[03]
2,whisper,6,3,9,ATTACK Agent[03]
2,whisper,7,3,3,Over
2,whisper,8,4,9,ATTACK Agent[03]
2,whisper,9,4,3,Over
2,whisper,10,5,9,ATTACK Agent[03]
2,whisper,11,5,3,Over
2,whisper,12,6,9,ATTACK Agent[03]
2,whisper,13,6,3,Over
2,whisper,14,7,3,Over
2,whisper,15,7,9,ATTACK Agent[03]
2,whisper,16,8,3,Over
2,whisper,17,8,9,ATTACK Agent[03]
2,whisper,18,9,3,Over
2,whisper,19,9,9,ATTACK Agent[03]
2,whisper,20,10,3,Over
2,whisper,21,10,9,Over
2,guard,1,4,POSSESSED
2,attackVote,3,6
2,attack,6,true
3,status,1,BODYGUARD,ALIVE,Sample7
3,status,2,SEER,DEAD,Sample6
3,status,3,WEREWOLF,ALIVE,Sample5
3,status,4,POSSESSED,ALIVE,Sample4
3,status,5,VILLAGER,DEAD,Sample3
3,status,6,VILLAGER,DEAD,Sample2
3,status,7,MEDIUM,DEAD,Sample1
3,status,8,VILLAGER,ALIVE,omgus49
3,status,9,WEREWOLF,ALIVE,omgus76
3,status,10,VILLAGER,ALIVE,reporter
3,talk,0,0,3,DAY 3 (IDENTIFIED Agent[05] HUMAN)
3,talk,1,0,10,Over
3,talk,2,0,4,DAY 3 (DIVINED Agent[08] HUMAN)
3,talk,3,0,8,VOTE Agent[10]
3,talk,4,0,1,VOTE Agent[04]
3,talk,5,0,9,REQUEST ANY (VOTE Agent[03])
3,talk,6,1,1,REQUEST ANY (VOTE Agent[04])
3,talk,7,1,9,ESTIMATE Agent[03] WEREWOLF
3,talk,8,1,10,Over
3,talk,9,1,3,IDENTIFIED Agent[05] HUMAN
3,talk,10,1,8,VOTE Agent[10]
3,talk,11,1,4,DIVINED Agent[08] HUMAN
3,talk,12,2,8,REQUEST ANY (VOTE Agent[10])
3,talk,13,2,9,REQUEST ANY (VOTE Agent[03])
3,talk,14,2,4,VOTE Agent[05]
3,talk,15,2,3,VOTE Agent[07]
3,talk,16,2,1,Skip
3,talk,17,2,10,Over
3,talk,18,3,3,REQUEST ANY (VOTE Agent[07])
3,talk,19,3,8,ESTIMATE Agent[10] WEREWOLF
3,talk,20,3,9,VOTE Agent[03]
3,talk,21,3,10,Over
3,talk,22,3,1,Skip
3,talk,23,3,4,REQUEST ANY (VOTE Agent[05])
3,talk,24,4,10,Over
3,talk,25,4,9,ESTIMATE Agent[03] WEREWOLF
3,talk,26,4,3,Skip
3,talk,27,4,4,VOTE Agent[10]
3,talk,28,4,1,Over
3,talk,29,4,8,VOTE Agent[10]
3,talk,30,5,4,REQUEST ANY (VOTE Agent[10])
3,talk,31,5,3,Skip
3,talk,32,5,9,ESTIMATE Agent[03] WEREWOLF
3,talk,33,5,8,ESTIMATE Agent[10] WEREWOLF
3,talk,34,5,1,Over
3,talk,35,5,10,Over
3,talk,36,6,10,Over
3,talk,37,6,9,VOTE Agent[03]
3,talk,38,6,4,Skip
3,talk,39,6,8,VOTE Agent[10]
3,talk,40,6,1,Over
3,talk,41,6,3,Over
3,talk,42,7,4,Skip
3,talk,43,7,8,REQUEST ANY (VOTE Agent[10])
3,talk,44,7,10,Over
3,talk,45,7,3,Over
3,talk,46,7,1,Over
3,talk,47,7,9,REQUEST ANY (VOTE Agent[03])
3,talk,48,8,1,Over
3,talk,49,8,3,Over
3,talk,50,8,9,ESTIMATE Agent[03] WEREWOLF
3,talk,51,8,10,Over
3,talk,52,8,8,REQUEST ANY (VOTE Agent[10])
3,talk,53,8,4,Over
3,talk,54,9,8,REQUEST ANY (VOTE Agent[10])
3,talk,55,9,10,Over
3,talk,56,9,1,Over
3,talk,57,9,9,ESTIMATE Agent[03] WEREWOLF
3,talk,58,9,4,Over
3,talk,59,9,3,Over
3,talk,60,10,3,Over
3,talk,61,10,9,Over
3,talk,62,10,10,Over
3,talk,63,10,8,Over
3,talk,64,10,1,Over
3,talk,65,10,4,Over
3,vote,1,10
3,vote,3,8
3,vote,4,3
3,vote,8,10
3,vote,9,3
3,vote,10,9
3,vote,1,3
3,vote,3,10
3,vote,4,3
3,vote,8,10
3,vote,9,3
3,vote,10,4
3,execute,3,WEREWOLF
3,guard,1,4,POSSESSED
3,attack,4,false
4,status,1,BODYGUARD,ALIVE,Sample7
4,status,2,SEER,DEAD,Sample6
4,status,3,WEREWOLF,DEAD,Sample5
4,status,4,POSSESSED,ALIVE,Sample4
4,status,5,VILLAGER,DEAD,Sample3
4,status,6,VILLAGER,DEAD,Sample2
4,status,7,MEDIUM,DEAD,Sample1
4,status,8,VILLAGER,ALIVE,omgus49
4,status,9,WEREWOLF,ALIVE,omgus76
4,status,10,VILLAGER,ALIVE,reporter
4,talk,0,0,1,VOTE Agent[08]
4,talk,1,0,9,VOTE Agent[10]
4,talk,2,0,10,Over
4,talk,3,0,4,DAY 4 (DIVINED Agent[10] HUMAN)
4,talk,4,0,8,VOTE Agent[10]
4,talk,5,1,10,Over
4,talk,6,1,4,DIVINED Agent[10] HUMAN
4,talk,7,1,8,ESTIMATE Agent[10] WEREWOLF
4,talk,8,1,9,ESTIMATE Agent[10] WEREWOLF
4,talk,9,1,1,REQUEST ANY (VOTE Agent[08])
4,talk,10,2,1,Skip
4,talk,11,2,10,Over
4,talk,12,2,8,REQUEST ANY (VOTE Agent[10])
4,talk,13,2,4,VOTE Agent[07]
4,talk,14,2,9,VOTE Agent[10]
4,talk,15,3,4,REQUEST ANY (VOTE Agent[07])
4,talk,16,3,8,VOTE Agent[10]
4,talk,17,3,9,VOTE Agent[10]
4,talk,18,3,10,Over
4,talk,19,3,1,Skip
4,talk,20,4,4,VOTE Agent[03]
4,talk,21,4,10,Over
4,talk,22,4,8,ESTIMATE Agent[10] WEREWOLF
4,talk,23,4,9,ESTIMATE Agent[10] WEREWOLF
4,talk,24,4,1,Over
4,talk,25,5,9,ESTIMATE Agent[10] WEREWOLF
4,talk,26,5,1,Over
4,talk,27,5,10,Over
4,talk,28,5,8,ESTIMATE Agent[10] WEREWOLF
4,talk,29,5,4,REQUEST ANY (VOTE Agent[03])
4,talk,30,6,1,Over
4,talk,31,6,10,Over
4,talk,32,6,4,VOTE Agent[07]
4,talk,33,6,9,ESTIMATE Agent[10] WEREWOLF
4,talk,34,6,8,ESTIMATE Agent[10] WEREWOLF
4,talk,35,7,9,REQUEST ANY (VOTE Agent[10])
4,talk,36,7,8,ESTIMATE Agent[10] WEREWOLF
4,talk,37,7,4,REQUEST ANY (VOTE Agent[07])
4,talk,38,7,10,Over
4,talk,39,7,1,Over
4,talk,40,8,8,REQUEST ANY (VOTE Agent[10])
4,talk,41,8,9,ESTIMATE Agent[10] WEREWOLF
4,talk,42,8,4,VOTE Agent[03]
4,talk,43,8,1,Over
4,talk,44,8,10,Over
4,talk,45,9,8,VOTE Agent[10]
4,talk,46,9,4,REQUEST ANY (VOTE Agent[03])
4,talk,47,9,10,Over
4,talk,48,9,9,ESTIMATE Agent[10] WEREWOLF
4,talk,49,9,1,Over
4,talk,50,10,1,Over
4,talk,51,10,10,Over
4,talk,52,10,9,Over
4,talk,53,10,4,Over
4,talk,54,10,8,Over
4,vote,1,10
4,vote,4,10
4,vote,8,10
4,vote,9,10
4,vote,10,4
4,execute,10,VILLAGER
4,guard,1,4,POSSESSED
4,attack,4,false
5,status,1,BODYGUARD,ALIVE,Sample7
5,status,2,SEER,DEAD,Sample6
5,status,3,WEREWOLF,DEAD,Sample5
5,status,4,POSSESSED,ALIVE,Sample4
5,status,5,VILLAGER,DEAD,Sample3
5,status,6,VILLAGER,DEAD,Sample2
5,status,7,MEDIUM,DEAD,Sample1
5,status,8,VILLAGER,ALIVE,omgus49
5,status,9,WEREWOLF,ALIVE,omgus76
5,status,10,VILLAGER,DEAD,reporter
5,talk,0,0,1,VOTE Agent[08]
5,talk,1,0,4,DAY 5 (DIVINED Agent[09] HUMAN)
5,talk,2,0,9,ESTIMATE Agent[04] WEREWOLF
5,talk,3,0,8,REQUEST ANY (VOTE Agent[01])
5,talk,4,1,8,REQUEST ANY (VOTE Agent[01])
5,talk,5,1,1,REQUEST ANY (VOTE Agent[08])
5,talk,6,1,9,VOTE Agent[04]
5,talk,7,1,4,DIVINED Agent[09] HUMAN
5,talk,8,2,8,ESTIMATE Agent[01] WEREWOLF
5,talk,9,2,1,Skip
5,talk,10,2,4,VOTE Agent[07]
5,talk,11,2,9,ESTIMATE Agent[04] WEREWOLF
5,talk,12,3,4,REQUEST ANY (VOTE Agent[07])
5,talk,13,3,1,Skip
5,talk,14,3,8,ESTIMATE Agent[01] WEREWOLF
5,talk,15,3,9,VOTE Agent[04]
5,talk,16,4,9,REQUEST ANY (VOTE Agent[04])
5,talk,17,4,8,VOTE Agent[01]
5,talk,18,4,1,Over
5,talk,19,4,4,Skip
5,talk,20,5,8,REQUEST ANY (VOTE Agent[01])
5,talk,21,5,9,ESTIMATE Agent[04] WEREWOLF
5,talk,22,5,4,VOTE Agent[03]
5,talk,23,5,1,Over
5,talk,24,6,8,REQUEST ANY (VOTE Agent[01])
5,talk,25,6,4,REQUEST ANY (VOTE Agent[03])
5,talk,26,6,9,ESTIMATE Agent[04] WEREWOLF
5,talk,27,6,1,Over
5,talk,28,7,4,VOTE Agent[06]
5,talk,29,7,8,VOTE Agent[01]
5,talk,30,7,9,REQUEST ANY (VOTE Agent[04])
5,talk,31,7,1,Over
5,talk,32,8,4,REQUEST ANY (VOTE Agent[06])
5,talk,33,8,1,Over
5,talk,34,8,9,ESTIMATE Agent[04] WEREWOLF
5,talk,35,8,8,ESTIMATE Agent[01] WEREWOLF
5,talk,36,9,1,Over
5,talk,37,9,4,VOTE Agent[05]
5,talk,38,9,9,ESTIMATE Agent[04] WEREWOLF
5,talk,39,9,8,ESTIMATE Agent[01] WEREWOLF
5,talk,40,10,1,Over
5,talk,41,10,8,Over
5,talk,42,10,9,Over
5,talk,43,10,4,REQUEST ANY (VOTE Agent[05])
5,talk,44,11,4,Over
5,talk,45,11,8,Over
5,talk,46,11,1,Over
5,talk,47,11,9,Over
5,vote,1,9
5,vote,4,8
5,vote,8,1
5,vote,9,4
5,vote,1,4
5,vote,4,1
5,vote,8,4
5,vote,9,1
5,execute,1,BODYGUARD
5,attack,8,true
6,status,1,BODYGUARD,DEAD,Sample7
6,status,2,SEER,DEAD,Sample6
6,status,3,WEREWOLF,DEAD,Sample5
6,status,4,POSSESSED,ALIVE,Sample4
6,status,5,VILLAGER,DEAD,Sample3
6,status,6,VILLAGER,DEAD,Sample2
6,status,7,MEDIUM,DEAD,Sample1
6,status,8,VILLAGER,DEAD,omgus49
6,status,9,WEREWOLF,ALIVE,omgus76
6,status,10,VILLAGER,DEAD,reporter
6,result,1,1,WEREWOLF
