0,status,1,BODYGUARD,ALIVE,Sample7
0,status,2,VILLAGER,ALIVE,Sample6
0,status,3,MEDIUM,ALIVE,Sample5
0,status,4,VILLAGER,ALIVE,Sample4
0,status,5,SEER,ALIVE,Sample3
0,status,6,WEREWOLF,ALIVE,Sample2
0,status,7,VILLAGER,ALIVE,Sample1
0,status,8,VILLAGER,ALIVE,omgus49
0,status,9,POSSESSED,ALIVE,omgus76
0,status,10,WEREWOLF,ALIVE,reporter
0,whisper,0,0,6,COMINGOUT Agent[06] VILLAGER
0,whisper,1,0,10,Over
0,whisper,2,1,10,Over
0,whisper,3,1,6,Skip
0,whisper,4,2,10,Over
0,whisper,5,2,6,Skip
0,whisper,6,3,10,Over
0,whisper,7,3,6,Over
0,divine,5,3,HUMAN
1,status,1,BODYGUARD,ALIVE,Sample7
1,status,2,VILLAGER,ALIVE,Sample6
1,status,3,MEDIUM,ALIVE,Sample5
1,status,4,VILLAGER,ALIVE,Sample4
1,status,5,SEER,ALIVE,Sample3
1,status,6,WEREWOLF,ALIVE,Sample2
1,status,7,VILLAGER,ALIVE,Sample1
1,status,8,VILLAGER,ALIVE,omgus49
1,status,9,POSSESSED,ALIVE,omgus76
1,status,10,WEREWOLF,ALIVE,reporter
1,talk,0,0,7,VOTE Agent[01]
1,talk,1,0,8,VOTE Agent[01]
1,talk,2,0,10,Over
1,talk,3,0,5,VOTE Agent[10]
1,talk,4,0,9,REQUEST ANY (VOTE Agent[01])
1,talk,5,0,6,VOTE Agent[02]
1,talk,6,0,1,VOTE Agent[06]
1,talk,7,0,4,VOTE Agent[10]
1,talk,8,0,2,VOTE Agent[07]
1,talk,9,0,3,COMINGOUT Agent[03] MEDIUM
1,talk,10,1,5,REQUEST ANY (VOTE Agent[10])
1,talk,11,1,2,REQUEST ANY (VOTE Agent[07])
1,talk,12,1,7,REQUEST ANY (VOTE Agent[01])
1,talk,13,1,1,REQUEST ANY (VOTE Agent[06])
1,talk,14,1,9,VOTE Agent[01]
1,talk,15,1,8,REQUEST ANY (VOTE Agent[01])
1,talk,16,1,10,Over
1,talk,17,1,4,REQUEST ANY (VOTE Agent[10])
1,talk,18,1,3,VOTE Agent[01]
1,talk,19,1,6,REQUEST ANY (VOTE Agent[02])
1,talk,20,2,3,REQUEST ANY (VOTE Agent[01])
1,talk,21,2,10,Over
1,talk,22,2,2,Skip
1,talk,23,2,5,Skip
1,talk,24,2,4,Skip
1,talk,25,2,9,ESTIMATE Agent[01] WEREWOLF
1,talk,26,2,8,ESTIMATE Agent[01] WEREWOLF
1,talk,27,2,6,Skip
1,talk,28,2,1,Skip
1,talk,29,2,7,Skip
1,talk,30,3,1,Skip
1,talk,31,3,5,Skip
1,talk,32,3,7,Skip
1,talk,33,3,10,Over
1,talk,34,3,8,VOTE Agent[01]
1,talk,35,3,6,Skip
1,talk,36,3,4,Skip
1,talk,37,3,3,Skip
1,talk,38,3,2,Skip
1,talk,39,3,9,ESTIMATE Agent[01] WEREWOLF
1,talk,40,4,10,Over
1,talk,41,4,5,Over
1,talk,42,4,7,Over
1,talk,43,4,8,VOTE Agent[01]
1,talk,44,4,6,Over
1,talk,45,4,2,Over
1,talk,46,4,9,ESTIMATE Agent[01] WEREWOLF
1,talk,47,4,1,Over
1,talk,48,4,4,Over
1,talk,49,4,3,Skip
1,talk,50,5,9,VOTE Agent[01]
1,talk,51,5,8,VOTE Agent[01]
1,talk,52,5,4,Over
1,talk,53,5,3,Over
1,talk,54,5,1,Over
1,talk,55,5,5,Over
1,talk,56,5,10,Over
1,talk,57,5,2,Over
1,talk,58,5,7,Over
1,talk,59,5,6,Over
1,talk,60,6,3,Over
1,talk,61,6,4,Over
1,talk,62,6,9,ESTIMATE Agent[01] WEREWOLF
1,talk,63,6,5,Over
1,talk,64,6,7,Over
1,talk,65,6,2,Over
1,talk,66,6,8,ESTIMATE Agent[01] WEREWOLF
1,talk,67,6,1,Over
1,talk,68,6,10,Over
1,talk,69,6,6,Over
1,talk,70,7,4,Over
1,talk,71,7,3,Over
1,talk,72,7,1,Over
1,talk,73,7,2,Over
1,talk,74,7,5,Over
1,talk,75,7,10,Over
1,talk,76,7,6,Over
1,talk,77,7,7,Over
1,talk,78,7,8,ESTIMATE Agent[01] WEREWOLF
1,talk,79,7,9,ESTIMATE Agent[01] WEREWOLF
1,talk,80,8,9,REQUEST ANY (VOTE Agent[01])
1,talk,81,8,2,Over
1,talk,82,8,5,Over
1,talk,83,8,8,REQUEST ANY (VOTE Agent[01])
1,talk,84,8,10,Over
1,talk,85,8,6,Over
1,talk,86,8,1,Over
1,talk,87,8,7,Over
1,talk,88,8,3,Over
1,talk,89,8,4,Over
1,talk,90,9,5,Over
1,talk,91,9,3,Over
1,talk,92,9,6,Over
1,talk,93,9,8,VOTE Agent[01]
1,talk,94,9,2,Over
1,talk,95,9,7,Over
1,talk,96,9,4,Over
1,talk,97,9,1,Over
1,talk,98,9,9,VOTE Agent[01]
1,talk,99,9,10,Over
1,talk,100,10,9,Over
1,talk,101,10,7,Over
1,talk,102,10,5,Over
1,talk,103,10,3,Over
1,talk,104,10,4,Over
1,talk,105,10,8,Over
1,talk,106,10,10,Over
1,talk,107,10,2,Over
1,talk,108,10,1,Over
1,talk,109,10,6,Over
1,vote,1,10
1,vote,2,1
1,vote,3,2
1,vote,4,1
1,vote,5,6
1,vote,6,2
1,vote,7,2
1,vote,8,1
1,vote,9,1
1,vote,10,5
1,execute,1,BODYGUARD
1,divine,5,7,HUMAN
1,whisper,0,0,10,Over
1,whisper,1,0,6,BECAUSE (Agent[03] COMINGOUT Agent[03] MEDIUM) (ATTACK Agent[03])
1,whisper,2,1,10,Over
1,whisper,3,1,6,ATTACK Agent[03]
1,whisper,4,2,10,Over
1,whisper,5,2,6,Skip
1,whisper,6,3,6,Skip
1,whisper,7,3,10,Over
1,whisper,8,4,6,Over
1,whisper,9,4,10,Over
1,attackVote,6,3
1,attack,3,true
2,status,1,BODYGUARD,DEAD,Sample7
2,status,2,VILLAGER,ALIVE,Sample6
2,status,3,MEDIUM,DEAD,Sample5
2,status,4,VILLAGER,ALIVE,Sample4
2,status,5,SEER,ALIVE,Sample3
2,status,6,WEREWOLF,ALIVE,Sample2
2,status,7,VILLAGER,ALIVE,Sample1
2,status,8,VILLAGER,ALIVE,omgus49
2,status,9,POSSESSED,ALIVE,omgus76
2,status,10,WEREWOLF,ALIVE,reporter
2,talk,0,0,5,COMINGOUT Agent[05] SEER
2,talk,1,0,2,VOTE Agent[04]
2,talk,2,0,6,VOTE Agent[09]
2,talk,3,0,9,ESTIMATE Agent[06] WEREWOLF
2,talk,4,0,4,VOTE Agent[05]
2,talk,5,0,7,VOTE Agent[05]
2,talk,6,0,10,Over
2,talk,7,0,8,REQUEST ANY (VOTE Agent[02])
2,talk,8,1,8,ESTIMATE Agent[02] WEREWOLF
2,talk,9,1,2,REQUEST ANY (VOTE Agent[04])
2,talk,10,1,5,AND (DAY 1 (DIVINED Agent[03] HUMAN)) (DAY 2 (DIVINED Agent[07] HUMAN))
2,talk,11,1,7,REQUEST ANY (VOTE Agent[05])
2,talk,12,1,4,REQUEST ANY (VOTE Agent[05])
2,talk,13,1,6,REQUEST ANY (VOTE Agent[09])
2,talk,14,1,9,VOTE Agent[06]
2,talk,15,1,10,Over
2,talk,16,2,4,Skip
2,talk,17,2,5,DIVINED Agent[03] HUMAN
2,talk,18,2,10,Over
2,talk,19,2,7,Skip
2,talk,20,2,9,ESTIMATE Agent[06] WEREWOLF
2,talk,21,2,2,Skip
2,talk,22,2,6,Skip
2,talk,23,2,8,ESTIMATE Agent[02] WEREWOLF
2,talk,24,3,10,Over
2,talk,25,3,9,ESTIMATE Agent[06] WEREWOLF
2,talk,26,3,4,Skip
2,talk,27,3,5,DIVINED Agent[07] HUMAN
2,talk,28,3,6,Skip
2,talk,29,3,7,Skip
2,talk,30,3,2,Skip
2,talk,31,3,8,ESTIMATE Agent[02] WEREWOLF
2,talk,32,4,10,Over
2,talk,33,4,8,REQUEST ANY (VOTE Agent[02])
2,talk,34,4,5,VOTE Agent[06]
2,talk,35,4,7,Over
2,talk,36,4,2,Over
2,talk,37,4,4,Over
2,talk,38,4,6,Over
2,talk,39,4,9,ESTIMATE Agent[06] WEREWOLF
2,talk,40,5,10,Over
2,talk,41,5,9,REQUEST ANY (VOTE Agent[06])
2,talk,42,5,5,REQUEST ANY (VOTE Agent[06])
2,talk,43,5,2,Over
2,talk,44,5,6,Over
2,talk,45,5,8,VOTE Agent[02]
2,talk,46,5,7,Over
2,talk,47,5,4,Over
2,talk,48,6,8,ESTIMATE Agent[02] WEREWOLF
2,talk,49,6,5,Skip
2,talk,50,6,9,REQUEST ANY (VOTE Agent[06])
2,talk,51,6,2,Over
2,talk,52,6,7,Over
2,talk,53,6,10,Over
2,talk,54,6,4,Over
2,talk,55,6,6,Over
2,talk,56,7,2,Over
2,talk,57,7,4,Over
2,talk,58,7,8,VOTE Agent[02]
2,talk,59,7,10,Over
2,talk,60,7,6,Over
2,talk,61,7,9,VOTE Agent[06]
2,talk,62,7,7,Over
2,talk,63,7,5,Skip
2,talk,64,8,7,Over
2,talk,65,8,5,Over
2,talk,66,8,6,Over
2,talk,67,8,8,ESTIMATE Agent[02] WEREWOLF
2,talk,68,8,9,REQUEST ANY (VOTE Agent[06])
2,talk,69,8,4,Over
2,talk,70,8,10,Over
2,talk,71,8,2,Over
2,talk,72,9,6,Over
2,talk,73,9,7,Over
2,talk,74,9,8,VOTE Agent[02]
2,talk,75,9,9,ESTIMATE Agent[06] WEREWOLF
2,talk,76,9,10,Over
2,talk,77,9,2,Over
2,talk,78,9,5,Over
2,talk,79,9,4,Over
2,talk,80,10,9,Over
2,talk,81,10,6,Over
2,talk,82,10,10,Over
2,talk,83,10,5,Over
2,talk,84,10,2,Over
2,talk,85,10,7,Over
2,talk,86,10,4,Over
2,talk,87,10,8,Over
2,vote,2,6
2,vote,4,9
2,vote,5,6
2,vote,6,9
2,vote,7,2
2,vote,8,2
2,vote,9,6
2,vote,10,7
2,execute,6,WEREWOLF
2,divine,5,4,HUMAN
2,attack,4,true
3,status,1,BODYGUARD,DEAD,Sample7
3,status,2,VILLAGER,ALIVE,Sample6
3,status,3,MEDIUM,DEAD,Sample5
3,status,4,VILLAGER,DEAD,Sample4
3,status,5,SEER,ALIVE,Sample3
3,status,6,WEREWOLF,DEAD,Sample2
3,status,7,VILLAGER,ALIVE,Sample1
3,status,8,VILLAGER,ALIVE,omgus49
3,status,9,POSSESSED,ALIVE,omgus76
3,status,10,WEREWOLF,ALIVE,reporter
3,talk,0,0,8,VOTE Agent[02]
3,talk,1,0,2,VOTE Agent[07]
3,talk,2,0,7,VOTE Agent[10]
3,talk,3,0,9,REQUEST ANY (VOTE Agent[02])
3,talk,4,0,5,DAY 3 (DIVINED Agent[04] HUMAN)
3,talk,5,0,10,Over
3,talk,6,1,2,REQUEST ANY (VOTE Agent[07])
3,talk,7,1,9,VOTE Agent[02]
3,talk,8,1,5,DIVINED Agent[04] HUMAN
3,talk,9,1,10,Over
3,talk,10,1,8,ESTIMATE Agent[02] WEREWOLF
3,talk,11,1,7,REQUEST ANY (VOTE Agent[10])
3,talk,12,2,9,REQUEST ANY (VOTE Agent[02])
3,talk,13,2,8,VOTE Agent[02]
3,talk,14,2,2,Skip
3,talk,15,2,7,Skip
3,talk,16,2,5,VOTE Agent[02]
3,talk,17,2,10,Over
3,talk,18,3,2,Skip
3,talk,19,3,10,Over
3,talk,20,3,9,VOTE Agent[02]
3,talk,21,3,7,Skip
3,talk,22,3,5,REQUEST ANY (VOTE Agent[02])
3,talk,23,3,8,VOTE Agent[02]
3,talk,24,4,9,VOTE Agent[02]
3,talk,25,4,2,Over
3,talk,26,4,8,ESTIMATE Agent[02] WEREWOLF
3,talk,27,4,10,Over
3,talk,28,4,5,Skip
3,talk,29,4,7,Over
3,talk,30,5,9,ESTIMATE Agent[02] WEREWOLF
3,talk,31,5,5,Skip
3,talk,32,5,7,Over
3,talk,33,5,8,ESTIMATE Agent[02] WEREWOLF
3,talk,34,5,10,Over
3,talk,35,5,2,Over
3,talk,36,6,10,Over
3,talk,37,6,5,Over
3,talk,38,6,8,VOTE Agent[02]
3,talk,39,6,2,Over
3,talk,40,6,7,Over
3,talk,41,6,9,ESTIMATE Agent[02] WEREWOLF
3,talk,42,7,9,REQUEST ANY (VOTE Agent[02])
3,talk,43,7,7,Over
3,talk,44,7,8,REQUEST ANY (VOTE Agent[02])
3,talk,45,7,2,Over
3,talk,46,7,5,Over
3,talk,47,7,10,Over
3,talk,48,8,10,Over
3,talk,49,8,8,VOTE Agent[02]
3,talk,50,8,5,Over
3,talk,51,8,2,Over
3,talk,52,8,9,REQUEST ANY (VOTE Agent[02])
3,talk,53,8,7,Over
3,talk,54,9,9,ESTIMATE Agent[02] WEREWOLF
3,talk,55,9,10,Over
3,talk,56,9,5,Over
3,talk,57,9,8,VOTE Agent[02]
3,talk,58,9,7,Over
3,talk,59,9,2,Over
3,talk,60,10,8,Over
3,talk,61,10,9,Over
3,talk,62,10,5,Over
3,talk,63,10,7,Over
3,talk,64,10,2,Over
3,talk,65,10,10,Over
3,vote,2,10
3,vote,5,10
3,vote,7,2
3,vote,8,2
3,vote,9,2
3,vote,10,5
3,execute,2,VILLAGER
3,divine,5,8,HUMAN
3,attack,9,true
4,status,1,BODYGUARD,DEAD,Sample7
4,status,2,VILLAGER,DEAD,Sample6
4,status,3,MEDIUM,DEAD,Sample5
4,status,4,VILLAGER,DEAD,Sample4
4,status,5,SEER,ALIVE,Sample3
4,status,6,WEREWOLF,DEAD,Sample2
4,status,7,VILLAGER,ALIVE,Sample1
4,status,8,VILLAGER,ALIVE,omgus49
4,status,9,POSSESSED,DEAD,omgus76
4,status,10,WEREWOLF,ALIVE,reporter
4,talk,0,0,8,VOTE Agent[05]
4,talk,1,0,5,DAY 4 (DIVINED Agent[08] HUMAN)
4,talk,2,0,10,Over
4,talk,3,0,7,VOTE Agent[08]
4,talk,4,1,7,REQUEST ANY (VOTE Agent[08])
4,talk,5,1,5,DIVINED Agent[08] HUMAN
4,talk,6,1,10,Over
4,talk,7,1,8,REQUEST ANY (VOTE Agent[07])
4,talk,8,2,7,Skip
4,talk,9,2,8,REQUEST ANY (VOTE Agent[07])
4,talk,10,2,5,VOTE Agent[06]
4,talk,11,2,10,Over
4,talk,12,3,5,REQUEST ANY (VOTE Agent[06])
4,talk,13,3,7,Skip
4,talk,14,3,10,Over
4,talk,15,3,8,ESTIMATE Agent[07] WEREWOLF
4,talk,16,4,8,ESTIMATE Agent[07] WEREWOLF
4,talk,17,4,5,VOTE Agent[09]
4,talk,18,4,7,Over
4,talk,19,4,10,Over
4,talk,20,5,8,REQUEST ANY (VOTE Agent[07])
4,talk,21,5,5,REQUEST ANY (VOTE Agent[09])
4,talk,22,5,7,Over
4,talk,23,5,10,Over
4,talk,24,6,10,Over
4,talk,25,6,7,Over
4,talk,26,6,5,VOTE Agent[10]
4,talk,27,6,8,REQUEST ANY (VOTE Agent[07])
4,talk,28,7,10,Over
4,talk,29,7,7,Over
4,talk,30,7,5,REQUEST ANY (VOTE Agent[10])
4,talk,31,7,8,REQUEST ANY (VOTE Agent[07])
4,talk,32,8,8,ESTIMATE Agent[07] WEREWOLF
4,talk,33,8,7,Over
4,talk,34,8,10,Over
4,talk,35,8,5,Skip
4,talk,36,9,10,Over
4,talk,37,9,8,ESTIMATE Agent[07] WEREWOLF
4,talk,38,9,7,Over
4,talk,39,9,5,Skip
4,talk,40,10,7,Over
4,talk,41,10,10,Over
4,talk,42,10,8,Over
4,talk,43,10,5,Over
4,vote,5,7
4,vote,7,10
4,vote,8,7
4,vote,10,7
4,execute,7,VILLAGER
4,divine,5,10,WEREWOLF
4,attack,5,true
5,status,1,BODYGUARD,DEAD,Sample7
5,status,2,VILLAGER,DEAD,Sample6
5,status,3,MEDIUM,DEAD,Sample5
5,status,4,VILLAGER,DEAD,Sample4
5,status,5,SEER,DEAD,Sample3
5,status,6,WEREWOLF,DEAD,Sample2
5,status,7,VILLAGER,DEAD,Sample1
5,status,8,VILLAGER,ALIVE,omgus49
5,status,9,POSSESSED,DEAD,omgus76
5,status,10,WEREWOLF,ALIVE,reporter
5,result,1,1,WEREWOLF
