0,status,1,SEER,ALIVE,Sample7
0,status,2,VILLAGER,ALIVE,Sample6
0,status,3,BODYGUARD,ALIVE,Sample5
0,status,4,WEREWOLF,ALIVE,Sample4
0,status,5,VILLAGER,ALIVE,Sample3
0,status,6,MEDIUM,ALIVE,Sample2
0,status,7,VILLAGER,ALIVE,Sample1
0,status,8,VILLAGER,ALIVE,omgus49
0,status,9,POSSESSED,ALIVE,omgus76
0,status,10,WEREWOLF,ALIVE,reporter
0,whisper,0,0,4,COMINGOUT Agent[04] SEER
0,whisper,1,0,10,Over
0,whisper,2,1,4,Skip
0,whisper,3,1,10,Over
0,whisper,4,2,10,Over
0,whisper,5,2,4,Skip
0,whisper,6,3,4,Over
0,whisper,7,3,10,Over
0,divine,1,9,HUMAN
1,status,1,SEER,ALIVE,Sample7
1,status,2,VILLAGER,ALIVE,Sample6
1,status,3,BODYGUARD,ALIVE,Sample5
1,status,4,WEREWOLF,ALIVE,Sample4
1,status,5,VILLAGER,ALIVE,Sample3
1,status,6,MEDIUM,ALIVE,Sample2
1,status,7,VILLAGER,ALIVE,Sample1
1,status,8,VILLAGER,ALIVE,omgus49
1,status,9,POSSESSED,ALIVE,omgus76
1,status,10,WEREWOLF,ALIVE,reporter
1,talk,0,0,9,VOTE Agent[01]
1,talk,1,0,10,Over
1,talk,2,0,3,VOTE Agent[04]
1,talk,3,0,1,COMINGOUT Agent[01] SEER
1,talk,4,0,4,COMINGOUT Agent[04] SEER
1,talk,5,0,6,VOTE Agent[04]
1,talk,6,0,7,VOTE Agent[03]
1,talk,7,0,2,VOTE Agent[09]
1,talk,8,0,5,VOTE Agent[01]
1,talk,9,0,8,ESTIMATE Agent[01] WEREWOLF
1,talk,10,1,6,REQUEST ANY (VOTE Agent[04])
1,talk,11,1,1,DAY 1 (DIVINED Agent[09] HUMAN)
1,talk,12,1,9,REQUEST ANY (VOTE Agent[02])
1,talk,13,1,3,REQUEST ANY (VOTE Agent[04])
1,talk,14,1,7,REQUEST ANY (VOTE Agent[03])
1,talk,15,1,5,REQUEST ANY (VOTE Agent[01])
1,talk,16,1,2,REQUEST ANY (VOTE Agent[09])
1,talk,17,1,8,ESTIMATE Agent[01] WEREWOLF
1,talk,18,1,4,DAY 1 (DIVINED Agent[07] WEREWOLF)
1,talk,19,1,10,Over
1,talk,20,2,3,Skip
1,talk,21,2,6,Skip
1,talk,22,2,1,DIVINED Agent[09] HUMAN
1,talk,23,2,5,Skip
1,talk,24,2,2,Skip
1,talk,25,2,8,ESTIMATE Agent[01] WEREWOLF
1,talk,26,2,9,REQUEST ANY (VOTE Agent[02])
1,talk,27,2,10,Over
1,talk,28,2,7,BECAUSE (AND (COMINGOUT Agent[07] VILLAGER) (DAY 1 (Agent[04] DIVINED Agent[07] WEREWOLF))) (XOR (ESTIMATE Agent[04] WEREWOLF) (ESTIMATE Agent[04] POSSESSED))
1,talk,29,2,4,DIVINED Agent[07] WEREWOLF
1,talk,30,3,2,Skip
1,talk,31,3,3,Skip
1,talk,32,3,1,BECAUSE (AND (COMINGOUT Agent[01] SEER) (Agent[04] COMINGOUT Agent[04] SEER)) (XOR (ESTIMATE Agent[04] WEREWOLF) (ESTIMATE Agent[04] POSSESSED))
1,talk,33,3,10,Over
1,talk,34,3,5,Skip
1,talk,35,3,7,BECAUSE (XOR (ESTIMATE Agent[04] WEREWOLF) (ESTIMATE Agent[04] POSSESSED)) (AND (VOTE Agent[04]) (REQUEST ANY (VOTE Agent[04])))
1,talk,36,3,9,ESTIMATE Agent[02] WEREWOLF
1,talk,37,3,6,Skip
1,talk,38,3,4,BECAUSE (DAY 1 (DIVINED Agent[07] WEREWOLF)) (AND (VOTE Agent[07]) (REQUEST ANY (VOTE Agent[07])))
1,talk,39,3,8,REQUEST ANY (VOTE Agent[01])
1,talk,40,4,10,Over
1,talk,41,4,7,VOTE Agent[04]
1,talk,42,4,5,Over
1,talk,43,4,9,VOTE Agent[02]
1,talk,44,4,2,Over
1,talk,45,4,4,VOTE Agent[07]
1,talk,46,4,6,Over
1,talk,47,4,8,ESTIMATE Agent[01] WEREWOLF
1,talk,48,4,3,Over
1,talk,49,4,1,BECAUSE (XOR (ESTIMATE Agent[04] WEREWOLF) (ESTIMATE Agent[04] POSSESSED)) (AND (VOTE Agent[04]) (REQUEST ANY (VOTE Agent[04])))
1,talk,50,5,9,VOTE Agent[02]
1,talk,51,5,2,Over
1,talk,52,5,4,REQUEST ANY (VOTE Agent[07])
1,talk,53,5,10,Over
1,talk,54,5,6,Over
1,talk,55,5,8,ESTIMATE Agent[01] WEREWOLF
1,talk,56,5,5,Over
1,talk,57,5,1,VOTE Agent[04]
1,talk,58,5,3,Over
1,talk,59,5,7,REQUEST ANY (VOTE Agent[04])
1,talk,60,6,9,ESTIMATE Agent[02] WEREWOLF
1,talk,61,6,5,Over
1,talk,62,6,8,REQUEST ANY (VOTE Agent[01])
1,talk,63,6,2,Over
1,talk,64,6,1,REQUEST ANY (VOTE Agent[04])
1,talk,65,6,6,Over
1,talk,66,6,3,Over
1,talk,67,6,7,Skip
1,talk,68,6,10,Over
1,talk,69,6,4,Skip
1,talk,70,7,10,Over
1,talk,71,7,1,Skip
1,talk,72,7,4,Skip
1,talk,73,7,8,VOTE Agent[01]
1,talk,74,7,6,Over
1,talk,75,7,5,Over
1,talk,76,7,2,Over
1,talk,77,7,9,ESTIMATE Agent[02] WEREWOLF
1,talk,78,7,3,Over
1,talk,79,7,7,Skip
1,talk,80,8,10,Over
1,talk,81,8,3,Over
1,talk,82,8,7,Over
1,talk,83,8,6,Over
1,talk,84,8,2,Over
1,talk,85,8,8,VOTE Agent[01]
1,talk,86,8,9,VOTE Agent[02]
1,talk,87,8,1,Skip
1,talk,88,8,4,Over
1,talk,89,8,5,Over
1,talk,90,9,3,Over
1,talk,91,9,9,VOTE Agent[02]
1,talk,92,9,4,Over
1,talk,93,9,5,Over
1,talk,94,9,8,ESTIMATE Agent[01] WEREWOLF
1,talk,95,9,1,Over
1,talk,96,9,6,Over
1,talk,97,9,10,Over
1,talk,98,9,7,Over
1,talk,99,9,2,Over
1,talk,100,10,6,Over
1,talk,101,10,3,Over
1,talk,102,10,10,Over
1,talk,103,10,5,Over
1,talk,104,10,2,Over
1,talk,105,10,4,Over
1,talk,106,10,8,Over
1,talk,107,10,1,Over
1,talk,108,10,9,Over
1,talk,109,10,7,Over
1,vote,1,4
1,vote,2,7
1,vote,3,1
1,vote,4,7
1,vote,5,4
1,vote,6,4
1,vote,7,4
1,vote,8,1
1,vote,9,2
1,vote,10,5
1,execute,4,WEREWOLF
1,guard,3,1,SEER
1,attack,8,true
2,status,1,SEER,ALIVE,Sample7
2,status,2,VILLAGER,ALIVE,Sample6
2,status,3,BODYGUARD,ALIVE,Sample5
2,status,4,WEREWOLF,DEAD,Sample4
2,status,5,VILLAGER,ALIVE,Sample3
2,status,6,MEDIUM,ALIVE,Sample2
2,status,7,VILLAGER,ALIVE,Sample1
2,status,8,VILLAGER,DEAD,omgus49
2,status,9,POSSESSED,ALIVE,omgus76
2,status,10,WEREWOLF,ALIVE,reporter
2,talk,0,0,2,VOTE Agent[01]
2,talk,1,0,3,VOTE Agent[06]
2,talk,2,0,6,COMINGOUT Agent[06] MEDIUM
2,talk,3,0,7,VOTE Agent[02]
2,talk,4,0,9,REQUEST ANY (VOTE Agent[02])
2,talk,5,0,5,VOTE Agent[10]
2,talk,6,0,1,VOTE Agent[02]
2,talk,7,0,10,Over
2,talk,8,1,5,REQUEST ANY (VOTE Agent[10])
2,talk,9,1,10,Over
2,talk,10,1,2,REQUEST ANY (VOTE Agent[01])
2,talk,11,1,7,REQUEST ANY (VOTE Agent[02])
2,talk,12,1,6,DAY 2 (IDENTIFIED Agent[04] WEREWOLF)
2,talk,13,1,3,REQUEST ANY (VOTE Agent[06])
2,talk,14,1,1,REQUEST ANY (VOTE Agent[02])
2,talk,15,1,9,ESTIMATE Agent[02] WEREWOLF
2,talk,16,2,5,Skip
2,talk,17,2,9,ESTIMATE Agent[02] WEREWOLF
2,talk,18,2,2,Skip
2,talk,19,2,10,Over
2,talk,20,2,1,Skip
2,talk,21,2,3,Skip
2,talk,22,2,6,IDENTIFIED Agent[04] WEREWOLF
2,talk,23,2,7,Skip
2,talk,24,3,9,REQUEST ANY (VOTE Agent[02])
2,talk,25,3,6,VOTE Agent[03]
2,talk,26,3,7,Skip
2,talk,27,3,3,Skip
2,talk,28,3,1,Skip
2,talk,29,3,10,Over
2,talk,30,3,2,Skip
2,talk,31,3,5,Skip
2,talk,32,4,9,REQUEST ANY (VOTE Agent[02])
2,talk,33,4,2,Over
2,talk,34,4,6,REQUEST ANY (VOTE Agent[03])
2,talk,35,4,10,Over
2,talk,36,4,3,Over
2,talk,37,4,7,Over
2,talk,38,4,5,Over
2,talk,39,4,1,Over
2,talk,40,5,9,VOTE Agent[02]
2,talk,41,5,10,Over
2,talk,42,5,3,Over
2,talk,43,5,2,Over
2,talk,44,5,7,Over
2,talk,45,5,5,Over
2,talk,46,5,1,Over
2,talk,47,5,6,Skip
2,talk,48,6,9,VOTE Agent[02]
2,talk,49,6,5,Over
2,talk,50,6,3,Over
2,talk,51,6,6,Skip
2,talk,52,6,7,Over
2,talk,53,6,2,Over
2,talk,54,6,1,Over
2,talk,55,6,10,Over
2,talk,56,7,7,Over
2,talk,57,7,1,Over
2,talk,58,7,3,Over
2,talk,59,7,10,Over
2,talk,60,7,6,Over
2,talk,61,7,5,Over
2,talk,62,7,9,REQUEST ANY (VOTE Agent[02])
2,talk,63,7,2,Over
2,talk,64,8,7,Over
2,talk,65,8,1,Over
2,talk,66,8,10,Over
2,talk,67,8,2,Over
2,talk,68,8,6,Over
2,talk,69,8,9,REQUEST ANY (VOTE Agent[02])
2,talk,70,8,5,Over
2,talk,71,8,3,Over
2,talk,72,9,6,Over
2,talk,73,9,10,Over
2,talk,74,9,1,Over
2,talk,75,9,7,Over
2,talk,76,9,2,Over
2,talk,77,9,5,Over
2,talk,78,9,9,REQUEST ANY (VOTE Agent[02])
2,talk,79,9,3,Over
2,talk,80,10,5,Over
2,talk,81,10,10,Over
2,talk,82,10,7,Over
2,talk,83,10,1,Over
2,talk,84,10,3,Over
2,talk,85,10,6,Over
2,talk,86,10,9,Over
2,talk,87,10,2,Over
2,vote,1,3
2,vote,2,10
2,vote,3,1
2,vote,5,1
2,vote,6,2
2,vote,7,10
2,vote,9,2
2,vote,10,7
2,vote,1,2
2,vote,2,1
2,vote,3,1
2,vote,5,1
2,vote,6,1
2,vote,7,1
2,vote,9,2
2,vote,10,6
2,execute,1,SEER
2,guard,3,6,MEDIUM
2,attack,7,true
3,status,1,SEER,DEAD,Sample7
3,status,2,VILLAGER,ALIVE,Sample6
3,status,3,BODYGUARD,ALIVE,Sample5
3,status,4,WEREWOLF,DEAD,Sample4
3,status,5,VILLAGER,ALIVE,Sample3
3,status,6,MEDIUM,ALIVE,Sample2
3,status,7,VILLAGER,DEAD,Sample1
3,status,8,VILLAGER,DEAD,omgus49
3,status,9,POSSESSED,ALIVE,omgus76
3,status,10,WEREWOLF,ALIVE,reporter
3,talk,0,0,10,Over
3,talk,1,0,6,DAY 3 (IDENTIFIED Agent[01] HUMAN)
3,talk,2,0,3,VOTE Agent[10]
3,talk,3,0,9,ESTIMATE Agent[02] WEREWOLF
3,talk,4,0,2,VOTE Agent[10]
3,talk,5,0,5,VOTE Agent[03]
3,talk,6,1,10,Over
3,talk,7,1,6,IDENTIFIED Agent[01] HUMAN
3,talk,8,1,9,ESTIMATE Agent[02] WEREWOLF
3,talk,9,1,2,REQUEST ANY (VOTE Agent[10])
3,talk,10,1,5,REQUEST ANY (VOTE Agent[03])
3,talk,11,1,3,REQUEST ANY (VOTE Agent[10])
3,talk,12,2,3,Skip
3,talk,13,2,10,Over
3,talk,14,2,5,Skip
3,talk,15,2,9,ESTIMATE Agent[02] WEREWOLF
3,talk,16,2,6,VOTE Agent[03]
3,talk,17,2,2,Skip
3,talk,18,3,6,REQUEST ANY (VOTE Agent[03])
3,talk,19,3,10,Over
3,talk,20,3,2,Skip
3,talk,21,3,9,VOTE Agent[02]
3,talk,22,3,5,Skip
3,talk,23,3,3,Skip
3,talk,24,4,6,Skip
3,talk,25,4,3,Over
3,talk,26,4,2,Over
3,talk,27,4,10,Over
3,talk,28,4,5,Over
3,talk,29,4,9,REQUEST ANY (VOTE Agent[02])
3,talk,30,5,5,Over
3,talk,31,5,6,Skip
3,talk,32,5,9,REQUEST ANY (VOTE Agent[02])
3,talk,33,5,3,Over
3,talk,34,5,2,Over
3,talk,35,5,10,Over
3,talk,36,6,10,Over
3,talk,37,6,9,ESTIMATE Agent[02] WEREWOLF
3,talk,38,6,5,Over
3,talk,39,6,6,Over
3,talk,40,6,2,Over
3,talk,41,6,3,Over
3,talk,42,7,3,Over
3,talk,43,7,2,Over
3,talk,44,7,10,Over
3,talk,45,7,5,Over
3,talk,46,7,6,Over
3,talk,47,7,9,VOTE Agent[02]
3,talk,48,8,9,VOTE Agent[02]
3,talk,49,8,3,Over
3,talk,50,8,2,Over
3,talk,51,8,6,Over
3,talk,52,8,10,Over
3,talk,53,8,5,Over
3,talk,54,9,6,Over
3,talk,55,9,3,Over
3,talk,56,9,5,Over
3,talk,57,9,2,Over
3,talk,58,9,10,Over
3,talk,59,9,9,VOTE Agent[02]
3,talk,60,10,9,Over
3,talk,61,10,3,Over
3,talk,62,10,5,Over
3,talk,63,10,6,Over
3,talk,64,10,10,Over
3,talk,65,10,2,Over
3,vote,2,10
3,vote,3,10
3,vote,5,10
3,vote,6,3
3,vote,9,2
3,vote,10,9
3,execute,10,WEREWOLF
3,guard,3,6,MEDIUM
4,status,1,SEER,DEAD,Sample7
4,status,2,VILLAGER,ALIVE,Sample6
4,status,3,BODYGUARD,ALIVE,Sample5
4,status,4,WEREWOLF,DEAD,Sample4
4,status,5,VILLAGER,ALIVE,Sample3
4,status,6,MEDIUM,ALIVE,Sample2
4,status,7,VILLAGER,DEAD,Sample1
4,status,8,VILLAGER,DEAD,omgus49
4,status,9,POSSESSED,ALIVE,omgus76
4,status,10,WEREWOLF,DEAD,reporter
4,result,5,0,VILLAGER
