0,status,1,VILLAGER,ALIVE,Sample7
0,status,2,SEER,ALIVE,Sample6
0,status,3,BODYGUARD,ALIVE,Sample5
0,status,4,WEREWOLF,ALIVE,Sample4
0,status,5,VILLAGER,ALIVE,Sample3
0,status,6,WEREWOLF,ALIVE,Sample2
0,status,7,VILLAGER,ALIVE,Sample1
0,status,8,VILLAGER,ALIVE,omgus49
0,status,9,MEDIUM,ALIVE,omgus76
0,status,10,POSSESSED,ALIVE,reporter
0,whisper,0,0,6,COMINGOUT Agent[06] VILLAGER
0,whisper,1,0,4,COMINGOUT Agent[04] SEER
0,whisper,2,1,4,Skip
0,whisper,3,1,6,Skip
0,whisper,4,2,6,Skip
0,whisper,5,2,4,Skip
0,whisper,6,3,6,Over
0,whisper,7,3,4,Over
0,divine,2,10,HUMAN
1,status,1,VILLAGER,ALIVE,Sample7
1,status,2,SEER,ALIVE,Sample6
1,status,3,BODYGUARD,ALIVE,Sample5
1,status,4,WEREWOLF,ALIVE,Sample4
1,status,5,VILLAGER,ALIVE,Sample3
1,status,6,WEREWOLF,ALIVE,Sample2
1,status,7,VILLAGER,ALIVE,Sample1
1,status,8,VILLAGER,ALIVE,omgus49
1,status,9,MEDIUM,ALIVE,omgus76
1,status,10,POSSESSED,ALIVE,reporter
1,talk,0,0,7,VOTE Agent[05]
1,talk,1,0,8,REQUEST ANY (VOTE Agent[01])
1,talk,2,0,1,VOTE Agent[03]
1,talk,3,0,10,Over
1,talk,4,0,5,VOTE Agent[04]
1,talk,5,0,3,VOTE Agent[06]
1,talk,6,0,2,VOTE Agent[04]
1,talk,7,0,9,VOTE Agent[01]
1,talk,8,0,4,VOTE Agent[05]
1,talk,9,0,6,VOTE Agent[05]
1,talk,10,1,3,REQUEST ANY (VOTE Agent[06])
1,talk,11,1,7,REQUEST ANY (VOTE Agent[05])
1,talk,12,1,8,ESTIMATE Agent[01] WEREWOLF
1,talk,13,1,10,Over
1,talk,14,1,5,REQUEST ANY (VOTE Agent[04])
1,talk,15,1,6,REQUEST ANY (VOTE Agent[05])
1,talk,16,1,1,REQUEST ANY (VOTE Agent[03])
1,talk,17,1,4,REQUEST ANY (VOTE Agent[05])
1,talk,18,1,2,REQUEST ANY (VOTE Agent[04])
1,talk,19,1,9,VOTE Agent[01]
1,talk,20,2,9,VOTE Agent[01]
1,talk,21,2,5,Skip
1,talk,22,2,10,Over
1,talk,23,2,4,Skip
1,talk,24,2,2,Skip
1,talk,25,2,3,Skip
1,talk,26,2,7,Skip
1,talk,27,2,8,VOTE Agent[01]
1,talk,28,2,6,Skip
1,talk,29,2,1,Skip
1,talk,30,3,2,Skip
1,talk,31,3,9,REQUEST ANY (VOTE Agent[01])
1,talk,32,3,7,Skip
1,talk,33,3,1,Skip
1,talk,34,3,10,Over
1,talk,35,3,5,Skip
1,talk,36,3,4,Skip
1,talk,37,3,8,ESTIMATE Agent[01] WEREWOLF
1,talk,38,3,3,Skip
1,talk,39,3,6,Skip
1,talk,40,4,4,Over
1,talk,41,4,1,Over
1,talk,42,4,3,Over
1,talk,43,4,5,Over
1,talk,44,4,8,VOTE Agent[01]
1,talk,45,4,6,Over
1,talk,46,4,7,Over
1,talk,47,4,9,VOTE Agent[01]
1,talk,48,4,2,Over
1,talk,49,4,10,Over
1,talk,50,5,7,Over
1,talk,51,5,4,Over
1,talk,52,5,10,Over
1,talk,53,5,1,Over
1,talk,54,5,3,Over
1,talk,55,5,9,VOTE Agent[01]
1,talk,56,5,6,Over
1,talk,57,5,5,Over
1,talk,58,5,8,REQUEST ANY (VOTE Agent[01])
1,talk,59,5,2,Over
1,talk,60,6,10,Over
1,talk,61,6,4,Over
1,talk,62,6,9,REQUEST ANY (VOTE Agent[01])
1,talk,63,6,3,Over
1,talk,64,6,5,Over
1,talk,65,6,1,Over
1,talk,66,6,2,Over
1,talk,67,6,7,Over
1,talk,68,6,6,Over
1,talk,69,6,8,ESTIMATE Agent[01] WEREWOLF
1,talk,70,7,6,Over
1,talk,71,7,1,Over
1,talk,72,7,5,Over
1,talk,73,7,8,REQUEST ANY (VOTE Agent[01])
1,talk,74,7,3,Over
1,talk,75,7,7,Over
1,talk,76,7,4,Over
1,talk,77,7,2,Over
1,talk,78,7,9,VOTE Agent[01]
1,talk,79,7,10,Over
1,talk,80,8,7,Over
1,talk,81,8,4,Over
1,talk,82,8,8,REQUEST ANY (VOTE Agent[01])
1,talk,83,8,3,Over
1,talk,84,8,6,Over
1,talk,85,8,1,Over
1,talk,86,8,2,Over
1,talk,87,8,9,REQUEST ANY (VOTE Agent[01])
1,talk,88,8,5,Over
1,talk,89,8,10,Over
1,talk,90,9,3,Over
1,talk,91,9,2,Over
1,talk,92,9,1,Over
1,talk,93,9,9,ESTIMATE Agent[01] WEREWOLF
1,talk,94,9,6,Over
1,talk,95,9,8,ESTIMATE Agent[01] WEREWOLF
1,talk,96,9,4,Over
1,talk,97,9,7,Over
1,talk,98,9,5,Over
1,talk,99,9,10,Over
1,talk,100,10,2,Over
1,talk,101,10,6,Over
1,talk,102,10,1,Over
1,talk,103,10,9,Over
1,talk,104,10,5,Over
1,talk,105,10,10,Over
1,talk,106,10,4,Over
1,talk,107,10,3,Over
1,talk,108,10,7,Over
1,talk,109,10,8,Over
1,vote,1,5
1,vote,2,5
1,vote,3,4
1,vote,4,5
1,vote,5,1
1,vote,6,5
1,vote,7,1
1,vote,8,1
1,vote,9,1
1,vote,10,7
1,vote,1,5
1,vote,2,1
1,vote,3,1
1,vote,4,1
1,vote,5,1
1,vote,6,1
1,vote,7,1
1,vote,8,1
1,vote,9,1
1,vote,10,7
1,execute,1,VILLAGER
1,divine,2,5,HUMAN
1,whisper,0,0,6,ATTACK Agent[07]
1,whisper,1,0,4,ATTACK Agent[09]
1,whisper,2,1,4,Skip
1,whisper,3,1,6,Skip
1,whisper,4,2,6,Skip
1,whisper,5,2,4,Skip
1,whisper,6,3,4,Over
1,whisper,7,3,6,Over
1,guard,3,6,WEREWOLF
1,attackVote,4,9
1,attackVote,6,7
1,attackVote,4,9
1,attackVote,6,7
1,attack,7,true
2,status,1,VILLAGER,DEAD,Sample7
2,status,2,SEER,ALIVE,Sample6
2,status,3,BODYGUARD,ALIVE,Sample5
2,status,4,WEREWOLF,ALIVE,Sample4
2,status,5,VILLAGER,ALIVE,Sample3
2,status,6,WEREWOLF,ALIVE,Sample2
2,status,7,VILLAGER,DEAD,Sample1
2,status,8,VILLAGER,ALIVE,omgus49
2,status,9,MEDIUM,ALIVE,omgus76
2,status,10,POSSESSED,ALIVE,reporter
2,talk,0,0,3,VOTE Agent[08]
2,talk,1,0,5,VOTE Agent[08]
2,talk,2,0,6,VOTE Agent[03]
2,talk,3,0,8,REQUEST ANY (VOTE Agent[03])
2,talk,4,0,4,VOTE Agent[10]
2,talk,5,0,2,COMINGOUT Agent[02] SEER
2,talk,6,0,10,Over
2,talk,7,0,9,VOTE Agent[02]
2,talk,8,1,9,REQUEST ANY (VOTE Agent[02])
2,talk,9,1,4,REQUEST ANY (VOTE Agent[10])
2,talk,10,1,2,AND (DAY 1 (DIVINED Agent[10] HUMAN)) (DAY 2 (DIVINED Agent[05] HUMAN))
2,talk,11,1,3,REQUEST ANY (VOTE Agent[08])
2,talk,12,1,10,Over
2,talk,13,1,6,REQUEST ANY (VOTE Agent[03])
2,talk,14,1,8,ESTIMATE Agent[03] WEREWOLF
2,talk,15,1,5,REQUEST ANY (VOTE Agent[08])
2,talk,16,2,8,REQUEST ANY (VOTE Agent[03])
2,talk,17,2,6,Skip
2,talk,18,2,5,Skip
2,talk,19,2,2,DIVINED Agent[10] HUMAN
2,talk,20,2,4,COMINGOUT Agent[04] SEER
2,talk,21,2,10,Over
2,talk,22,2,9,REQUEST ANY (VOTE Agent[02])
2,talk,23,2,3,Skip
2,talk,24,3,5,Skip
2,talk,25,3,2,DIVINED Agent[05] HUMAN
2,talk,26,3,10,Over
2,talk,27,3,8,ESTIMATE Agent[03] WEREWOLF
2,talk,28,3,9,VOTE Agent[02]
2,talk,29,3,4,AND (DAY 1 (DIVINED Agent[05] WEREWOLF)) (DAY 2 (DIVINED Agent[10] WEREWOLF))
2,talk,30,3,6,Skip
2,talk,31,3,3,Skip
2,talk,32,4,4,DIVINED Agent[05] WEREWOLF
2,talk,33,4,8,REQUEST ANY (VOTE Agent[03])
2,talk,34,4,10,Over
2,talk,35,4,9,REQUEST ANY (VOTE Agent[02])
2,talk,36,4,3,Over
2,talk,37,4,2,BECAUSE (AND (COMINGOUT Agent[02] SEER) (Agent[04] COMINGOUT Agent[04] SEER)) (XOR (ESTIMATE Agent[04] WEREWOLF) (ESTIMATE Agent[04] POSSESSED))
2,talk,38,4,5,BECAUSE (AND (COMINGOUT Agent[05] VILLAGER) (DAY 2 (Agent[04] DIVINED Agent[05] WEREWOLF))) (XOR (ESTIMATE Agent[04] WEREWOLF) (ESTIMATE Agent[04] POSSESSED))
2,talk,39,4,6,Over
2,talk,40,5,8,VOTE Agent[03]
2,talk,41,5,10,Over
2,talk,42,5,2,BECAUSE (XOR (ESTIMATE Agent[04] WEREWOLF) (ESTIMATE Agent[04] POSSESSED)) (AND (VOTE Agent[04]) (REQUEST ANY (VOTE Agent[04])))
2,talk,43,5,6,Over
2,talk,44,5,3,Over
2,talk,45,5,5,BECAUSE (XOR (ESTIMATE Agent[04] WEREWOLF) (ESTIMATE Agent[04] POSSESSED)) (AND (VOTE Agent[04]) (REQUEST ANY (VOTE Agent[04])))
2,talk,46,5,4,DIVINED Agent[10] WEREWOLF
2,talk,47,5,9,ESTIMATE Agent[02] WEREWOLF
2,talk,48,6,3,Over
2,talk,49,6,5,VOTE Agent[04]
2,talk,50,6,8,REQUEST ANY (VOTE Agent[03])
2,talk,51,6,10,Over
2,talk,52,6,4,Skip
2,talk,53,6,6,Over
2,talk,54,6,9,REQUEST ANY (VOTE Agent[02])
2,talk,55,6,2,VOTE Agent[04]
2,talk,56,7,9,VOTE Agent[02]
2,talk,57,7,2,REQUEST ANY (VOTE Agent[04])
2,talk,58,7,8,REQUEST ANY (VOTE Agent[03])
2,talk,59,7,4,Skip
2,talk,60,7,10,Over
2,talk,61,7,3,Over
2,talk,62,7,5,REQUEST ANY (VOTE Agent[04])
2,talk,63,7,6,Over
2,talk,64,8,4,Over
2,talk,65,8,5,Skip
2,talk,66,8,2,Skip
2,talk,67,8,3,Over
2,talk,68,8,10,Over
2,talk,69,8,8,VOTE Agent[03]
2,talk,70,8,6,Over
2,talk,71,8,9,VOTE Agent[02]
2,talk,72,9,3,Over
2,talk,73,9,9,VOTE Agent[02]
2,talk,74,9,8,VOTE Agent[03]
2,talk,75,9,2,Skip
2,talk,76,9,4,Over
2,talk,77,9,5,Skip
2,talk,78,9,6,Over
2,talk,79,9,10,Over
2,talk,80,10,10,Over
2,talk,81,10,5,Over
2,talk,82,10,3,Over
2,talk,83,10,8,Over
2,talk,84,10,6,Over
2,talk,85,10,9,Over
2,talk,86,10,2,Over
2,talk,87,10,4,Over
2,vote,2,4
2,vote,3,4
2,vote,4,10
2,vote,5,4
2,vote,6,3
2,vote,8,3
2,vote,9,2
2,vote,10,9
2,execute,4,WEREWOLF
2,guard,3,2,SEER
2,attackVote,6,2
2,attack,2,false
3,status,1,VILLAGER,DEAD,Sample7
3,status,2,SEER,ALIVE,Sample6
3,status,3,BODYGUARD,ALIVE,Sample5
3,status,4,WEREWOLF,DEAD,Sample4
3,status,5,VILLAGER,ALIVE,Sample3
3,status,6,WEREWOLF,ALIVE,Sample2
3,status,7,VILLAGER,DEAD,Sample1
3,status,8,VILLAGER,ALIVE,omgus49
3,status,9,MEDIUM,ALIVE,omgus76
3,status,10,POSSESSED,ALIVE,reporter
3,talk,0,0,10,Over
3,talk,1,0,9,ESTIMATE Agent[10] WEREWOLF
3,talk,2,0,8,ESTIMATE Agent[03] WEREWOLF
3,talk,3,0,5,VOTE Agent[02]
3,talk,4,0,6,VOTE Agent[02]
3,talk,5,0,2,VOTE Agent[08]
3,talk,6,0,3,VOTE Agent[06]
3,talk,7,1,3,REQUEST ANY (VOTE Agent[06])
3,talk,8,1,9,REQUEST ANY (VOTE Agent[10])
3,talk,9,1,2,REQUEST ANY (VOTE Agent[08])
3,talk,10,1,6,REQUEST ANY (VOTE Agent[02])
3,talk,11,1,10,Over
3,talk,12,1,8,VOTE Agent[02]
3,talk,13,1,5,REQUEST ANY (VOTE Agent[02])
3,talk,14,2,6,Skip
3,talk,15,2,5,Skip
3,talk,16,2,2,Skip
3,talk,17,2,3,Skip
3,talk,18,2,8,REQUEST ANY (VOTE Agent[02])
3,talk,19,2,10,Over
3,talk,20,2,9,ESTIMATE Agent[10] WEREWOLF
3,talk,21,3,10,Over
3,talk,22,3,8,VOTE Agent[02]
3,talk,23,3,2,Skip
3,talk,24,3,5,Skip
3,talk,25,3,6,Skip
3,talk,26,3,9,REQUEST ANY (VOTE Agent[10])
3,talk,27,3,3,Skip
3,talk,28,4,6,Over
3,talk,29,4,9,ESTIMATE Agent[10] WEREWOLF
3,talk,30,4,10,Over
3,talk,31,4,2,Over
3,talk,32,4,5,Over
3,talk,33,4,8,VOTE Agent[02]
3,talk,34,4,3,Over
3,talk,35,5,2,Over
3,talk,36,5,8,ESTIMATE Agent[02] WEREWOLF
3,talk,37,5,5,Over
3,talk,38,5,9,VOTE Agent[10]
3,talk,39,5,10,Over
3,talk,40,5,6,Over
3,talk,41,5,3,Over
3,talk,42,6,8,ESTIMATE Agent[02] WEREWOLF
3,talk,43,6,5,Over
3,talk,44,6,6,Over
3,talk,45,6,9,VOTE Agent[10]
3,talk,46,6,3,Over
3,talk,47,6,10,Over
3,talk,48,6,2,Over
3,talk,49,7,8,REQUEST ANY (VOTE Agent[02])
3,talk,50,7,2,Over
3,talk,51,7,3,Over
3,talk,52,7,9,REQUEST ANY (VOTE Agent[10])
3,talk,53,7,5,Over
3,talk,54,7,10,Over
3,talk,55,7,6,Over
3,talk,56,8,8,VOTE Agent[02]
3,talk,57,8,6,Over
3,talk,58,8,9,VOTE Agent[10]
3,talk,59,8,2,Over
3,talk,60,8,10,Over
3,talk,61,8,5,Over
3,talk,62,8,3,Over
3,talk,63,9,2,Over
3,talk,64,9,9,REQUEST ANY (VOTE Agent[10])
3,talk,65,9,10,Over
3,talk,66,9,5,Over
3,talk,67,9,3,Over
3,talk,68,9,8,VOTE Agent[02]
3,talk,69,9,6,Over
3,talk,70,10,3,Over
3,talk,71,10,9,Over
3,talk,72,10,6,Over
3,talk,73,10,8,Over
3,talk,74,10,5,Over
3,talk,75,10,10,Over
3,talk,76,10,2,Over
3,vote,2,10
3,vote,3,10
3,vote,5,2
3,vote,6,2
3,vote,8,2
3,vote,9,10
3,vote,10,9
3,vote,2,10
3,vote,3,2
3,vote,5,2
3,vote,6,2
3,vote,8,2
3,vote,9,10
3,vote,10,8
3,execute,2,SEER
3,guard,3,10,POSSESSED
3,attackVote,6,5
3,attack,5,true
4,status,1,VILLAGER,DEAD,Sample7
4,status,2,SEER,DEAD,Sample6
4,status,3,BODYGUARD,ALIVE,Sample5
4,status,4,WEREWOLF,DEAD,Sample4
4,status,5,VILLAGER,DEAD,Sample3
4,status,6,WEREWOLF,ALIVE,Sample2
4,status,7,VILLAGER,DEAD,Sample1
4,status,8,VILLAGER,ALIVE,omgus49
4,status,9,MEDIUM,ALIVE,omgus76
4,status,10,POSSESSED,ALIVE,reporter
4,talk,0,0,8,REQUEST ANY (VOTE Agent[10])
4,talk,1,0,9,ESTIMATE Agent[10] WEREWOLF
4,talk,2,0,6,VOTE Agent[09]
4,talk,3,0,10,Over
4,talk,4,0,3,VOTE Agent[06]
4,talk,5,1,3,REQUEST ANY (VOTE Agent[06])
4,talk,6,1,6,REQUEST ANY (VOTE Agent[09])
4,talk,7,1,9,ESTIMATE Agent[10] WEREWOLF
4,talk,8,1,8,REQUEST ANY (VOTE Agent[10])
4,talk,9,1,10,Over
4,talk,10,2,8,ESTIMATE Agent[10] WEREWOLF
4,talk,11,2,9,VOTE Agent[10]
4,talk,12,2,10,Over
4,talk,13,2,3,Skip
4,talk,14,2,6,Skip
4,talk,15,3,8,VOTE Agent[10]
4,talk,16,3,6,Skip
4,talk,17,3,9,ESTIMATE Agent[10] WEREWOLF
4,talk,18,3,3,Skip
4,talk,19,3,10,Over
4,talk,20,4,8,REQUEST ANY (VOTE Agent[10])
4,talk,21,4,6,Over
4,talk,22,4,9,REQUEST ANY (VOTE Agent[10])
4,talk,23,4,10,Over
4,talk,24,4,3,Over
4,talk,25,5,8,REQUEST ANY (VOTE Agent[10])
4,talk,26,5,10,Over
4,talk,27,5,6,Over
4,talk,28,5,9,VOTE Agent[10]
4,talk,29,5,3,Over
4,talk,30,6,10,Over
4,talk,31,6,9,VOTE Agent[10]
4,talk,32,6,3,Over
4,talk,33,6,8,REQUEST ANY (VOTE Agent[10])
4,talk,34,6,6,Over
4,talk,35,7,6,Over
4,talk,36,7,10,Over
4,talk,37,7,9,ESTIMATE Agent[10] WEREWOLF
4,talk,38,7,8,VOTE Agent[10]
4,talk,39,7,3,Over
4,talk,40,8,9,ESTIMATE Agent[10] WEREWOLF
4,talk,41,8,3,Over
4,talk,42,8,10,Over
4,talk,43,8,8,VOTE Agent[10]
4,talk,44,8,6,Over
4,talk,45,9,6,Over
4,talk,46,9,9,ESTIMATE Agent[10] WEREWOLF
4,talk,47,9,3,Over
4,talk,48,9,8,ESTIMATE Agent[10] WEREWOLF
4,talk,49,9,10,Over
4,talk,50,10,3,Over
4,talk,51,10,8,Over
4,talk,52,10,6,Over
4,talk,53,10,9,Over
4,talk,54,10,10,Over
4,vote,3,9
4,vote,6,9
4,vote,8,10
4,vote,9,10
4,vote,10,8
4,vote,3,9
4,vote,6,9
4,vote,8,10
4,vote,9,10
4,vote,10,6
4,execute,10,POSSESSED
4,guard,3,9,MEDIUM
4,attackVote,6,8
4,attack,8,true
5,status,1,VILLAGER,DEAD,Sample7
5,status,2,SEER,DEAD,Sample6
5,status,3,BODYGUARD,ALIVE,Sample5
5,status,4,WEREWOLF,DEAD,Sample4
5,status,5,VILLAGER,DEAD,Sample3
5,status,6,WEREWOLF,ALIVE,Sample2
5,status,7,VILLAGER,DEAD,Sample1
5,status,8,VILLAGER,DEAD,omgus49
5,status,9,MEDIUM,ALIVE,omgus76
5,status,10,POSSESSED,DEAD,reporter
5,talk,0,0,6,VOTE Agent[03]
5,talk,1,0,3,VOTE Agent[06]
5,talk,2,0,9,REQUEST ANY (VOTE Agent[06])
5,talk,3,1,3,REQUEST ANY (VOTE Agent[06])
5,talk,4,1,6,REQUEST ANY (VOTE Agent[03])
5,talk,5,1,9,VOTE Agent[06]
5,talk,6,2,9,ESTIMATE Agent[06] WEREWOLF
5,talk,7,2,3,Skip
5,talk,8,2,6,Skip
5,talk,9,3,6,Skip
5,talk,10,3,9,ESTIMATE Agent[06] WEREWOLF
5,talk,11,3,3,Skip
5,talk,12,4,3,Over
5,talk,13,4,9,ESTIMATE Agent[06] WEREWOLF
5,talk,14,4,6,Over
5,talk,15,5,6,Over
5,talk,16,5,3,Over
5,talk,17,5,9,ESTIMATE Agent[06] WEREWOLF
5,talk,18,6,3,Over
5,talk,19,6,9,REQUEST ANY (VOTE Agent[06])
5,talk,20,6,6,Over
5,talk,21,7,3,Over
5,talk,22,7,6,Over
5,talk,23,7,9,VOTE Agent[06]
5,talk,24,8,3,Over
5,talk,25,8,6,Over
5,talk,26,8,9,ESTIMATE Agent[06] WEREWOLF
5,talk,27,9,3,Over
5,talk,28,9,9,ESTIMATE Agent[06] WEREWOLF
5,talk,29,9,6,Over
5,talk,30,10,6,Over
5,talk,31,10,9,Over
5,talk,32,10,3,Over
5,vote,3,6
5,vote,6,3
5,vote,9,6
5,execute,6,WEREWOLF
5,guard,3,9,MEDIUM
6,status,1,VILLAGER,DEAD,Sample7
6,status,2,SEER,DEAD,Sample6
6,status,3,BODYGUARD,ALIVE,Sample5
6,status,4,WEREWOLF,DEAD,Sample4
6,status,5,VILLAGER,DEAD,Sample3
6,status,6,WEREWOLF,DEAD,Sample2
6,status,7,VILLAGER,DEAD,Sample1
6,status,8,VILLAGER,DEAD,omgus49
6,status,9,MEDIUM,ALIVE,omgus76
6,status,10,POSSESSED,DEAD,reporter
6,result,2,0,VILLAGER
