0,status,1,VILLAGER,ALIVE,Sample7
0,status,2,MEDIUM,ALIVE,Sample6
0,status,3,VILLAGER,ALIVE,Sample5
0,status,4,POSSESSED,ALIVE,Sample4
0,status,5,BODYGUARD,ALIVE,Sample3
0,status,6,SEER,ALIVE,Sample2
0,status,7,WEREWOLF,ALIVE,Sample1
0,status,8,VILLAGER,ALIVE,omgus49
0,status,9,WEREWOLF,ALIVE,omgus76
0,status,10,VILLAGER,ALIVE,reporter
0,whisper,0,0,7,COMINGOUT Agent[07] VILLAGER
0,whisper,1,0,9,ATTACK Agent[01]
0,whisper,2,1,7,Skip
0,whisper,3,1,9,ATTACK Agent[01]
0,whisper,4,2,7,Skip
0,whisper,5,2,9,ATTACK Agent[01]
0,whisper,6,3,9,ATTACK Agent[01]
0,whisper,7,3,7,Over
0,whisper,8,4,7,Over
0,whisper,9,4,9,ATTACK Agent[01]
0,whisper,10,5,9,ATTACK Agent[01]
0,whisper,11,5,7,Over
0,whisper,12,6,7,Over
0,whisper,13,6,9,ATTACK Agent[01]
0,whisper,14,7,7,Over
0,whisper,15,7,9,ATTACK Agent[01]
0,whisper,16,8,9,ATTACK Agent[01]
0,whisper,17,8,7,Over
0,whisper,18,9,7,Over
0,whisper,19,9,9,ATTACK Agent[01]
0,whisper,20,10,9,Over
0,whisper,21,10,7,Over
0,divine,6,2,HUMAN
1,status,1,VILLAGER,ALIVE,Sample7
1,status,2,MEDIUM,ALIVE,Sample6
1,status,3,VILLAGER,ALIVE,Sample5
1,status,4,POSSESSED,ALIVE,Sample4
1,status,5,BODYGUARD,ALIVE,Sample3
1,status,6,SEER,ALIVE,Sample2
1,status,7,WEREWOLF,ALIVE,Sample1
1,status,8,VILLAGER,ALIVE,omgus49
1,status,9,WEREWOLF,ALIVE,omgus76
1,status,10,VILLAGER,ALIVE,reporter
1,talk,0,0,3,VOTE Agent[01]
1,talk,1,0,8,REQUEST ANY (VOTE Agent[01])
1,talk,2,0,6,COMINGOUT Agent[06] SEER
1,talk,3,0,7,VOTE Agent[01]
1,talk,4,0,1,VOTE Agent[10]
1,talk,5,0,10,Over
1,talk,6,0,5,VOTE Agent[01]
1,talk,7,0,4,COMINGOUT Agent[04] SEER
1,talk,8,0,2,COMINGOUT Agent[02] MEDIUM
1,talk,9,0,9,ESTIMATE Agent[01] WEREWOLF
1,talk,10,1,10,Over
1,talk,11,1,7,REQUEST ANY (VOTE Agent[01])
1,talk,12,1,9,REQUEST ANY (VOTE Agent[01])
1,talk,13,1,1,REQUEST ANY (VOTE Agent[10])
1,talk,14,1,5,REQUEST ANY (VOTE Agent[01])
1,talk,15,1,8,VOTE Agent[01]
1,talk,16,1,6,DAY 1 (DIVINED Agent[02] HUMAN)
1,talk,17,1,3,REQUEST ANY (VOTE Agent[01])
1,talk,18,1,2,VOTE Agent[08]
1,talk,19,1,4,DAY 1 (DIVINED Agent[06] WEREWOLF)
1,talk,20,2,3,Skip
1,talk,21,2,4,DIVINED Agent[06] WEREWOLF
1,talk,22,2,1,Skip
1,talk,23,2,2,REQUEST ANY (VOTE Agent[08])
1,talk,24,2,8,VOTE Agent[02]
1,talk,25,2,9,ESTIMATE Agent[01] WEREWOLF
1,talk,26,2,6,DIVINED Agent[02] HUMAN
1,talk,27,2,5,Skip
1,talk,28,2,10,Over
1,talk,29,2,7,Skip
1,talk,30,3,3,Skip
1,talk,31,3,6,BECAUSE (AND (COMINGOUT Agent[06] SEER) (Agent[04] COMINGOUT Agent[04] SEER)) (XOR (ESTIMATE Agent[04] WEREWOLF) (ESTIMATE Agent[04] POSSESSED))
1,talk,32,3,7,Skip
1,talk,33,3,8,REQUEST ANY (VOTE Agent[02])
1,talk,34,3,9,ESTIMATE Agent[01] WEREWOLF
1,talk,35,3,4,BECAUSE (DAY 1 (DIVINED Agent[06] WEREWOLF)) (AND (VOTE Agent[06]) (REQUEST ANY (VOTE Agent[06])))
1,talk,36,3,2,Skip
1,talk,37,3,1,Skip
1,talk,38,3,5,Skip
1,talk,39,3,10,Over
1,talk,40,4,8,VOTE Agent[02]
1,talk,41,4,4,VOTE Agent[06]
1,talk,42,4,10,Over
1,talk,43,4,7,Over
1,talk,44,4,1,Over
1,talk,45,4,3,Over
1,talk,46,4,9,VOTE Agent[01]
1,talk,47,4,6,BECAUSE (XOR (ESTIMATE Agent[04] WEREWOLF) (ESTIMATE Agent[04] POSSESSED)) (AND (VOTE Agent[04]) (REQUEST ANY (VOTE Agent[04])))
1,talk,48,4,2,Skip
1,talk,49,4,5,Over
1,talk,50,5,2,Over
1,talk,51,5,4,REQUEST ANY (VOTE Agent[06])
1,talk,52,5,3,Over
1,talk,53,5,1,Over
1,talk,54,5,7,Over
1,talk,55,5,10,Over
1,talk,56,5,6,VOTE Agent[04]
1,talk,57,5,5,Over
1,talk,58,5,9,VOTE Agent[01]
1,talk,59,5,8,ESTIMATE Agent[02] WEREWOLF
1,talk,60,6,9,ESTIMATE Agent[01] WEREWOLF
1,talk,61,6,8,REQUEST ANY (VOTE Agent[02])
1,talk,62,6,7,Over
1,talk,63,6,1,Over
1,talk,64,6,5,Over
1,talk,65,6,2,Over
1,talk,66,6,4,Skip
1,talk,67,6,10,Over
1,talk,68,6,6,REQUEST ANY (VOTE Agent[04])
1,talk,69,6,3,Over
1,talk,70,7,2,Over
1,talk,71,7,7,Over
1,talk,72,7,10,Over
1,talk,73,7,6,Skip
1,talk,74,7,1,Over
1,talk,75,7,4,Skip
1,talk,76,7,9,VOTE Agent[01]
1,talk,77,7,5,Over
1,talk,78,7,8,VOTE Agent[02]
1,talk,79,7,3,Over
1,talk,80,8,2,Over
1,talk,81,8,1,Over
1,talk,82,8,5,Over
1,talk,83,8,7,Over
1,talk,84,8,3,Over
1,talk,85,8,9,ESTIMATE Agent[01] WEREWOLF
1,talk,86,8,10,Over
1,talk,87,8,8,REQUEST ANY (VOTE Agent[02])
1,talk,88,8,4,Over
1,talk,89,8,6,Skip
1,talk,90,9,7,Over
1,talk,91,9,1,Over
1,talk,92,9,6,Over
1,talk,93,9,4,Over
1,talk,94,9,2,Over
1,talk,95,9,3,Over
1,talk,96,9,10,Over
1,talk,97,9,9,REQUEST ANY (VOTE Agent[01])
1,talk,98,9,5,Over
1,talk,99,9,8,REQUEST ANY (VOTE Agent[02])
1,talk,100,10,9,Over
1,talk,101,10,6,Over
1,talk,102,10,5,Over
1,talk,103,10,1,Over
1,talk,104,10,8,Over
1,talk,105,10,10,Over
1,talk,106,10,4,Over
1,talk,107,10,7,Over
1,talk,108,10,2,Over
1,talk,109,10,3,Over
1,vote,1,2
1,vote,2,1
1,vote,3,1
1,vote,4,6
1,vote,5,8
1,vote,6,4
1,vote,7,1
1,vote,8,2
1,vote,9,1
1,vote,10,5
1,execute,1,VILLAGER
1,divine,6,4,HUMAN
1,whisper,0,0,9,ATTACK Agent[01]
1,whisper,1,0,7,BECAUSE (AND (NOT (COMINGOUT Agent[04] WEREWOLF)) (NOT (COMINGOUT Agent[06] WEREWOLF)) (DAY 1 (Agent[04] DIVINED Agent[06] WEREWOLF))) (ESTIMATE Agent[04] POSSESSED)
1,whisper,2,1,9,ATTACK Agent[01]
1,whisper,3,1,7,ATTACK Agent[02]
1,whisper,4,2,7,Skip
1,whisper,5,2,9,ATTACK Agent[01]
1,whisper,6,3,9,ATTACK Agent[01]
1,whisper,7,3,7,Skip
1,whisper,8,4,7,Over
1,whisper,9,4,9,ATTACK Agent[01]
1,whisper,10,5,9,ATTACK Agent[01]
1,whisper,11,5,7,Over
1,whisper,12,6,9,ATTACK Agent[01]
1,whisper,13,6,7,Over
1,whisper,14,7,7,Over
1,whisper,15,7,9,ATTACK Agent[01]
1,whisper,16,8,7,Over
1,whisper,17,8,9,ATTACK Agent[01]
1,whisper,18,9,7,Over
1,whisper,19,9,9,ATTACK Agent[01]
1,whisper,20,10,9,Over
1,whisper,21,10,7,Over
1,guard,5,4,POSSESSED
1,attackVote,7,2
1,attack,2,true
2,status,1,VILLAGER,DEAD,Sample7
2,status,2,MEDIUM,DEAD,Sample6
2,status,3,VILLAGER,ALIVE,Sample5
2,status,4,POSSESSED,ALIVE,Sample4
2,status,5,BODYGUARD,ALIVE,Sample3
2,status,6,SEER,ALIVE,Sample2
2,status,7,WEREWOLF,ALIVE,Sample1
2,status,8,VILLAGER,ALIVE,omgus49
2,status,9,WEREWOLF,ALIVE,omgus76
2,status,10,VILLAGER,ALIVE,reporter
2,talk,0,0,8,ESTIMATE Agent[05] WEREWOLF
2,talk,1,0,4,DAY 2 (DIVINED Agent[03] HUMAN)
2,talk,2,0,9,REQUEST ANY (VOTE Agent[03])
2,talk,3,0,10,Over
2,talk,4,0,6,DAY 2 (DIVINED Agent[04] HUMAN)
2,talk,5,0,5,VOTE Agent[10]
2,talk,6,0,7,VOTE Agent[06]
2,talk,7,0,3,VOTE Agent[09]
2,talk,8,1,8,VOTE Agent[05]
2,talk,9,1,9,REQUEST ANY (VOTE Agent[03])
2,talk,10,1,5,REQUEST ANY (VOTE Agent[10])
2,talk,11,1,4,DIVINED Agent[03] HUMAN
2,talk,12,1,7,REQUEST ANY (VOTE Agent[06])
2,talk,13,1,3,REQUEST ANY (VOTE Agent[09])
2,talk,14,1,10,Over
2,talk,15,1,6,DIVINED Agent[04] HUMAN
2,talk,16,2,8,REQUEST ANY (VOTE Agent[05])
2,talk,17,2,6,BECAUSE (AND (AND (COMINGOUT Agent[06] SEER) (Agent[04] COMINGOUT Agent[04] SEER)) (DAY 2 (DIVINED Agent[04] HUMAN))) (ESTIMATE Agent[04] POSSESSED)
2,talk,18,2,4,BECAUSE (DAY 1 (DIVINED Agent[06] WEREWOLF)) (AND (VOTE Agent[06]) (REQUEST ANY (VOTE Agent[06])))
2,talk,19,2,3,Skip
2,talk,20,2,5,Skip
2,talk,21,2,9,REQUEST ANY (VOTE Agent[03])
2,talk,22,2,7,Skip
2,talk,23,2,10,Over
2,talk,24,3,8,VOTE Agent[05]
2,talk,25,3,10,Over
2,talk,26,3,9,VOTE Agent[03]
2,talk,27,3,3,Skip
2,talk,28,3,7,Skip
2,talk,29,3,6,VOTE Agent[05]
2,talk,30,3,5,Skip
2,talk,31,3,4,VOTE Agent[06]
2,talk,32,4,5,Over
2,talk,33,4,4,REQUEST ANY (VOTE Agent[06])
2,talk,34,4,7,Over
2,talk,35,4,3,Over
2,talk,36,4,6,REQUEST ANY (VOTE Agent[05])
2,talk,37,4,9,VOTE Agent[03]
2,talk,38,4,8,REQUEST ANY (VOTE Agent[05])
2,talk,39,4,10,Over
2,talk,40,5,7,Over
2,talk,41,5,10,Over
2,talk,42,5,6,Skip
2,talk,43,5,3,Over
2,talk,44,5,4,Skip
2,talk,45,5,8,ESTIMATE Agent[05] WEREWOLF
2,talk,46,5,5,Over
2,talk,47,5,9,VOTE Agent[03]
2,talk,48,6,6,Skip
2,talk,49,6,10,Over
2,talk,50,6,3,Over
2,talk,51,6,9,ESTIMATE Agent[03] WEREWOLF
2,talk,52,6,5,Over
2,talk,53,6,7,Over
2,talk,54,6,8,ESTIMATE Agent[05] WEREWOLF
2,talk,55,6,4,Skip
2,talk,56,7,7,Over
2,talk,57,7,4,Over
2,talk,58,7,3,Over
2,talk,59,7,5,Over
2,talk,60,7,9,ESTIMATE Agent[03] WEREWOLF
2,talk,61,7,10,Over
2,talk,62,7,8,VOTE Agent[05]
2,talk,63,7,6,Over
2,talk,64,8,5,Over
2,talk,65,8,7,Over
2,talk,66,8,4,Over
2,talk,67,8,3,Over
2,talk,68,8,10,Over
2,talk,69,8,6,Over
2,talk,70,8,8,REQUEST ANY (VOTE Agent[05])
2,talk,71,8,9,VOTE Agent[03]
2,talk,72,9,3,Over
2,talk,73,9,4,Over
2,talk,74,9,6,Over
2,talk,75,9,7,Over
2,talk,76,9,9,REQUEST ANY (VOTE Agent[03])
2,talk,77,9,5,Over
2,talk,78,9,10,Over
2,talk,79,9,8,VOTE Agent[05]
2,talk,80,10,3,Over
2,talk,81,10,7,Over
2,talk,82,10,5,Over
2,talk,83,10,8,Over
2,talk,84,10,4,Over
2,talk,85,10,6,Over
2,talk,86,10,9,Over
2,talk,87,10,10,Over
2,vote,3,6
2,vote,4,6
2,vote,5,6
2,vote,6,9
2,vote,7,6
2,vote,8,5
2,vote,9,3
2,vote,10,8
2,execute,6,SEER
2,whisper,0,0,9,ATTACK Agent[06]
2,whisper,1,0,7,ATTACK Agent[03]
2,whisper,2,1,9,ATTACK Agent[06]
2,whisper,3,1,7,Skip
2,whisper,4,2,7,Skip
2,whisper,5,2,9,ATTACK Agent[06]
2,whisper,6,3,7,Over
2,whisper,7,3,9,ATTACK Agent[06]
2,whisper,8,4,9,ATTACK Agent[06]
2,whisper,9,4,7,Over
2,whisper,10,5,7,Over
2,whisper,11,5,9,ATTACK Agent[06]
2,whisper,12,6,7,Over
2,whisper,13,6,9,ATTACK Agent[06]
2,whisper,14,7,7,Over
2,whisper,15,7,9,ATTACK Agent[06]
2,whisper,16,8,9,ATTACK Agent[06]
2,whisper,17,8,7,Over
2,whisper,18,9,7,Over
2,whisper,19,9,9,ATTACK Agent[06]
2,whisper,20,10,7,Over
2,whisper,21,10,9,Over
2,guard,5,4,POSSESSED
2,attackVote,7,3
2,attack,3,true
3,status,1,VILLAGER,DEAD,Sample7
3,status,2,MEDIUM,DEAD,Sample6
3,status,3,VILLAGER,DEAD,Sample5
3,status,4,POSSESSED,ALIVE,Sample4
3,status,5,BODYGUARD,ALIVE,Sample3
3,status,6,SEER,DEAD,Sample2
3,status,7,WEREWOLF,ALIVE,Sample1
3,status,8,VILLAGER,ALIVE,omgus49
3,status,9,WEREWOLF,ALIVE,omgus76
3,status,10,VILLAGER,ALIVE,reporter
3,talk,0,0,7,VOTE Agent[05]
3,talk,1,0,8,VOTE Agent[05]
3,talk,2,0,10,Over
3,talk,3,0,4,DAY 3 (DIVINED Agent[07] HUMAN)
3,talk,4,0,9,VOTE Agent[04]
3,talk,5,0,5,VOTE Agent[04]
3,talk,6,1,4,DIVINED Agent[07] HUMAN
3,talk,7,1,7,REQUEST ANY (VOTE Agent[05])
3,talk,8,1,10,Over
3,talk,9,1,8,REQUEST ANY (VOTE Agent[05])
3,talk,10,1,5,REQUEST ANY (VOTE Agent[04])
3,talk,11,1,9,REQUEST ANY (VOTE Agent[04])
3,talk,12,2,5,Skip
3,talk,13,2,7,Skip
3,talk,14,2,4,VOTE Agent[10]
3,talk,15,2,8,VOTE Agent[05]
3,talk,16,2,10,Over
3,talk,17,2,9,ESTIMATE Agent[04] WEREWOLF
3,talk,18,3,4,REQUEST ANY (VOTE Agent[10])
3,talk,19,3,10,Over
3,talk,20,3,8,ESTIMATE Agent[05] WEREWOLF
3,talk,21,3,7,Skip
3,talk,22,3,9,REQUEST ANY (VOTE Agent[04])
3,talk,23,3,5,Skip
3,talk,24,4,8,REQUEST ANY (VOTE Agent[05])
3,talk,25,4,10,Over
3,talk,26,4,4,Skip
3,talk,27,4,9,REQUEST ANY (VOTE Agent[04])
3,talk,28,4,5,Over
3,talk,29,4,7,Over
3,talk,30,5,7,Over
3,talk,31,5,10,Over
3,talk,32,5,8,VOTE Agent[05]
3,talk,33,5,9,ESTIMATE Agent[04] WEREWOLF
3,talk,34,5,4,Skip
3,talk,35,5,5,Over
3,talk,36,6,9,VOTE Agent[04]
3,talk,37,6,4,Over
3,talk,38,6,10,Over
3,talk,39,6,7,Over
3,talk,40,6,8,REQUEST ANY (VOTE Agent[05])
3,talk,41,6,5,Over
3,talk,42,7,9,VOTE Agent[04]
3,talk,43,7,5,Over
3,talk,44,7,4,Over
3,talk,45,7,8,VOTE Agent[05]
3,talk,46,7,7,Over
3,talk,47,7,10,Over
3,talk,48,8,8,VOTE Agent[05]
3,talk,49,8,10,Over
3,talk,50,8,4,Over
3,talk,51,8,7,Over
3,talk,52,8,9,ESTIMATE Agent[04] WEREWOLF
3,talk,53,8,5,Over
3,talk,54,9,8,ESTIMATE Agent[05] WEREWOLF
3,talk,55,9,9,REQUEST ANY (VOTE Agent[04])
3,talk,56,9,10,Over
3,talk,57,9,4,Over
3,talk,58,9,5,Over
3,talk,59,9,7,Over
3,talk,60,10,7,Over
3,talk,61,10,9,Over
3,talk,62,10,5,Over
3,talk,63,10,4,Over
3,talk,64,10,8,Over
3,talk,65,10,10,Over
3,vote,4,5
3,vote,5,4
3,vote,7,5
3,vote,8,5
3,vote,9,4
3,vote,10,5
3,execute,5,BODYGUARD
3,whisper,0,0,9,ATTACK Agent[04]
3,whisper,1,0,7,ATTACK Agent[08]
3,whisper,2,1,7,Skip
3,whisper,3,1,9,ATTACK Agent[04]
3,whisper,4,2,9,ATTACK Agent[04]
3,whisper,5,2,7,Skip
3,whisper,6,3,9,ATTACK Agent[04]
3,whisper,7,3,7,Over
3,whisper,8,4,7,Over
3,whisper,9,4,9,ATTACK Agent[04]
3,whisper,10,5,9,ATTACK Agent[04]
3,whisper,11,5,7,Over
3,whisper,12,6,9,ATTACK Agent[04]
3,whisper,13,6,7,Over
3,whisper,14,7,9,ATTACK Agent[04]
3,whisper,15,7,7,Over
3,whisper,16,8,7,Over
3,whisper,17,8,9,ATTACK Agent[04]
3,whisper,18,9,7,Over
3,whisper,19,9,9,ATTACK Agent[04]
3,whisper,20,10,9,Over
3,whisper,21,10,7,Over
3,attackVote,7,8
3,attackVote,9,4
3,attackVote,7,8
3,attackVote,9,4
3,attack,8,true
4,status,1,VILLAGER,DEAD,Sample7
4,status,2,MEDIUM,DEAD,Sample6
4,status,3,VILLAGER,DEAD,Sample5
4,status,4,POSSESSED,ALIVE,Sample4
4,status,5,BODYGUARD,DEAD,Sample3
4,status,6,SEER,DEAD,Sample2
4,status,7,WEREWOLF,ALIVE,Sample1
4,status,8,VILLAGER,DEAD,omgus49
4,status,9,WEREWOLF,ALIVE,omgus76
4,status,10,VILLAGER,ALIVE,reporter
4,result,2,2,WEREWOLF
