# INIT: I am agent 9
# UPDATE
Hate Score: 0, 0, 0, 0, 0, 0, 0, 0, -10000, 0
# DAYSTART
# UPDATE
Hate Score: 0, 0, 0, 0, 0, 0, 0, 0, -10000, 0
# UPDATE
Hate Score: 0, 0, 0, 0, 0, 0, 0, 0, -10000, 0
# DAYSTART
# UPDATE
Hate Score: 0, 0, 0, 0, 0, 0, 0, 0, -10000, 0
# TALK
# UPDATE
Talking about me: VOTE Agent[09]
Hate Score: 0, 0, 0, 10, 0, 0, 0, 0, -10000, 0
# TALK
# UPDATE
Talking about me: REQUEST ANY (VOTE Agent[09])
Hate Score: 0, 0, 0, 20, 0, 0, 0, 0, -10000, 0
# TALK
# UPDATE
Hate Score: 0, 0, 0, 20, 0, 0, 0, 0, -10000, 0
# TALK
# UPDATE
Hate Score: 0, 0, 0, 20, 0, 0, 0, 0, -10000, 0
# TALK
# UPDATE
Hate Score: 0, 0, 0, 20, 0, 0, 0, 0, -10000, 0
# TALK
# UPDATE
Hate Score: 0, 0, 0, 20, 0, 0, 0, 0, -10000, 0
# TALK
# UPDATE
Hate Score: 0, 0, 0, 20, 0, 0, 0, 0, -10000, 0
# TALK
# UPDATE
Hate Score: 0, 0, 0, 20, 0, 0, 0, 0, -10000, 0
# TALK
# UPDATE
Hate Score: 0, 0, 0, 20, 0, 0, 0, 0, -10000, 0
# TALK
# UPDATE
Hate Score: 0, 0, 0, 20, 0, 0, 0, 0, -10000, 0
# UPDATE
Hate Score: 0, 0, 0, 20, 0, 0, 0, 0, -10000, 0
# VOTE: 4
# UPDATE
Agent 2 voted for me!
Agent 3 voted for me!
Agent 4 voted for me!
Hate Score: -10000, -9900, 100, 120, 0, 0, 0, 0, -10000, 0
# DAYSTART
# UPDATE
Talking about me: VOTE Agent[09]
Hate Score: -10000, -9900, 100, 120, 10, 0, 0, 0, -10000, 0
# TALK
# UPDATE
Talking about me: VOTE Agent[09]
Talking about me: REQUEST ANY (VOTE Agent[09])
Hate Score: -10000, -9900, 100, 130, 20, 0, 0, 0, -10000, 0
# TALK
# UPDATE
Talking about me: REQUEST ANY (VOTE Agent[09])
Hate Score: -10000, -9900, 100, 140, 20, 0, 0, 0, -10000, 0
# TALK
# UPDATE
Hate Score: -10000, -9900, 100, 140, 20, 0, 0, 0, -10000, 0
# TALK
# UPDATE
Hate Score: -10000, -9900, 100, 140, 20, 0, 0, 0, -10000, 0
# TALK
# UPDATE
Hate Score: -10000, -9900, 100, 140, 20, 0, 0, 0, -10000, 0
# TALK
# UPDATE
Hate Score: -10000, -9900, 100, 140, 20, 0, 0, 0, -10000, 0
# TALK
# UPDATE
Hate Score: -10000, -9900, 100, 140, 20, 0, 0, 0, -10000, 0
# TALK
# UPDATE
Hate Score: -10000, -9900, 100, 140, 20, 0, 0, 0, -10000, 0
# TALK
# UPDATE
Hate Score: -10000, -9900, 100, 140, 20, 0, 0, 0, -10000, 0
# TALK
# UPDATE
Hate Score: -10000, -9900, 100, 140, 20, 0, 0, 0, -10000, 0
# UPDATE
Hate Score: -10000, -9900, 100, 140, 20, 0, 0, 0, -10000, 0
# VOTE: 4
# UPDATE
Agent 3 voted for me!
Agent 4 voted for me!
Agent 7 voted for me!
Hate Score: -20000, -19900, 200, 240, 20, -10000, 100, 0, -20000, 0
# DAYSTART
# UPDATE
Hate Score: -20000, -19900, 200, 240, 20, -10000, 100, 0, -20000, 0
# UPDATE
Hate Score: -20000, -19900, 200, 240, 20, -10000, 100, 0, -20000, 0
# FINISH
# INIT: I am agent 9
# UPDATE
Hate Score: 0, 0, 0, 0, 0, 0, 0, 0, -10000, 0
# DAYSTART
# UPDATE
Hate Score: 0, 0, 0, 0, 0, 0, 0, 0, -10000, 0
# UPDATE
Hate Score: 0, 0, 0, 0, 0, 0, 0, 0, -10000, 0
# WHISPER
# UPDATE
Hate Score: 0, 0, 0, 0, 0, 0, 0, 0, -10000, 0
# WHISPER
# UPDATE
Hate Score: 0, 0, 0, 0, 0, 0, 0, 0, -10000, 0
# WHISPER
# UPDATE
Hate Score: 0, 0, 0, 0, 0, 0, 0, 0, -10000, 0
# WHISPER
# UPDATE
Hate Score: 0, 0, 0, 0, 0, 0, 0, 0, -10000, 0
# WHISPER
# UPDATE
Hate Score: 0, 0, 0, 0, 0, 0, 0, 0, -10000, 0
# WHISPER
# UPDATE
Hate Score: 0, 0, 0, 0, 0, 0, 0, 0, -10000, 0
# WHISPER
# UPDATE
Hate Score: 0, 0, 0, 0, 0, 0, 0, 0, -10000, 0
# WHISPER
# UPDATE
Hate Score: 0, 0, 0, 0, 0, 0, 0, 0, -10000, 0
# WHISPER
# UPDATE
Hate Score: 0, 0, 0, 0, 0, 0, 0, 0, -10000, 0
# WHISPER
# UPDATE
Hate Score: 0, 0, 0, 0, 0, 0, 0, 0, -10000, 0
# DAYSTART
# UPDATE
Hate Score: 0, 0, 0, 0, 0, 0, 0, 0, -10000, 0
# TALK
# UPDATE
Hate Score: 0, 0, 0, 0, 0, 0, 0, 0, -10000, 0
# TALK
# UPDATE
Talking about me: DAY 1 (DIVINED Agent[09] WEREWOLF)
Hate Score: 0, 10, 0, 0, 0, 0, 0, 0, -10000, 0
# TALK
# UPDATE
Talking about me: DIVINED Agent[09] WEREWOLF
Hate Score: 0, 20, 0, 0, 0, 0, 0, 0, -10000, 0
# TALK
# UPDATE
Talking about me: BECAUSE (DAY 1 (DIVINED Agent[09] WEREWOLF)) (AND (VOTE Agent[09]) (REQUEST ANY (VOTE Agent[09])))
Hate Score: 0, 30, 0, 0, 0, 0, 0, 0, -10000, 0
# TALK
# UPDATE
Talking about me: VOTE Agent[09]
Hate Score: 0, 40, 0, 0, 0, 0, 0, 0, -10000, 0
# TALK
# UPDATE
Talking about me: REQUEST ANY (VOTE Agent[09])
Hate Score: 0, 50, 0, 0, 0, 0, 0, 0, -10000, 0
# TALK
# UPDATE
Hate Score: 0, 50, 0, 0, 0, 0, 0, 0, -10000, 0
# TALK
# UPDATE
Hate Score: 0, 50, 0, 0, 0, 0, 0, 0, -10000, 0
# TALK
# UPDATE
Hate Score: 0, 50, 0, 0, 0, 0, 0, 0, -10000, 0
# TALK
# UPDATE
Hate Score: 0, 50, 0, 0, 0, 0, 0, 0, -10000, 0
# UPDATE
Hate Score: 0, 50, 0, 0, 0, 0, 0, 0, -10000, 0
# VOTE: 2
# UPDATE
Agent 2 voted for me!
Hate Score: 0, 150, 0, 0, 0, 0, 0, 0, -10000, 0
# VOTE: 2
# UPDATE
Hate Score: 0, 150, 0, 0, 0, 0, 0, 0, -10000, 0
# WHISPER
# UPDATE
Hate Score: 0, 150, 0, 0, 0, 0, 0, 0, -10000, 0
# WHISPER
# UPDATE
Hate Score: 0, 150, 0, 0, 0, 0, 0, 0, -10000, 0
# WHISPER
# UPDATE
Hate Score: 0, 150, 0, 0, 0, 0, 0, 0, -10000, 0
# WHISPER
# UPDATE
Hate Score: 0, 150, 0, 0, 0, 0, 0, 0, -10000, 0
# WHISPER
# UPDATE
Hate Score: 0, 150, 0, 0, 0, 0, 0, 0, -10000, 0
# WHISPER
# UPDATE
Hate Score: 0, 150, 0, 0, 0, 0, 0, 0, -10000, 0
# WHISPER
# UPDATE
Hate Score: 0, 150, 0, 0, 0, 0, 0, 0, -10000, 0
# WHISPER
# UPDATE
Hate Score: 0, 150, 0, 0, 0, 0, 0, 0, -10000, 0
# WHISPER
# UPDATE
Hate Score: 0, 150, 0, 0, 0, 0, 0, 0, -10000, 0
# WHISPER
# UPDATE
Hate Score: 0, 150, 0, 0, 0, 0, 0, 0, -10000, 0
# ATTACK: 2
# UPDATE
Hate Score: 0, -9850, 0, 0, 0, 0, -10000, 0, -10000, 0
# DAYSTART
# UPDATE
Talking about me: VOTE Agent[09]
Hate Score: 0, -9850, 0, 0, 10, 0, -10000, 0, -10000, 0
# TALK
# UPDATE
Talking about me: REQUEST ANY (VOTE Agent[09])
Hate Score: 0, -9850, 0, 0, 20, 0, -10000, 0, -10000, 0
# TALK
# UPDATE
Hate Score: 0, -9850, 0, 0, 20, 0, -10000, 0, -10000, 0
# TALK
# UPDATE
Hate Score: 0, -9850, 0, 0, 20, 0, -10000, 0, -10000, 0
# TALK
# UPDATE
Hate Score: 0, -9850, 0, 0, 20, 0, -10000, 0, -10000, 0
# TALK
# UPDATE
Hate Score: 0, -9850, 0, 0, 20, 0, -10000, 0, -10000, 0
# TALK
# UPDATE
Hate Score: 0, -9850, 0, 0, 20, 0, -10000, 0, -10000, 0
# TALK
# UPDATE
Hate Score: 0, -9850, 0, 0, 20, 0, -10000, 0, -10000, 0
# TALK
# UPDATE
Hate Score: 0, -9850, 0, 0, 20, 0, -10000, 0, -10000, 0
# TALK
# UPDATE
Hate Score: 0, -9850, 0, 0, 20, 0, -10000, 0, -10000, 0
# TALK
# UPDATE
Hate Score: 0, -9850, 0, 0, 20, 0, -10000, 0, -10000, 0
# UPDATE
Hate Score: 0, -9850, 0, 0, 20, 0, -10000, 0, -10000, 0
# VOTE: 5
# UPDATE
Agent 3 voted for me!
Hate Score: 0, -9850, 100, 0, 20, 0, -10000, 0, -10000, 0
# VOTE: 3
# UPDATE
Hate Score: 0, -9850, 100, 0, 20, 0, -10000, 0, -10000, 0
# WHISPER
# UPDATE
Hate Score: 0, -9850, 100, 0, 20, 0, -10000, 0, -10000, 0
# WHISPER
# UPDATE
Hate Score: 0, -9850, 100, 0, 20, 0, -10000, 0, -10000, 0
# WHISPER
# UPDATE
Hate Score: 0, -9850, 100, 0, 20, 0, -10000, 0, -10000, 0
# WHISPER
# UPDATE
Hate Score: 0, -9850, 100, 0, 20, 0, -10000, 0, -10000, 0
# WHISPER
# UPDATE
Hate Score: 0, -9850, 100, 0, 20, 0, -10000, 0, -10000, 0
# WHISPER
# UPDATE
Hate Score: 0, -9850, 100, 0, 20, 0, -10000, 0, -10000, 0
# WHISPER
# UPDATE
Hate Score: 0, -9850, 100, 0, 20, 0, -10000, 0, -10000, 0
# WHISPER
# UPDATE
Hate Score: 0, -9850, 100, 0, 20, 0, -10000, 0, -10000, 0
# WHISPER
# UPDATE
Hate Score: 0, -9850, 100, 0, 20, 0, -10000, 0, -10000, 0
# WHISPER
# UPDATE
Hate Score: 0, -9850, 100, 0, 20, 0, -10000, 0, -10000, 0
# ATTACK: 3
# UPDATE
Hate Score: 0, -19850, 100, 0, -9980, -10000, -20000, 0, -10000, 0
# DAYSTART
# UPDATE
Hate Score: 0, -19850, 100, 0, -9980, -10000, -20000, 0, -10000, 0
# TALK
# UPDATE
Hate Score: 0, -19850, 100, 0, -9980, -10000, -20000, 0, -10000, 0
# TALK
# UPDATE
Hate Score: 0, -19850, 100, 0, -9980, -10000, -20000, 0, -10000, 0
# TALK
# UPDATE
Hate Score: 0, -19850, 100, 0, -9980, -10000, -20000, 0, -10000, 0
# TALK
# UPDATE
Hate Score: 0, -19850, 100, 0, -9980, -10000, -20000, 0, -10000, 0
# TALK
# UPDATE
Hate Score: 0, -19850, 100, 0, -9980, -10000, -20000, 0, -10000, 0
# TALK
# UPDATE
Hate Score: 0, -19850, 100, 0, -9980, -10000, -20000, 0, -10000, 0
# TALK
# UPDATE
Hate Score: 0, -19850, 100, 0, -9980, -10000, -20000, 0, -10000, 0
# TALK
# UPDATE
Hate Score: 0, -19850, 100, 0, -9980, -10000, -20000, 0, -10000, 0
# TALK
# UPDATE
Hate Score: 0, -19850, 100, 0, -9980, -10000, -20000, 0, -10000, 0
# TALK
# UPDATE
Hate Score: 0, -19850, 100, 0, -9980, -10000, -20000, 0, -10000, 0
# UPDATE
Hate Score: 0, -19850, 100, 0, -9980, -10000, -20000, 0, -10000, 0
# VOTE: 3
# UPDATE
Agent 10 voted for me!
Hate Score: 0, -19850, 100, 0, -9980, -10000, -20000, 0, -10000, 100
# VOTE: 3
# UPDATE
Hate Score: 0, -19850, 100, 0, -9980, -10000, -20000, 0, -10000, 100
# ATTACK: 3
# UPDATE
Hate Score: 0, -19850, 100, 0, -9980, -10000, -20000, 0, -10000, 100
# ATTACK: 3
# UPDATE
Hate Score: 0, -29850, -9900, 0, -19980, -20000, -30000, 0, -10000, 100
# DAYSTART
# UPDATE
Hate Score: 0, -29850, -9900, 0, -19980, -20000, -30000, 0, -10000, 100
# TALK
# UPDATE
Hate Score: 0, -29850, -9900, 0, -19980, -20000, -30000, 0, -10000, 100
# TALK
# UPDATE
Hate Score: 0, -29850, -9900, 0, -19980, -20000, -30000, 0, -10000, 100
# TALK
# UPDATE
Hate Score: 0, -29850, -9900, 0, -19980, -20000, -30000, 0, -10000, 100
# TALK
# UPDATE
Hate Score: 0, -29850, -9900, 0, -19980, -20000, -30000, 0, -10000, 100
# TALK
# UPDATE
Hate Score: 0, -29850, -9900, 0, -19980, -20000, -30000, 0, -10000, 100
# TALK
# UPDATE
Hate Score: 0, -29850, -9900, 0, -19980, -20000, -30000, 0, -10000, 100
# TALK
# UPDATE
Hate Score: 0, -29850, -9900, 0, -19980, -20000, -30000, 0, -10000, 100
# TALK
# UPDATE
Hate Score: 0, -29850, -9900, 0, -19980, -20000, -30000, 0, -10000, 100
# TALK
# UPDATE
Hate Score: 0, -29850, -9900, 0, -19980, -20000, -30000, 0, -10000, 100
# TALK
# UPDATE
Hate Score: 0, -29850, -9900, 0, -19980, -20000, -30000, 0, -10000, 100
# UPDATE
Hate Score: 0, -29850, -9900, 0, -19980, -20000, -30000, 0, -10000, 100
# VOTE: 10
# UPDATE
Hate Score: 0, -29850, -9900, 0, -19980, -20000, -30000, 0, -10000, 100
# ATTACK: 10
# UPDATE
Hate Score: 0, -29850, -9900, 0, -19980, -20000, -30000, 0, -10000, 100
# ATTACK: 10
# UPDATE
Hate Score: 0, -39850, -19900, 0, -29980, -30000, -40000, 0, -10000, -9900
# DAYSTART
# UPDATE
Talking about me: DAY 5 (DIVINED Agent[09] HUMAN)
Hate Score: 0, -39850, -19900, 1, -29980, -30000, -40000, 0, -10000, -9900
# TALK
# UPDATE
Hate Score: 0, -39850, -19900, 1, -29980, -30000, -40000, 0, -10000, -9900
# TALK
# UPDATE
Talking about me: DIVINED Agent[09] HUMAN
Hate Score: 0, -39850, -19900, 2, -29980, -30000, -40000, 0, -10000, -9900
# TALK
# UPDATE
Hate Score: 0, -39850, -19900, 2, -29980, -30000, -40000, 0, -10000, -9900
# TALK
# UPDATE
Hate Score: 0, -39850, -19900, 2, -29980, -30000, -40000, 0, -10000, -9900
# TALK
# UPDATE
Hate Score: 0, -39850, -19900, 2, -29980, -30000, -40000, 0, -10000, -9900
# TALK
# UPDATE
Hate Score: 0, -39850, -19900, 2, -29980, -30000, -40000, 0, -10000, -9900
# TALK
# UPDATE
Hate Score: 0, -39850, -19900, 2, -29980, -30000, -40000, 0, -10000, -9900
# TALK
# UPDATE
Hate Score: 0, -39850, -19900, 2, -29980, -30000, -40000, 0, -10000, -9900
# TALK
# UPDATE
Hate Score: 0, -39850, -19900, 2, -29980, -30000, -40000, 0, -10000, -9900
# TALK
# UPDATE
Hate Score: 0, -39850, -19900, 2, -29980, -30000, -40000, 0, -10000, -9900
# UPDATE
Hate Score: 0, -39850, -19900, 2, -29980, -30000, -40000, 0, -10000, -9900
# VOTE: 4
# UPDATE
Agent 1 voted for me!
Hate Score: 100, -39850, -19900, 2, -29980, -30000, -40000, 0, -10000, -9900
# VOTE: 1
# UPDATE
Hate Score: 100, -39850, -19900, 2, -29980, -30000, -40000, 0, -10000, -9900
# ATTACK: 1
# UPDATE
Hate Score: 100, -39850, -19900, 2, -29980, -30000, -40000, 0, -10000, -9900
# ATTACK: 1
# UPDATE
Hate Score: 100, -39850, -19900, 2, -29980, -30000, -40000, 0, -10000, -9900
# FINISH
# INIT: I am agent 9
# UPDATE
Hate Score: 0, 0, 0, 0, 0, 0, 0, 0, -10000, 0
# DAYSTART
# UPDATE
Hate Score: 0, 0, 0, 0, 0, 0, 0, 0, -10000, 0
# UPDATE
Hate Score: 0, 0, 0, 0, 0, 0, 0, 0, -10000, 0
# DAYSTART
# UPDATE
Talking about me: VOTE Agent[09]
Hate Score: 0, 0, 10, 0, 0, 0, 0, 0, -10000, 0
# TALK
# UPDATE
Hate Score: 0, 0, 10, 0, 0, 0, 0, 0, -10000, 0
# TALK
# UPDATE
Talking about me: REQUEST ANY (VOTE Agent[09])
Hate Score: 0, 0, 20, 0, 0, 0, 0, 0, -10000, 0
# TALK
# UPDATE
Hate Score: 0, 0, 20, 0, 0, 0, 0, 0, -10000, 0
# TALK
# UPDATE
Hate Score: 0, 0, 20, 0, 0, 0, 0, 0, -10000, 0
# TALK
# UPDATE
Hate Score: 0, 0, 20, 0, 0, 0, 0, 0, -10000, 0
# TALK
# UPDATE
Hate Score: 0, 0, 20, 0, 0, 0, 0, 0, -10000, 0
# TALK
# UPDATE
Hate Score: 0, 0, 20, 0, 0, 0, 0, 0, -10000, 0
# TALK
# UPDATE
Hate Score: 0, 0, 20, 0, 0, 0, 0, 0, -10000, 0
# TALK
# UPDATE
Hate Score: 0, 0, 20, 0, 0, 0, 0, 0, -10000, 0
# TALK
# UPDATE
Hate Score: 0, 0, 20, 0, 0, 0, 0, 0, -10000, 0
# UPDATE
Hate Score: 0, 0, 20, 0, 0, 0, 0, 0, -10000, 0
# VOTE: 3
# UPDATE
Hate Score: 0, 0, -9980, 0, 0, 0, 0, -10000, -10000, 0
# DAYSTART
# UPDATE
Hate Score: 0, 0, -9980, 0, 0, 0, 0, -10000, -10000, 0
# TALK
# UPDATE
Hate Score: 0, 0, -9980, 0, 0, 0, 0, -10000, -10000, 0
# TALK
# UPDATE
Hate Score: 0, 0, -9980, 0, 0, 0, 0, -10000, -10000, 0
# TALK
# UPDATE
Hate Score: 0, 0, -9980, 0, 0, 0, 0, -10000, -10000, 0
# TALK
# UPDATE
Hate Score: 0, 0, -9980, 0, 0, 0, 0, -10000, -10000, 0
# TALK
# UPDATE
Hate Score: 0, 0, -9980, 0, 0, 0, 0, -10000, -10000, 0
# TALK
# UPDATE
Hate Score: 0, 0, -9980, 0, 0, 0, 0, -10000, -10000, 0
# TALK
# UPDATE
Hate Score: 0, 0, -9980, 0, 0, 0, 0, -10000, -10000, 0
# TALK
# UPDATE
Hate Score: 0, 0, -9980, 0, 0, 0, 0, -10000, -10000, 0
# TALK
# UPDATE
Hate Score: 0, 0, -9980, 0, 0, 0, 0, -10000, -10000, 0
# TALK
# UPDATE
Hate Score: 0, 0, -9980, 0, 0, 0, 0, -10000, -10000, 0
# UPDATE
Hate Score: 0, 0, -9980, 0, 0, 0, 0, -10000, -10000, 0
# VOTE: 1
# UPDATE
Hate Score: -10000, 0, -19980, 0, -10000, 0, 0, -20000, -10000, 0
# DAYSTART
# UPDATE
Hate Score: -10000, 0, -19980, 0, -10000, 0, 0, -20000, -10000, 0
# TALK
# UPDATE
Hate Score: -10000, 0, -19980, 0, -10000, 0, 0, -20000, -10000, 0
# TALK
# UPDATE
Hate Score: -10000, 0, -19980, 0, -10000, 0, 0, -20000, -10000, 0
# TALK
# UPDATE
Hate Score: -10000, 0, -19980, 0, -10000, 0, 0, -20000, -10000, 0
# TALK
# UPDATE
Hate Score: -10000, 0, -19980, 0, -10000, 0, 0, -20000, -10000, 0
# TALK
# UPDATE
Hate Score: -10000, 0, -19980, 0, -10000, 0, 0, -20000, -10000, 0
# TALK
# UPDATE
Hate Score: -10000, 0, -19980, 0, -10000, 0, 0, -20000, -10000, 0
# TALK
# UPDATE
Hate Score: -10000, 0, -19980, 0, -10000, 0, 0, -20000, -10000, 0
# TALK
# UPDATE
Hate Score: -10000, 0, -19980, 0, -10000, 0, 0, -20000, -10000, 0
# TALK
# UPDATE
Hate Score: -10000, 0, -19980, 0, -10000, 0, 0, -20000, -10000, 0
# TALK
# UPDATE
Hate Score: -10000, 0, -19980, 0, -10000, 0, 0, -20000, -10000, 0
# UPDATE
Hate Score: -10000, 0, -19980, 0, -10000, 0, 0, -20000, -10000, 0
# VOTE: 2
# UPDATE
Hate Score: -10000, 0, -19980, 0, -10000, 0, 0, -20000, -10000, 0
# FINISH
# INIT: I am agent 9
# UPDATE
Hate Score: 0, 0, 0, 0, 0, 0, 0, 0, -10000, 0
# DAYSTART
# UPDATE
Hate Score: 0, 0, 0, 0, 0, 0, 0, 0, -10000, 0
# UPDATE
Hate Score: 0, 0, 0, 0, 0, 0, 0, 0, -10000, 0
# DAYSTART
# UPDATE
Hate Score: 0, 0, 0, 0, 0, 0, 0, 0, -10000, 0
# TALK
# UPDATE
Hate Score: 0, 0, 0, 0, 0, 0, 0, 0, -10000, 0
# TALK
# UPDATE
Hate Score: 0, 0, 0, 0, 0, 0, 0, 0, -10000, 0
# TALK
# UPDATE
Hate Score: 0, 0, 0, 0, 0, 0, 0, 0, -10000, 0
# TALK
# UPDATE
Hate Score: 0, 0, 0, 0, 0, 0, 0, 0, -10000, 0
# TALK
# UPDATE
Hate Score: 0, 0, 0, 0, 0, 0, 0, 0, -10000, 0
# TALK
# UPDATE
Hate Score: 0, 0, 0, 0, 0, 0, 0, 0, -10000, 0
# TALK
# UPDATE
Hate Score: 0, 0, 0, 0, 0, 0, 0, 0, -10000, 0
# TALK
# UPDATE
Hate Score: 0, 0, 0, 0, 0, 0, 0, 0, -10000, 0
# TALK
# UPDATE
Hate Score: 0, 0, 0, 0, 0, 0, 0, 0, -10000, 0
# TALK
# UPDATE
Hate Score: 0, 0, 0, 0, 0, 0, 0, 0, -10000, 0
# UPDATE
Hate Score: 0, 0, 0, 0, 0, 0, 0, 0, -10000, 0
# VOTE: 1
# UPDATE
Hate Score: -10000, 0, -10000, 0, 0, 0, 0, 0, -10000, 0
# DAYSTART
# UPDATE
Talking about me: VOTE Agent[09]
Hate Score: -10000, 0, -10000, 0, 0, 10, 0, 0, -10000, 0
# TALK
# UPDATE
Talking about me: REQUEST ANY (VOTE Agent[09])
Hate Score: -10000, 0, -10000, 0, 0, 20, 0, 0, -10000, 0
# TALK
# UPDATE
Hate Score: -10000, 0, -10000, 0, 0, 20, 0, 0, -10000, 0
# TALK
# UPDATE
Hate Score: -10000, 0, -10000, 0, 0, 20, 0, 0, -10000, 0
# TALK
# UPDATE
Hate Score: -10000, 0, -10000, 0, 0, 20, 0, 0, -10000, 0
# TALK
# UPDATE
Hate Score: -10000, 0, -10000, 0, 0, 20, 0, 0, -10000, 0
# TALK
# UPDATE
Hate Score: -10000, 0, -10000, 0, 0, 20, 0, 0, -10000, 0
# TALK
# UPDATE
Hate Score: -10000, 0, -10000, 0, 0, 20, 0, 0, -10000, 0
# TALK
# UPDATE
Hate Score: -10000, 0, -10000, 0, 0, 20, 0, 0, -10000, 0
# TALK
# UPDATE
Hate Score: -10000, 0, -10000, 0, 0, 20, 0, 0, -10000, 0
# TALK
# UPDATE
Hate Score: -10000, 0, -10000, 0, 0, 20, 0, 0, -10000, 0
# UPDATE
Hate Score: -10000, 0, -10000, 0, 0, 20, 0, 0, -10000, 0
# VOTE: 6
# UPDATE
Agent 4 voted for me!
Agent 6 voted for me!
Hate Score: -20000, 0, -20000, -9900, 0, -9880, 0, 0, -10000, 0
# DAYSTART
# UPDATE
Hate Score: -20000, 0, -20000, -9900, 0, -9880, 0, 0, -10000, 0
# TALK
# UPDATE
Hate Score: -20000, 0, -20000, -9900, 0, -9880, 0, 0, -10000, 0
# TALK
# UPDATE
Hate Score: -20000, 0, -20000, -9900, 0, -9880, 0, 0, -10000, 0
# TALK
# UPDATE
Hate Score: -20000, 0, -20000, -9900, 0, -9880, 0, 0, -10000, 0
# TALK
# UPDATE
Hate Score: -20000, 0, -20000, -9900, 0, -9880, 0, 0, -10000, 0
# TALK
# UPDATE
Hate Score: -20000, 0, -20000, -9900, 0, -9880, 0, 0, -10000, 0
# TALK
# UPDATE
Hate Score: -20000, 0, -20000, -9900, 0, -9880, 0, 0, -10000, 0
# TALK
# UPDATE
Hate Score: -20000, 0, -20000, -9900, 0, -9880, 0, 0, -10000, 0
# TALK
# UPDATE
Hate Score: -20000, 0, -20000, -9900, 0, -9880, 0, 0, -10000, 0
# TALK
# UPDATE
Hate Score: -20000, 0, -20000, -9900, 0, -9880, 0, 0, -10000, 0
# TALK
# UPDATE
Hate Score: -20000, 0, -20000, -9900, 0, -9880, 0, 0, -10000, 0
# UPDATE
Hate Score: -20000, 0, -20000, -9900, 0, -9880, 0, 0, -10000, 0
# VOTE: 2
# UPDATE
Hate Score: -30000, -10000, -30000, -19900, 0, -19880, 0, 0, -20000, 0
# DAYSTART
# UPDATE
Talking about me: VOTE Agent[09]
Talking about me: REQUEST ANY (VOTE Agent[09])
Hate Score: -30000, -10000, -30000, -19900, 20, -19880, 0, 0, -20000, 0
# UPDATE
Hate Score: -30000, -10000, -30000, -19900, 20, -19880, 0, 0, -20000, 0
# FINISH
# INIT: I am agent 9
# UPDATE
Hate Score: 0, 0, 0, 0, 0, 0, 0, 0, -10000, 0
# DAYSTART
# UPDATE
Hate Score: 0, 0, 0, 0, 0, 0, 0, 0, -10000, 0
# UPDATE
Hate Score: 0, 0, 0, 0, 0, 0, 0, 0, -10000, 0
# DAYSTART
# UPDATE
Hate Score: 0, 0, 0, 0, 0, 0, 0, 0, -10000, 0
# TALK
# UPDATE
Talking about me: VOTE Agent[09]
Talking about me: DAY 1 (DIVINED Agent[09] HUMAN)
Hate Score: 1, 10, 0, 0, 0, 0, 0, 0, -10000, 0
# TALK
# UPDATE
Talking about me: REQUEST ANY (VOTE Agent[09])
Talking about me: DIVINED Agent[09] HUMAN
Hate Score: 2, 20, 0, 0, 0, 0, 0, 0, -10000, 0
# TALK
# UPDATE
Hate Score: 2, 20, 0, 0, 0, 0, 0, 0, -10000, 0
# TALK
# UPDATE
Hate Score: 2, 20, 0, 0, 0, 0, 0, 0, -10000, 0
# TALK
# UPDATE
Hate Score: 2, 20, 0, 0, 0, 0, 0, 0, -10000, 0
# TALK
# UPDATE
Hate Score: 2, 20, 0, 0, 0, 0, 0, 0, -10000, 0
# TALK
# UPDATE
Hate Score: 2, 20, 0, 0, 0, 0, 0, 0, -10000, 0
# TALK
# UPDATE
Hate Score: 2, 20, 0, 0, 0, 0, 0, 0, -10000, 0
# TALK
# UPDATE
Hate Score: 2, 20, 0, 0, 0, 0, 0, 0, -10000, 0
# TALK
# UPDATE
Hate Score: 2, 20, 0, 0, 0, 0, 0, 0, -10000, 0
# UPDATE
Hate Score: 2, 20, 0, 0, 0, 0, 0, 0, -10000, 0
# VOTE: 2
# UPDATE
Hate Score: 2, 20, 0, -10000, 0, 0, 0, -10000, -10000, 0
# DAYSTART
# UPDATE
Hate Score: 2, 20, 0, -10000, 0, 0, 0, -10000, -10000, 0
# TALK
# UPDATE
Hate Score: 2, 20, 0, -10000, 0, 0, 0, -10000, -10000, 0
# TALK
# UPDATE
Hate Score: 2, 20, 0, -10000, 0, 0, 0, -10000, -10000, 0
# TALK
# UPDATE
Hate Score: 2, 20, 0, -10000, 0, 0, 0, -10000, -10000, 0
# TALK
# UPDATE
Hate Score: 2, 20, 0, -10000, 0, 0, 0, -10000, -10000, 0
# TALK
# UPDATE
Hate Score: 2, 20, 0, -10000, 0, 0, 0, -10000, -10000, 0
# TALK
# UPDATE
Hate Score: 2, 20, 0, -10000, 0, 0, 0, -10000, -10000, 0
# TALK
# UPDATE
Hate Score: 2, 20, 0, -10000, 0, 0, 0, -10000, -10000, 0
# TALK
# UPDATE
Hate Score: 2, 20, 0, -10000, 0, 0, 0, -10000, -10000, 0
# TALK
# UPDATE
Hate Score: 2, 20, 0, -10000, 0, 0, 0, -10000, -10000, 0
# TALK
# UPDATE
Hate Score: 2, 20, 0, -10000, 0, 0, 0, -10000, -10000, 0
# UPDATE
Hate Score: 2, 20, 0, -10000, 0, 0, 0, -10000, -10000, 0
# VOTE: 2
# UPDATE
Hate Score: 2, 20, 0, -10000, 0, 0, 0, -10000, -10000, 0
# VOTE: 2
# UPDATE
Hate Score: -9998, 20, 0, -20000, 0, 0, -10000, -20000, -10000, 0
# DAYSTART
# UPDATE
Hate Score: -9998, 20, 0, -20000, 0, 0, -10000, -20000, -10000, 0
# TALK
# UPDATE
Hate Score: -9998, 20, 0, -20000, 0, 0, -10000, -20000, -10000, 0
# TALK
# UPDATE
Hate Score: -9998, 20, 0, -20000, 0, 0, -10000, -20000, -10000, 0
# TALK
# UPDATE
Hate Score: -9998, 20, 0, -20000, 0, 0, -10000, -20000, -10000, 0
# TALK
# UPDATE
Hate Score: -9998, 20, 0, -20000, 0, 0, -10000, -20000, -10000, 0
# TALK
# UPDATE
Hate Score: -9998, 20, 0, -20000, 0, 0, -10000, -20000, -10000, 0
# TALK
# UPDATE
Hate Score: -9998, 20, 0, -20000, 0, 0, -10000, -20000, -10000, 0
# TALK
# UPDATE
Hate Score: -9998, 20, 0, -20000, 0, 0, -10000, -20000, -10000, 0
# TALK
# UPDATE
Hate Score: -9998, 20, 0, -20000, 0, 0, -10000, -20000, -10000, 0
# TALK
# UPDATE
Hate Score: -9998, 20, 0, -20000, 0, 0, -10000, -20000, -10000, 0
# TALK
# UPDATE
Hate Score: -9998, 20, 0, -20000, 0, 0, -10000, -20000, -10000, 0
# UPDATE
Hate Score: -9998, 20, 0, -20000, 0, 0, -10000, -20000, -10000, 0
# VOTE: 2
# UPDATE
Hate Score: -9998, 20, 0, -20000, 0, 0, -10000, -20000, -10000, 0
# FINISH
# INIT: I am agent 9
# UPDATE
Hate Score: 0, 0, 0, 0, 0, 0, 0, 0, -10000, 0
# DAYSTART
# UPDATE
Hate Score: 0, 0, 0, 0, 0, 0, 0, 0, -10000, 0
# UPDATE
Hate Score: 0, 0, 0, 0, 0, 0, 0, 0, -10000, 0
# WHISPER
# UPDATE
Hate Score: 0, 0, 0, 0, 0, 0, 0, 0, -10000, 0
# WHISPER
# UPDATE
Hate Score: 0, 0, 0, 0, 0, 0, 0, 0, -10000, 0
# WHISPER
# UPDATE
Hate Score: 0, 0, 0, 0, 0, 0, 0, 0, -10000, 0
# WHISPER
# UPDATE
Hate Score: 0, 0, 0, 0, 0, 0, 0, 0, -10000, 0
# WHISPER
# UPDATE
Hate Score: 0, 0, 0, 0, 0, 0, 0, 0, -10000, 0
# WHISPER
# UPDATE
Hate Score: 0, 0, 0, 0, 0, 0, 0, 0, -10000, 0
# WHISPER
# UPDATE
Hate Score: 0, 0, 0, 0, 0, 0, 0, 0, -10000, 0
# WHISPER
# UPDATE
Hate Score: 0, 0, 0, 0, 0, 0, 0, 0, -10000, 0
# WHISPER
# UPDATE
Hate Score: 0, 0, 0, 0, 0, 0, 0, 0, -10000, 0
# WHISPER
# UPDATE
Hate Score: 0, 0, 0, 0, 0, 0, 0, 0, -10000, 0
# DAYSTART
# UPDATE
Hate Score: 0, 0, 0, 0, 0, 0, 0, 0, -10000, 0
# TALK
# UPDATE
Talking about me: VOTE Agent[09]
Talking about me: REQUEST ANY (VOTE Agent[09])
Hate Score: 0, 0, 0, 0, 0, 0, 20, 0, -10000, 0
# TALK
# UPDATE
Hate Score: 0, 0, 0, 0, 0, 0, 20, 0, -10000, 0
# TALK
# UPDATE
Hate Score: 0, 0, 0, 0, 0, 0, 20, 0, -10000, 0
# TALK
# UPDATE
Hate Score: 0, 0, 0, 0, 0, 0, 20, 0, -10000, 0
# TALK
# UPDATE
Hate Score: 0, 0, 0, 0, 0, 0, 20, 0, -10000, 0
# TALK
# UPDATE
Hate Score: 0, 0, 0, 0, 0, 0, 20, 0, -10000, 0
# TALK
# UPDATE
Hate Score: 0, 0, 0, 0, 0, 0, 20, 0, -10000, 0
# TALK
# UPDATE
Hate Score: 0, 0, 0, 0, 0, 0, 20, 0, -10000, 0
# TALK
# UPDATE
Hate Score: 0, 0, 0, 0, 0, 0, 20, 0, -10000, 0
# TALK
# UPDATE
Hate Score: 0, 0, 0, 0, 0, 0, 20, 0, -10000, 0
# UPDATE
Hate Score: 0, 0, 0, 0, 0, 0, 20, 0, -10000, 0
# VOTE: 7
# UPDATE
Hate Score: 0, 0, 0, 0, 0, 0, 20, 0, -10000, 0
# ATTACK: 7
# UPDATE
Hate Score: 0, 0, 0, -10000, 0, 0, -9980, 0, -10000, 0
# DAYSTART
# UPDATE
Hate Score: 0, 0, 0, -10000, 0, 0, -9980, 0, -10000, 0
# TALK
# UPDATE
Hate Score: 0, 0, 0, -10000, 0, 0, -9980, 0, -10000, 0
# TALK
# UPDATE
Hate Score: 0, 0, 0, -10000, 0, 0, -9980, 0, -10000, 0
# TALK
# UPDATE
Hate Score: 0, 0, 0, -10000, 0, 0, -9980, 0, -10000, 0
# TALK
# UPDATE
Hate Score: 0, 0, 0, -10000, 0, 0, -9980, 0, -10000, 0
# TALK
# UPDATE
Hate Score: 0, 0, 0, -10000, 0, 0, -9980, 0, -10000, 0
# TALK
# UPDATE
Hate Score: 0, 0, 0, -10000, 0, 0, -9980, 0, -10000, 0
# TALK
# UPDATE
Hate Score: 0, 0, 0, -10000, 0, 0, -9980, 0, -10000, 0
# TALK
# UPDATE
Hate Score: 0, 0, 0, -10000, 0, 0, -9980, 0, -10000, 0
# TALK
# UPDATE
Hate Score: 0, 0, 0, -10000, 0, 0, -9980, 0, -10000, 0
# TALK
# UPDATE
Hate Score: 0, 0, 0, -10000, 0, 0, -9980, 0, -10000, 0
# UPDATE
Hate Score: 0, 0, 0, -10000, 0, 0, -9980, 0, -10000, 0
# VOTE: 1
# UPDATE
Hate Score: 0, 0, 0, -10000, 0, 0, -9980, 0, -10000, 0
# VOTE: 1
# UPDATE
Hate Score: 0, 0, 0, -10000, 0, 0, -9980, 0, -10000, 0
# ATTACK: 1
# UPDATE
Hate Score: 0, 0, 0, -10000, 0, 0, -9980, 0, -10000, 0
# ATTACK: 1
# UPDATE
Hate Score: -10000, 0, 0, -20000, -10000, 0, -19980, 0, -10000, 0
# DAYSTART
# UPDATE
Hate Score: -10000, 0, 0, -20000, -10000, 0, -19980, 0, -10000, 0
# TALK
# UPDATE
Hate Score: -10000, 0, 0, -20000, -10000, 0, -19980, 0, -10000, 0
# TALK
# UPDATE
Hate Score: -10000, 0, 0, -20000, -10000, 0, -19980, 0, -10000, 0
# TALK
# UPDATE
Hate Score: -10000, 0, 0, -20000, -10000, 0, -19980, 0, -10000, 0
# TALK
# UPDATE
Hate Score: -10000, 0, 0, -20000, -10000, 0, -19980, 0, -10000, 0
# TALK
# UPDATE
Hate Score: -10000, 0, 0, -20000, -10000, 0, -19980, 0, -10000, 0
# TALK
# UPDATE
Hate Score: -10000, 0, 0, -20000, -10000, 0, -19980, 0, -10000, 0
# TALK
# UPDATE
Hate Score: -10000, 0, 0, -20000, -10000, 0, -19980, 0, -10000, 0
# TALK
# UPDATE
Hate Score: -10000, 0, 0, -20000, -10000, 0, -19980, 0, -10000, 0
# TALK
# UPDATE
Hate Score: -10000, 0, 0, -20000, -10000, 0, -19980, 0, -10000, 0
# TALK
# UPDATE
Hate Score: -10000, 0, 0, -20000, -10000, 0, -19980, 0, -10000, 0
# UPDATE
Hate Score: -10000, 0, 0, -20000, -10000, 0, -19980, 0, -10000, 0
# VOTE: 2
# UPDATE
Hate Score: -10000, 0, 0, -20000, -10000, 0, -19980, 0, -10000, 0
# ATTACK: 2
# UPDATE
Hate Score: -10000, 0, 0, -20000, -10000, 0, -19980, 0, -10000, 0
# ATTACK: 2
# UPDATE
Hate Score: -20000, -10000, 0, -30000, -20000, 0, -29980, -10000, -10000, 0
# DAYSTART
# UPDATE
Hate Score: -20000, -10000, 0, -30000, -20000, 0, -29980, -10000, -10000, 0
# TALK
# UPDATE
Hate Score: -20000, -10000, 0, -30000, -20000, 0, -29980, -10000, -10000, 0
# TALK
# UPDATE
Talking about me: VOTE Agent[09]
Hate Score: -20000, -10000, 0, -30000, -20000, 10, -29980, -10000, -10000, 0
# TALK
# UPDATE
Hate Score: -20000, -10000, 0, -30000, -20000, 10, -29980, -10000, -10000, 0
# TALK
# UPDATE
Talking about me: REQUEST ANY (VOTE Agent[09])
Hate Score: -20000, -10000, 0, -30000, -20000, 20, -29980, -10000, -10000, 0
# TALK
# UPDATE
Hate Score: -20000, -10000, 0, -30000, -20000, 20, -29980, -10000, -10000, 0
# TALK
# UPDATE
Hate Score: -20000, -10000, 0, -30000, -20000, 20, -29980, -10000, -10000, 0
# TALK
# UPDATE
Hate Score: -20000, -10000, 0, -30000, -20000, 20, -29980, -10000, -10000, 0
# TALK
# UPDATE
Hate Score: -20000, -10000, 0, -30000, -20000, 20, -29980, -10000, -10000, 0
# TALK
# UPDATE
Hate Score: -20000, -10000, 0, -30000, -20000, 20, -29980, -10000, -10000, 0
# TALK
# UPDATE
Hate Score: -20000, -10000, 0, -30000, -20000, 20, -29980, -10000, -10000, 0
# UPDATE
Hate Score: -20000, -10000, 0, -30000, -20000, 20, -29980, -10000, -10000, 0
# VOTE: 6
# UPDATE
Hate Score: -20000, -10000, 0, -30000, -20000, 20, -29980, -10000, -10000, 0
# FINISH
# INIT: I am agent 9
# UPDATE
Hate Score: 0, 0, 0, 0, 0, 0, 0, 0, -10000, 0
# DAYSTART
# UPDATE
Hate Score: 0, 0, 0, 0, 0, 0, 0, 0, -10000, 0
# UPDATE
Hate Score: 0, 0, 0, 0, 0, 0, 0, 0, -10000, 0
# WHISPER
# UPDATE
Hate Score: 0, 0, 0, 0, 0, 0, 0, 0, -10000, 0
# WHISPER
# UPDATE
Hate Score: 0, 0, 0, 0, 0, 0, 0, 0, -10000, 0
# WHISPER
# UPDATE
Hate Score: 0, 0, 0, 0, 0, 0, 0, 0, -10000, 0
# WHISPER
# UPDATE
Hate Score: 0, 0, 0, 0, 0, 0, 0, 0, -10000, 0
# WHISPER
# UPDATE
Hate Score: 0, 0, 0, 0, 0, 0, 0, 0, -10000, 0
# WHISPER
# UPDATE
Hate Score: 0, 0, 0, 0, 0, 0, 0, 0, -10000, 0
# WHISPER
# UPDATE
Hate Score: 0, 0, 0, 0, 0, 0, 0, 0, -10000, 0
# WHISPER
# UPDATE
Hate Score: 0, 0, 0, 0, 0, 0, 0, 0, -10000, 0
# WHISPER
# UPDATE
Hate Score: 0, 0, 0, 0, 0, 0, 0, 0, -10000, 0
# WHISPER
# UPDATE
Hate Score: 0, 0, 0, 0, 0, 0, 0, 0, -10000, 0
# DAYSTART
# UPDATE
Hate Score: 0, 0, 0, 0, 0, 0, 0, 0, -10000, 0
# TALK
# UPDATE
Hate Score: 0, 0, 0, 0, 0, 0, 0, 0, -10000, 0
# TALK
# UPDATE
Hate Score: 0, 0, 0, 0, 0, 0, 0, 0, -10000, 0
# TALK
# UPDATE
Hate Score: 0, 0, 0, 0, 0, 0, 0, 0, -10000, 0
# TALK
# UPDATE
Hate Score: 0, 0, 0, 0, 0, 0, 0, 0, -10000, 0
# TALK
# UPDATE
Hate Score: 0, 0, 0, 0, 0, 0, 0, 0, -10000, 0
# TALK
# UPDATE
Hate Score: 0, 0, 0, 0, 0, 0, 0, 0, -10000, 0
# TALK
# UPDATE
Hate Score: 0, 0, 0, 0, 0, 0, 0, 0, -10000, 0
# TALK
# UPDATE
Hate Score: 0, 0, 0, 0, 0, 0, 0, 0, -10000, 0
# TALK
# UPDATE
Hate Score: 0, 0, 0, 0, 0, 0, 0, 0, -10000, 0
# TALK
# UPDATE
Hate Score: 0, 0, 0, 0, 0, 0, 0, 0, -10000, 0
# UPDATE
Hate Score: 0, 0, 0, 0, 0, 0, 0, 0, -10000, 0
# VOTE: 1
# UPDATE
Agent 10 voted for me!
Hate Score: 0, 0, 0, 0, 0, 0, 0, 0, -10000, 100
# WHISPER
# UPDATE
Hate Score: 0, 0, 0, 0, 0, 0, 0, 0, -10000, 100
# WHISPER
# UPDATE
Hate Score: 0, 0, 0, 0, 0, 0, 0, 0, -10000, 100
# WHISPER
# UPDATE
Hate Score: 0, 0, 0, 0, 0, 0, 0, 0, -10000, 100
# WHISPER
# UPDATE
Hate Score: 0, 0, 0, 0, 0, 0, 0, 0, -10000, 100
# WHISPER
# UPDATE
Hate Score: 0, 0, 0, 0, 0, 0, 0, 0, -10000, 100
# WHISPER
# UPDATE
Hate Score: 0, 0, 0, 0, 0, 0, 0, 0, -10000, 100
# WHISPER
# UPDATE
Hate Score: 0, 0, 0, 0, 0, 0, 0, 0, -10000, 100
# WHISPER
# UPDATE
Hate Score: 0, 0, 0, 0, 0, 0, 0, 0, -10000, 100
# WHISPER
# UPDATE
Hate Score: 0, 0, 0, 0, 0, 0, 0, 0, -10000, 100
# WHISPER
# UPDATE
Hate Score: 0, 0, 0, 0, 0, 0, 0, 0, -10000, 100
# ATTACK: 10
# UPDATE
Hate Score: 0, 0, 0, 0, 0, 0, 0, 0, -10000, 100
# ATTACK: 10
# UPDATE
Hate Score: 0, -10000, 0, 0, -10000, 0, 0, 0, -10000, 100
# DAYSTART
# UPDATE
Talking about me: VOTE Agent[09]
Hate Score: 0, -10000, 0, 0, -10000, 10, 0, 0, -10000, 100
# TALK
# UPDATE
Talking about me: REQUEST ANY (VOTE Agent[09])
Hate Score: 0, -10000, 0, 0, -10000, 20, 0, 0, -10000, 100
# TALK
# UPDATE
Hate Score: 0, -10000, 0, 0, -10000, 20, 0, 0, -10000, 100
# TALK
# UPDATE
Hate Score: 0, -10000, 0, 0, -10000, 20, 0, 0, -10000, 100
# TALK
# UPDATE
Hate Score: 0, -10000, 0, 0, -10000, 20, 0, 0, -10000, 100
# TALK
# UPDATE
Hate Score: 0, -10000, 0, 0, -10000, 20, 0, 0, -10000, 100
# TALK
# UPDATE
Hate Score: 0, -10000, 0, 0, -10000, 20, 0, 0, -10000, 100
# TALK
# UPDATE
Hate Score: 0, -10000, 0, 0, -10000, 20, 0, 0, -10000, 100
# TALK
# UPDATE
Hate Score: 0, -10000, 0, 0, -10000, 20, 0, 0, -10000, 100
# TALK
# UPDATE
Hate Score: 0, -10000, 0, 0, -10000, 20, 0, 0, -10000, 100
# TALK
# UPDATE
Hate Score: 0, -10000, 0, 0, -10000, 20, 0, 0, -10000, 100
# UPDATE
Hate Score: 0, -10000, 0, 0, -10000, 20, 0, 0, -10000, 100
# VOTE: 10
# UPDATE
Agent 3 voted for me!
Hate Score: 0, -10000, 100, 0, -10000, 20, 0, 0, -10000, 100
# ATTACK: 3
# UPDATE
Hate Score: -10000, -20000, -9900, 0, -20000, 20, 0, 0, -10000, 100
# DAYSTART
# UPDATE
Hate Score: -10000, -20000, -9900, 0, -20000, 20, 0, 0, -10000, 100
# TALK
# UPDATE
Hate Score: -10000, -20000, -9900, 0, -20000, 20, 0, 0, -10000, 100
# TALK
# UPDATE
Hate Score: -10000, -20000, -9900, 0, -20000, 20, 0, 0, -10000, 100
# TALK
# UPDATE
Hate Score: -10000, -20000, -9900, 0, -20000, 20, 0, 0, -10000, 100
# TALK
# UPDATE
Hate Score: -10000, -20000, -9900, 0, -20000, 20, 0, 0, -10000, 100
# TALK
# UPDATE
Hate Score: -10000, -20000, -9900, 0, -20000, 20, 0, 0, -10000, 100
# TALK
# UPDATE
Hate Score: -10000, -20000, -9900, 0, -20000, 20, 0, 0, -10000, 100
# TALK
# UPDATE
Hate Score: -10000, -20000, -9900, 0, -20000, 20, 0, 0, -10000, 100
# TALK
# UPDATE
Hate Score: -10000, -20000, -9900, 0, -20000, 20, 0, 0, -10000, 100
# TALK
# UPDATE
Hate Score: -10000, -20000, -9900, 0, -20000, 20, 0, 0, -10000, 100
# TALK
# UPDATE
Hate Score: -10000, -20000, -9900, 0, -20000, 20, 0, 0, -10000, 100
# UPDATE
Hate Score: -10000, -20000, -9900, 0, -20000, 20, 0, 0, -10000, 100
# VOTE: 10
# UPDATE
Hate Score: -10000, -20000, -9900, 0, -20000, 20, 0, 0, -10000, 100
# VOTE: 10
# UPDATE
Agent 10 voted for me!
Hate Score: -10000, -20000, -9900, 0, -20000, 20, 0, 0, -10000, 200
# ATTACK: 10
# UPDATE
Hate Score: -20000, -30000, -19900, -10000, -30000, 20, 0, 0, -10000, -9800
# DAYSTART
# UPDATE
Hate Score: -20000, -30000, -19900, -10000, -30000, 20, 0, 0, -10000, -9800
# TALK
# UPDATE
Hate Score: -20000, -30000, -19900, -10000, -30000, 20, 0, 0, -10000, -9800
# TALK
# UPDATE
Hate Score: -20000, -30000, -19900, -10000, -30000, 20, 0, 0, -10000, -9800
# TALK
# UPDATE
Hate Score: -20000, -30000, -19900, -10000, -30000, 20, 0, 0, -10000, -9800
# TALK
# UPDATE
Hate Score: -20000, -30000, -19900, -10000, -30000, 20, 0, 0, -10000, -9800
# TALK
# UPDATE
Hate Score: -20000, -30000, -19900, -10000, -30000, 20, 0, 0, -10000, -9800
# TALK
# UPDATE
Hate Score: -20000, -30000, -19900, -10000, -30000, 20, 0, 0, -10000, -9800
# TALK
# UPDATE
Hate Score: -20000, -30000, -19900, -10000, -30000, 20, 0, 0, -10000, -9800
# TALK
# UPDATE
Hate Score: -20000, -30000, -19900, -10000, -30000, 20, 0, 0, -10000, -9800
# TALK
# UPDATE
Hate Score: -20000, -30000, -19900, -10000, -30000, 20, 0, 0, -10000, -9800
# TALK
# UPDATE
Hate Score: -20000, -30000, -19900, -10000, -30000, 20, 0, 0, -10000, -9800
# UPDATE
Hate Score: -20000, -30000, -19900, -10000, -30000, 20, 0, 0, -10000, -9800
# VOTE: 6
# UPDATE
Hate Score: -20000, -30000, -19900, -10000, -30000, 20, 0, 0, -10000, -9800
# ATTACK: 6
# UPDATE
Hate Score: -20000, -30000, -19900, -10000, -30000, 20, 0, 0, -10000, -9800
# ATTACK: 6
# UPDATE
Hate Score: -20000, -30000, -19900, -10000, -30000, 20, 0, 0, -10000, -9800
# FINISH
# INIT: I am agent 9
# UPDATE
Hate Score: 0, 0, 0, 0, 0, 0, 0, 0, -10000, 0
# DAYSTART
# UPDATE
Hate Score: 0, 0, 0, 0, 0, 0, 0, 0, -10000, 0
# UPDATE
Hate Score: 0, 0, 0, 0, 0, 0, 0, 0, -10000, 0
# DAYSTART
# UPDATE
Hate Score: 0, 0, 0, 0, 0, 0, 0, 0, -10000, 0
# TALK
# UPDATE
Hate Score: 0, 0, 0, 0, 0, 0, 0, 0, -10000, 0
# TALK
# UPDATE
Hate Score: 0, 0, 0, 0, 0, 0, 0, 0, -10000, 0
# TALK
# UPDATE
Hate Score: 0, 0, 0, 0, 0, 0, 0, 0, -10000, 0
# TALK
# UPDATE
Hate Score: 0, 0, 0, 0, 0, 0, 0, 0, -10000, 0
# TALK
# UPDATE
Hate Score: 0, 0, 0, 0, 0, 0, 0, 0, -10000, 0
# TALK
# UPDATE
Hate Score: 0, 0, 0, 0, 0, 0, 0, 0, -10000, 0
# TALK
# UPDATE
Hate Score: 0, 0, 0, 0, 0, 0, 0, 0, -10000, 0
# TALK
# UPDATE
Hate Score: 0, 0, 0, 0, 0, 0, 0, 0, -10000, 0
# TALK
# UPDATE
Hate Score: 0, 0, 0, 0, 0, 0, 0, 0, -10000, 0
# TALK
# UPDATE
Hate Score: 0, 0, 0, 0, 0, 0, 0, 0, -10000, 0
# UPDATE
Hate Score: 0, 0, 0, 0, 0, 0, 0, 0, -10000, 0
# VOTE: 1
# UPDATE
Hate Score: 0, -10000, 0, 0, -10000, 0, 0, 0, -10000, 0
# DAYSTART
# UPDATE
Hate Score: 0, -10000, 0, 0, -10000, 0, 0, 0, -10000, 0
# TALK
# UPDATE
Hate Score: 0, -10000, 0, 0, -10000, 0, 0, 0, -10000, 0
# TALK
# UPDATE
Hate Score: 0, -10000, 0, 0, -10000, 0, 0, 0, -10000, 0
# TALK
# UPDATE
Hate Score: 0, -10000, 0, 0, -10000, 0, 0, 0, -10000, 0
# TALK
# UPDATE
Hate Score: 0, -10000, 0, 0, -10000, 0, 0, 0, -10000, 0
# TALK
# UPDATE
Hate Score: 0, -10000, 0, 0, -10000, 0, 0, 0, -10000, 0
# TALK
# UPDATE
Hate Score: 0, -10000, 0, 0, -10000, 0, 0, 0, -10000, 0
# TALK
# UPDATE
Hate Score: 0, -10000, 0, 0, -10000, 0, 0, 0, -10000, 0
# TALK
# UPDATE
Hate Score: 0, -10000, 0, 0, -10000, 0, 0, 0, -10000, 0
# TALK
# UPDATE
Hate Score: 0, -10000, 0, 0, -10000, 0, 0, 0, -10000, 0
# TALK
# UPDATE
Hate Score: 0, -10000, 0, 0, -10000, 0, 0, 0, -10000, 0
# UPDATE
Hate Score: 0, -10000, 0, 0, -10000, 0, 0, 0, -10000, 0
# VOTE: 1
# UPDATE
Agent 7 voted for me!
Hate Score: 0, -20000, 0, -10000, -20000, 0, -9900, 0, -10000, 0
# DAYSTART
# UPDATE
Hate Score: 0, -20000, 0, -10000, -20000, 0, -9900, 0, -10000, 0
# TALK
# UPDATE
Hate Score: 0, -20000, 0, -10000, -20000, 0, -9900, 0, -10000, 0
# TALK
# UPDATE
Hate Score: 0, -20000, 0, -10000, -20000, 0, -9900, 0, -10000, 0
# TALK
# UPDATE
Hate Score: 0, -20000, 0, -10000, -20000, 0, -9900, 0, -10000, 0
# TALK
# UPDATE
Hate Score: 0, -20000, 0, -10000, -20000, 0, -9900, 0, -10000, 0
# TALK
# UPDATE
Hate Score: 0, -20000, 0, -10000, -20000, 0, -9900, 0, -10000, 0
# TALK
# UPDATE
Hate Score: 0, -20000, 0, -10000, -20000, 0, -9900, 0, -10000, 0
# TALK
# UPDATE
Hate Score: 0, -20000, 0, -10000, -20000, 0, -9900, 0, -10000, 0
# TALK
# UPDATE
Hate Score: 0, -20000, 0, -10000, -20000, 0, -9900, 0, -10000, 0
# TALK
# UPDATE
Hate Score: 0, -20000, 0, -10000, -20000, 0, -9900, 0, -10000, 0
# TALK
# UPDATE
Hate Score: 0, -20000, 0, -10000, -20000, 0, -9900, 0, -10000, 0
# UPDATE
Hate Score: 0, -20000, 0, -10000, -20000, 0, -9900, 0, -10000, 0
# VOTE: 1
# UPDATE
Agent 1 voted for me!
Hate Score: -9900, -30000, 0, -20000, -30000, 0, -19900, -10000, -10000, 0
# DAYSTART
# UPDATE
Hate Score: -9900, -30000, 0, -20000, -30000, 0, -19900, -10000, -10000, 0
# TALK
# UPDATE
Talking about me: VOTE Agent[09]
Talking about me: REQUEST ANY (VOTE Agent[09])
Hate Score: -9900, -30000, 0, -20000, -30000, 20, -19900, -10000, -10000, 0
# TALK
# UPDATE
Hate Score: -9900, -30000, 0, -20000, -30000, 20, -19900, -10000, -10000, 0
# TALK
# UPDATE
Hate Score: -9900, -30000, 0, -20000, -30000, 20, -19900, -10000, -10000, 0
# TALK
# UPDATE
Hate Score: -9900, -30000, 0, -20000, -30000, 20, -19900, -10000, -10000, 0
# TALK
# UPDATE
Hate Score: -9900, -30000, 0, -20000, -30000, 20, -19900, -10000, -10000, 0
# TALK
# UPDATE
Hate Score: -9900, -30000, 0, -20000, -30000, 20, -19900, -10000, -10000, 0
# TALK
# UPDATE
Hate Score: -9900, -30000, 0, -20000, -30000, 20, -19900, -10000, -10000, 0
# TALK
# UPDATE
Hate Score: -9900, -30000, 0, -20000, -30000, 20, -19900, -10000, -10000, 0
# TALK
# UPDATE
Hate Score: -9900, -30000, 0, -20000, -30000, 20, -19900, -10000, -10000, 0
# TALK
# UPDATE
Hate Score: -9900, -30000, 0, -20000, -30000, 20, -19900, -10000, -10000, 0
# UPDATE
Hate Score: -9900, -30000, 0, -20000, -30000, 20, -19900, -10000, -10000, 0
# VOTE: 6
# UPDATE
Hate Score: -9900, -30000, 0, -20000, -30000, 20, -19900, -10000, -10000, 0
# FINISH
# INIT: I am agent 9
# UPDATE
Hate Score: 0, 0, 0, 0, 0, 0, 0, 0, -10000, 0
# DAYSTART
# UPDATE
Hate Score: 0, 0, 0, 0, 0, 0, 0, 0, -10000, 0
# UPDATE
Hate Score: 0, 0, 0, 0, 0, 0, 0, 0, -10000, 0
# DAYSTART
# UPDATE
Hate Score: 0, 0, 0, 0, 0, 0, 0, 0, -10000, 0
# TALK
# UPDATE
Hate Score: 0, 0, 0, 0, 0, 0, 0, 0, -10000, 0
# TALK
# UPDATE
Hate Score: 0, 0, 0, 0, 0, 0, 0, 0, -10000, 0
# TALK
# UPDATE
Hate Score: 0, 0, 0, 0, 0, 0, 0, 0, -10000, 0
# TALK
# UPDATE
Hate Score: 0, 0, 0, 0, 0, 0, 0, 0, -10000, 0
# TALK
# UPDATE
Hate Score: 0, 0, 0, 0, 0, 0, 0, 0, -10000, 0
# TALK
# UPDATE
Hate Score: 0, 0, 0, 0, 0, 0, 0, 0, -10000, 0
# TALK
# UPDATE
Hate Score: 0, 0, 0, 0, 0, 0, 0, 0, -10000, 0
# TALK
# UPDATE
Hate Score: 0, 0, 0, 0, 0, 0, 0, 0, -10000, 0
# TALK
# UPDATE
Hate Score: 0, 0, 0, 0, 0, 0, 0, 0, -10000, 0
# TALK
# UPDATE
Hate Score: 0, 0, 0, 0, 0, 0, 0, 0, -10000, 0
# UPDATE
Hate Score: 0, 0, 0, 0, 0, 0, 0, 0, -10000, 0
# VOTE: 1
# UPDATE
Hate Score: 0, 0, 0, 0, 0, 0, 0, 0, -10000, 0
# VOTE: 1
# UPDATE
Hate Score: -10000, 0, 0, 0, 0, 0, -10000, 0, -10000, 0
# DAYSTART
# UPDATE
Hate Score: -10000, 0, 0, 0, 0, 0, -10000, 0, -10000, 0
# TALK
# UPDATE
Hate Score: -10000, 0, 0, 0, 0, 0, -10000, 0, -10000, 0
# TALK
# UPDATE
Hate Score: -10000, 0, 0, 0, 0, 0, -10000, 0, -10000, 0
# TALK
# UPDATE
Hate Score: -10000, 0, 0, 0, 0, 0, -10000, 0, -10000, 0
# TALK
# UPDATE
Hate Score: -10000, 0, 0, 0, 0, 0, -10000, 0, -10000, 0
# TALK
# UPDATE
Hate Score: -10000, 0, 0, 0, 0, 0, -10000, 0, -10000, 0
# TALK
# UPDATE
Hate Score: -10000, 0, 0, 0, 0, 0, -10000, 0, -10000, 0
# TALK
# UPDATE
Hate Score: -10000, 0, 0, 0, 0, 0, -10000, 0, -10000, 0
# TALK
# UPDATE
Hate Score: -10000, 0, 0, 0, 0, 0, -10000, 0, -10000, 0
# TALK
# UPDATE
Hate Score: -10000, 0, 0, 0, 0, 0, -10000, 0, -10000, 0
# TALK
# UPDATE
Hate Score: -10000, 0, 0, 0, 0, 0, -10000, 0, -10000, 0
# UPDATE
Hate Score: -10000, 0, 0, 0, 0, 0, -10000, 0, -10000, 0
# VOTE: 2
# UPDATE
Agent 10 voted for me!
Hate Score: -20000, 0, 0, -10000, 0, 0, -20000, 0, -10000, 100
# DAYSTART
# UPDATE
Hate Score: -20000, 0, 0, -10000, 0, 0, -20000, 0, -10000, 100
# TALK
# UPDATE
Hate Score: -20000, 0, 0, -10000, 0, 0, -20000, 0, -10000, 100
# TALK
# UPDATE
Hate Score: -20000, 0, 0, -10000, 0, 0, -20000, 0, -10000, 100
# TALK
# UPDATE
Hate Score: -20000, 0, 0, -10000, 0, 0, -20000, 0, -10000, 100
# TALK
# UPDATE
Hate Score: -20000, 0, 0, -10000, 0, 0, -20000, 0, -10000, 100
# TALK
# UPDATE
Hate Score: -20000, 0, 0, -10000, 0, 0, -20000, 0, -10000, 100
# TALK
# UPDATE
Hate Score: -20000, 0, 0, -10000, 0, 0, -20000, 0, -10000, 100
# TALK
# UPDATE
Hate Score: -20000, 0, 0, -10000, 0, 0, -20000, 0, -10000, 100
# TALK
# UPDATE
Hate Score: -20000, 0, 0, -10000, 0, 0, -20000, 0, -10000, 100
# TALK
# UPDATE
Hate Score: -20000, 0, 0, -10000, 0, 0, -20000, 0, -10000, 100
# TALK
# UPDATE
Hate Score: -20000, 0, 0, -10000, 0, 0, -20000, 0, -10000, 100
# UPDATE
Hate Score: -20000, 0, 0, -10000, 0, 0, -20000, 0, -10000, 100
# VOTE: 10
# UPDATE
Agent 10 voted for me!
Hate Score: -20000, 0, 0, -10000, 0, 0, -20000, 0, -10000, 200
# VOTE: 10
# UPDATE
Hate Score: -30000, -10000, 0, -20000, -10000, 0, -30000, 0, -10000, 200
# DAYSTART
# UPDATE
Hate Score: -30000, -10000, 0, -20000, -10000, 0, -30000, 0, -10000, 200
# TALK
# UPDATE
Talking about me: VOTE Agent[09]
Talking about me: REQUEST ANY (VOTE Agent[09])
Hate Score: -30000, -10000, 0, -20000, -10000, 20, -30000, 0, -10000, 200
# TALK
# UPDATE
Hate Score: -30000, -10000, 0, -20000, -10000, 20, -30000, 0, -10000, 200
# TALK
# UPDATE
Hate Score: -30000, -10000, 0, -20000, -10000, 20, -30000, 0, -10000, 200
# TALK
# UPDATE
Hate Score: -30000, -10000, 0, -20000, -10000, 20, -30000, 0, -10000, 200
# TALK
# UPDATE
Hate Score: -30000, -10000, 0, -20000, -10000, 20, -30000, 0, -10000, 200
# TALK
# UPDATE
Hate Score: -30000, -10000, 0, -20000, -10000, 20, -30000, 0, -10000, 200
# TALK
# UPDATE
Hate Score: -30000, -10000, 0, -20000, -10000, 20, -30000, 0, -10000, 200
# TALK
# UPDATE
Hate Score: -30000, -10000, 0, -20000, -10000, 20, -30000, 0, -10000, 200
# TALK
# UPDATE
Hate Score: -30000, -10000, 0, -20000, -10000, 20, -30000, 0, -10000, 200
# TALK
# UPDATE
Hate Score: -30000, -10000, 0, -20000, -10000, 20, -30000, 0, -10000, 200
# UPDATE
Hate Score: -30000, -10000, 0, -20000, -10000, 20, -30000, 0, -10000, 200
# VOTE: 10
# UPDATE
Agent 3 voted for me!
Agent 6 voted for me!
Hate Score: -30000, -10000, 100, -20000, -10000, 120, -30000, 0, -10000, 200
# VOTE: 10
# UPDATE
Agent 3 voted for me!
Agent 6 voted for me!
Hate Score: -40000, -20000, 200, -30000, -20000, 220, -40000, -10000, -10000, -9800
# DAYSTART
# UPDATE
Hate Score: -40000, -20000, 200, -30000, -20000, 220, -40000, -10000, -10000, -9800
# TALK
# UPDATE
Hate Score: -40000, -20000, 200, -30000, -20000, 220, -40000, -10000, -10000, -9800
# TALK
# UPDATE
Hate Score: -40000, -20000, 200, -30000, -20000, 220, -40000, -10000, -10000, -9800
# TALK
# UPDATE
Hate Score: -40000, -20000, 200, -30000, -20000, 220, -40000, -10000, -10000, -9800
# TALK
# UPDATE
Hate Score: -40000, -20000, 200, -30000, -20000, 220, -40000, -10000, -10000, -9800
# TALK
# UPDATE
Hate Score: -40000, -20000, 200, -30000, -20000, 220, -40000, -10000, -10000, -9800
# TALK
# UPDATE
Hate Score: -40000, -20000, 200, -30000, -20000, 220, -40000, -10000, -10000, -9800
# TALK
# UPDATE
Hate Score: -40000, -20000, 200, -30000, -20000, 220, -40000, -10000, -10000, -9800
# TALK
# UPDATE
Hate Score: -40000, -20000, 200, -30000, -20000, 220, -40000, -10000, -10000, -9800
# TALK
# UPDATE
Hate Score: -40000, -20000, 200, -30000, -20000, 220, -40000, -10000, -10000, -9800
# TALK
# UPDATE
Hate Score: -40000, -20000, 200, -30000, -20000, 220, -40000, -10000, -10000, -9800
# UPDATE
Hate Score: -40000, -20000, 200, -30000, -20000, 220, -40000, -10000, -10000, -9800
# VOTE: 6
# UPDATE
Hate Score: -40000, -20000, 200, -30000, -20000, 220, -40000, -10000, -10000, -9800
# FINISH
# INIT: I am agent 9
# UPDATE
Hate Score: 0, 0, 0, 0, 0, 0, 0, 0, -10000, 0
# DAYSTART
# UPDATE
Hate Score: 0, 0, 0, 0, 0, 0, 0, 0, -10000, 0
# UPDATE
Hate Score: 0, 0, 0, 0, 0, 0, 0, 0, -10000, 0
# WHISPER
# UPDATE
Hate Score: 0, 0, 0, 0, 0, 0, 0, 0, -10000, 0
# WHISPER
# UPDATE
Hate Score: 0, 0, 0, 0, 0, 0, 0, 0, -10000, 0
# WHISPER
# UPDATE
Hate Score: 0, 0, 0, 0, 0, 0, 0, 0, -10000, 0
# WHISPER
# UPDATE
Hate Score: 0, 0, 0, 0, 0, 0, 0, 0, -10000, 0
# WHISPER
# UPDATE
Hate Score: 0, 0, 0, 0, 0, 0, 0, 0, -10000, 0
# WHISPER
# UPDATE
Hate Score: 0, 0, 0, 0, 0, 0, 0, 0, -10000, 0
# WHISPER
# UPDATE
Hate Score: 0, 0, 0, 0, 0, 0, 0, 0, -10000, 0
# WHISPER
# UPDATE
Hate Score: 0, 0, 0, 0, 0, 0, 0, 0, -10000, 0
# WHISPER
# UPDATE
Hate Score: 0, 0, 0, 0, 0, 0, 0, 0, -10000, 0
# WHISPER
# UPDATE
Hate Score: 0, 0, 0, 0, 0, 0, 0, 0, -10000, 0
# DAYSTART
# UPDATE
Hate Score: 0, 0, 0, 0, 0, 0, 0, 0, -10000, 0
# TALK
# UPDATE
Hate Score: 0, 0, 0, 0, 0, 0, 0, 0, -10000, 0
# TALK
# UPDATE
Hate Score: 0, 0, 0, 0, 0, 0, 0, 0, -10000, 0
# TALK
# UPDATE
Hate Score: 0, 0, 0, 0, 0, 0, 0, 0, -10000, 0
# TALK
# UPDATE
Hate Score: 0, 0, 0, 0, 0, 0, 0, 0, -10000, 0
# TALK
# UPDATE
Hate Score: 0, 0, 0, 0, 0, 0, 0, 0, -10000, 0
# TALK
# UPDATE
Hate Score: 0, 0, 0, 0, 0, 0, 0, 0, -10000, 0
# TALK
# UPDATE
Hate Score: 0, 0, 0, 0, 0, 0, 0, 0, -10000, 0
# TALK
# UPDATE
Hate Score: 0, 0, 0, 0, 0, 0, 0, 0, -10000, 0
# TALK
# UPDATE
Hate Score: 0, 0, 0, 0, 0, 0, 0, 0, -10000, 0
# TALK
# UPDATE
Hate Score: 0, 0, 0, 0, 0, 0, 0, 0, -10000, 0
# UPDATE
Hate Score: 0, 0, 0, 0, 0, 0, 0, 0, -10000, 0
# VOTE: 1
# UPDATE
Hate Score: 0, 0, 0, 0, 0, 0, 0, 0, -10000, 0
# WHISPER
# UPDATE
Hate Score: 0, 0, 0, 0, 0, 0, 0, 0, -10000, 0
# WHISPER
# UPDATE
Hate Score: 0, 0, 0, 0, 0, 0, 0, 0, -10000, 0
# WHISPER
# UPDATE
Hate Score: 0, 0, 0, 0, 0, 0, 0, 0, -10000, 0
# WHISPER
# UPDATE
Hate Score: 0, 0, 0, 0, 0, 0, 0, 0, -10000, 0
# WHISPER
# UPDATE
Hate Score: 0, 0, 0, 0, 0, 0, 0, 0, -10000, 0
# WHISPER
# UPDATE
Hate Score: 0, 0, 0, 0, 0, 0, 0, 0, -10000, 0
# WHISPER
# UPDATE
Hate Score: 0, 0, 0, 0, 0, 0, 0, 0, -10000, 0
# WHISPER
# UPDATE
Hate Score: 0, 0, 0, 0, 0, 0, 0, 0, -10000, 0
# WHISPER
# UPDATE
Hate Score: 0, 0, 0, 0, 0, 0, 0, 0, -10000, 0
# WHISPER
# UPDATE
Hate Score: 0, 0, 0, 0, 0, 0, 0, 0, -10000, 0
# ATTACK: 1
# UPDATE
Hate Score: -10000, -10000, 0, 0, 0, 0, 0, 0, -10000, 0
# DAYSTART
# UPDATE
Hate Score: -10000, -10000, 0, 0, 0, 0, 0, 0, -10000, 0
# TALK
# UPDATE
Talking about me: VOTE Agent[09]
Hate Score: -10000, -10000, 10, 0, 0, 0, 0, 0, -10000, 0
# TALK
# UPDATE
Talking about me: REQUEST ANY (VOTE Agent[09])
Hate Score: -10000, -10000, 20, 0, 0, 0, 0, 0, -10000, 0
# TALK
# UPDATE
Hate Score: -10000, -10000, 20, 0, 0, 0, 0, 0, -10000, 0
# TALK
# UPDATE
Hate Score: -10000, -10000, 20, 0, 0, 0, 0, 0, -10000, 0
# TALK
# UPDATE
Hate Score: -10000, -10000, 20, 0, 0, 0, 0, 0, -10000, 0
# TALK
# UPDATE
Hate Score: -10000, -10000, 20, 0, 0, 0, 0, 0, -10000, 0
# TALK
# UPDATE
Hate Score: -10000, -10000, 20, 0, 0, 0, 0, 0, -10000, 0
# TALK
# UPDATE
Hate Score: -10000, -10000, 20, 0, 0, 0, 0, 0, -10000, 0
# TALK
# UPDATE
Hate Score: -10000, -10000, 20, 0, 0, 0, 0, 0, -10000, 0
# TALK
# UPDATE
Hate Score: -10000, -10000, 20, 0, 0, 0, 0, 0, -10000, 0
# UPDATE
Hate Score: -10000, -10000, 20, 0, 0, 0, 0, 0, -10000, 0
# VOTE: 3
# UPDATE
Agent 6 voted for me!
Hate Score: -10000, -10000, 20, 0, 0, 100, 0, 0, -10000, 0
# WHISPER
# UPDATE
Hate Score: -10000, -10000, 20, 0, 0, 100, 0, 0, -10000, 0
# WHISPER
# UPDATE
Hate Score: -10000, -10000, 20, 0, 0, 100, 0, 0, -10000, 0
# WHISPER
# UPDATE
Hate Score: -10000, -10000, 20, 0, 0, 100, 0, 0, -10000, 0
# WHISPER
# UPDATE
Hate Score: -10000, -10000, 20, 0, 0, 100, 0, 0, -10000, 0
# WHISPER
# UPDATE
Hate Score: -10000, -10000, 20, 0, 0, 100, 0, 0, -10000, 0
# WHISPER
# UPDATE
Hate Score: -10000, -10000, 20, 0, 0, 100, 0, 0, -10000, 0
# WHISPER
# UPDATE
Hate Score: -10000, -10000, 20, 0, 0, 100, 0, 0, -10000, 0
# WHISPER
# UPDATE
Hate Score: -10000, -10000, 20, 0, 0, 100, 0, 0, -10000, 0
# WHISPER
# UPDATE
Hate Score: -10000, -10000, 20, 0, 0, 100, 0, 0, -10000, 0
# WHISPER
# UPDATE
Hate Score: -10000, -10000, 20, 0, 0, 100, 0, 0, -10000, 0
# ATTACK: 6
# UPDATE
Hate Score: -20000, -20000, -9980, 0, 0, -9900, 0, 0, -10000, 0
# DAYSTART
# UPDATE
Hate Score: -20000, -20000, -9980, 0, 0, -9900, 0, 0, -10000, 0
# TALK
# UPDATE
Hate Score: -20000, -20000, -9980, 0, 0, -9900, 0, 0, -10000, 0
# TALK
# UPDATE
Hate Score: -20000, -20000, -9980, 0, 0, -9900, 0, 0, -10000, 0
# TALK
# UPDATE
Hate Score: -20000, -20000, -9980, 0, 0, -9900, 0, 0, -10000, 0
# TALK
# UPDATE
Hate Score: -20000, -20000, -9980, 0, 0, -9900, 0, 0, -10000, 0
# TALK
# UPDATE
Hate Score: -20000, -20000, -9980, 0, 0, -9900, 0, 0, -10000, 0
# TALK
# UPDATE
Hate Score: -20000, -20000, -9980, 0, 0, -9900, 0, 0, -10000, 0
# TALK
# UPDATE
Hate Score: -20000, -20000, -9980, 0, 0, -9900, 0, 0, -10000, 0
# TALK
# UPDATE
Hate Score: -20000, -20000, -9980, 0, 0, -9900, 0, 0, -10000, 0
# TALK
# UPDATE
Hate Score: -20000, -20000, -9980, 0, 0, -9900, 0, 0, -10000, 0
# TALK
# UPDATE
Hate Score: -20000, -20000, -9980, 0, 0, -9900, 0, 0, -10000, 0
# UPDATE
Hate Score: -20000, -20000, -9980, 0, 0, -9900, 0, 0, -10000, 0
# VOTE: 4
# UPDATE
Hate Score: -20000, -20000, -9980, 0, 0, -9900, 0, 0, -10000, 0
# WHISPER
# UPDATE
Hate Score: -20000, -20000, -9980, 0, 0, -9900, 0, 0, -10000, 0
# WHISPER
# UPDATE
Hate Score: -20000, -20000, -9980, 0, 0, -9900, 0, 0, -10000, 0
# WHISPER
# UPDATE
Hate Score: -20000, -20000, -9980, 0, 0, -9900, 0, 0, -10000, 0
# WHISPER
# UPDATE
Hate Score: -20000, -20000, -9980, 0, 0, -9900, 0, 0, -10000, 0
# WHISPER
# UPDATE
Hate Score: -20000, -20000, -9980, 0, 0, -9900, 0, 0, -10000, 0
# WHISPER
# UPDATE
Hate Score: -20000, -20000, -9980, 0, 0, -9900, 0, 0, -10000, 0
# WHISPER
# UPDATE
Hate Score: -20000, -20000, -9980, 0, 0, -9900, 0, 0, -10000, 0
# WHISPER
# UPDATE
Hate Score: -20000, -20000, -9980, 0, 0, -9900, 0, 0, -10000, 0
# WHISPER
# UPDATE
Hate Score: -20000, -20000, -9980, 0, 0, -9900, 0, 0, -10000, 0
# WHISPER
# UPDATE
Hate Score: -20000, -20000, -9980, 0, 0, -9900, 0, 0, -10000, 0
# ATTACK: 4
# UPDATE
Hate Score: -20000, -20000, -9980, 0, 0, -9900, 0, 0, -10000, 0
# ATTACK: 4
# UPDATE
Hate Score: -20000, -20000, -9980, 0, 0, -9900, 0, 0, -10000, 0
# FINISH
